<?xml version="1.0" encoding="utf-8"?>
<!DOCTYPE coverage SYSTEM "http://cobertura.sourceforge.net/xml/coverage-04.dtd">
<coverage line-rate="0.5696125907990315" branch-rate="0.40801186943620177" lines-covered="941" lines-valid="1652" branches-covered="275" branches-valid="674" complexity="781" version="0" timestamp="1610536316">
  <sources>
    <source>C:\Users\Laurynas\</source>
  </sources>
  <packages>
    <package name="DALs" line-rate="0.509090909090909" branch-rate="0.44375" complexity="185">
      <classes>
        <class name="DALs.AkcijuDAL" filename="C:\Users\Laurynas\source\repos\NasdaqBaltic\NasdaqBaltic\NasdaqBalticServices\Dals\AkcijuDAL.cs" line-rate="0.864406779661017" branch-rate="0.8333333333333334" complexity="17">
          <methods>
            <method name="Ivesti" signature="(...)" line-rate="1" branch-rate="1" complexity="1">
              <lines>
                <line number="27" hits="1" branch="false" />
                <line number="28" hits="1" branch="false" />
                <line number="29" hits="1" branch="false" />
                <line number="30" hits="1" branch="false" />
                <line number="32" hits="1" branch="false" />
                <line number="34" hits="1" branch="false" />
                <line number="35" hits="1" branch="false" />
              </lines>
            </method>
            <method name="GautiVisus" signature="()" line-rate="1" branch-rate="1" complexity="4">
              <lines>
                <line number="38" hits="1" branch="false" />
                <line number="39" hits="1" branch="false" />
                <line number="40" hits="1" branch="false" />
                <line number="42" hits="159" branch="true" condition-coverage="100% (2/2)" />
                <line number="43" hits="78" branch="false" />
                <line number="44" hits="78" branch="true" condition-coverage="100% (2/2)" />
                <line number="45" hits="78" branch="false" />
                <line number="46" hits="78" branch="false" />
                <line number="47" hits="78" branch="false" />
                <line number="48" hits="78" branch="false" />
                <line number="49" hits="78" branch="false" />
                <line number="51" hits="78" branch="false" />
                <line number="53" hits="1" branch="false" />
                <line number="54" hits="1" branch="false" />
              </lines>
            </method>
            <method name="GautiPagalKoda" signature="(...)" line-rate="0.9411764705882353" branch-rate="0.75" complexity="8">
              <lines>
                <line number="56" hits="19" branch="false" />
                <line number="57" hits="19" branch="true" condition-coverage="50% (1/2)" />
                <line number="58" hits="19" branch="false" />
                <line number="59" hits="19" branch="false" />
                <line number="60" hits="19" branch="false" />
                <line number="61" hits="95" branch="true" condition-coverage="100% (2/2)" />
                <line number="62" hits="19" branch="false" />
                <line number="63" hits="19" branch="true" condition-coverage="75% (3/4)" />
                <line number="64" hits="19" branch="false" />
                <line number="65" hits="19" branch="false" />
                <line number="66" hits="19" branch="false" />
                <line number="67" hits="19" branch="false" />
                <line number="68" hits="19" branch="false" />
                <line number="70" hits="19" branch="false" />
                <line number="71" hits="19" branch="false" />
                <line number="73" hits="0" branch="false" />
                <line number="74" hits="19" branch="false" />
              </lines>
            </method>
            <method name="Atnaujinti" signature="(...)" line-rate="1" branch-rate="1" complexity="1">
              <lines>
                <line number="77" hits="2" branch="false" />
                <line number="78" hits="2" branch="false" />
                <line number="79" hits="2" branch="false" />
                <line number="80" hits="2" branch="false" />
                <line number="82" hits="2" branch="false" />
                <line number="84" hits="2" branch="false" />
                <line number="85" hits="2" branch="false" />
              </lines>
            </method>
            <method name="Istrinti" signature="(...)" line-rate="1" branch-rate="1" complexity="1">
              <lines>
                <line number="88" hits="10" branch="false" />
                <line number="89" hits="10" branch="false" />
                <line number="90" hits="10" branch="false" />
              </lines>
            </method>
            <method name=".ctor" signature="()" line-rate="0.5714285714285714" branch-rate="1" complexity="1">
              <lines>
                <line number="14" hits="0" branch="false" />
                <line number="15" hits="0" branch="false" />
                <line number="16" hits="0" branch="false" />
                <line number="18" hits="6" branch="false" />
                <line number="19" hits="6" branch="false" />
                <line number="20" hits="6" branch="false" />
                <line number="21" hits="6" branch="false" />
              </lines>
            </method>
            <method name=".ctor" signature="(...)" line-rate="0" branch-rate="1" complexity="1">
              <lines>
                <line number="22" hits="0" branch="false" />
                <line number="23" hits="0" branch="false" />
                <line number="24" hits="0" branch="false" />
                <line number="25" hits="0" branch="false" />
              </lines>
            </method>
          </methods>
          <lines>
            <line number="14" hits="0" branch="false" />
            <line number="15" hits="0" branch="false" />
            <line number="16" hits="0" branch="false" />
            <line number="18" hits="6" branch="false" />
            <line number="19" hits="6" branch="false" />
            <line number="20" hits="6" branch="false" />
            <line number="21" hits="6" branch="false" />
            <line number="22" hits="0" branch="false" />
            <line number="23" hits="0" branch="false" />
            <line number="24" hits="0" branch="false" />
            <line number="25" hits="0" branch="false" />
            <line number="27" hits="1" branch="false" />
            <line number="28" hits="1" branch="false" />
            <line number="29" hits="1" branch="false" />
            <line number="30" hits="1" branch="false" />
            <line number="32" hits="1" branch="false" />
            <line number="34" hits="1" branch="false" />
            <line number="35" hits="1" branch="false" />
            <line number="38" hits="1" branch="false" />
            <line number="39" hits="1" branch="false" />
            <line number="40" hits="1" branch="false" />
            <line number="42" hits="159" branch="true" condition-coverage="100% (2/2)" />
            <line number="43" hits="78" branch="false" />
            <line number="44" hits="78" branch="true" condition-coverage="100% (2/2)" />
            <line number="45" hits="78" branch="false" />
            <line number="46" hits="78" branch="false" />
            <line number="47" hits="78" branch="false" />
            <line number="48" hits="78" branch="false" />
            <line number="49" hits="78" branch="false" />
            <line number="51" hits="78" branch="false" />
            <line number="53" hits="1" branch="false" />
            <line number="54" hits="1" branch="false" />
            <line number="56" hits="19" branch="false" />
            <line number="57" hits="19" branch="true" condition-coverage="50% (1/2)" />
            <line number="58" hits="19" branch="false" />
            <line number="59" hits="19" branch="false" />
            <line number="60" hits="19" branch="false" />
            <line number="61" hits="95" branch="true" condition-coverage="100% (2/2)" />
            <line number="62" hits="19" branch="false" />
            <line number="63" hits="19" branch="true" condition-coverage="75% (3/4)" />
            <line number="64" hits="19" branch="false" />
            <line number="65" hits="19" branch="false" />
            <line number="66" hits="19" branch="false" />
            <line number="67" hits="19" branch="false" />
            <line number="68" hits="19" branch="false" />
            <line number="70" hits="19" branch="false" />
            <line number="71" hits="19" branch="false" />
            <line number="73" hits="0" branch="false" />
            <line number="74" hits="19" branch="false" />
            <line number="77" hits="2" branch="false" />
            <line number="78" hits="2" branch="false" />
            <line number="79" hits="2" branch="false" />
            <line number="80" hits="2" branch="false" />
            <line number="82" hits="2" branch="false" />
            <line number="84" hits="2" branch="false" />
            <line number="85" hits="2" branch="false" />
            <line number="88" hits="10" branch="false" />
            <line number="89" hits="10" branch="false" />
            <line number="90" hits="10" branch="false" />
          </lines>
        </class>
        <class name="DALs.FinansinesInformacijosDAL" filename="C:\Users\Laurynas\source\repos\NasdaqBaltic\NasdaqBaltic\NasdaqBalticServices\Dals\FinansinesInformacijosDAL.cs" line-rate="0.2638888888888889" branch-rate="0.24242424242424243" complexity="71">
          <methods>
            <method name="GautiVisus" signature="()" line-rate="1" branch-rate="0.875" complexity="8">
              <lines>
                <line number="26" hits="2" branch="false" />
                <line number="27" hits="2" branch="false" />
                <line number="28" hits="2" branch="false" />
                <line number="29" hits="2" branch="true" condition-coverage="75% (3/4)" />
                <line number="30" hits="73064" branch="true" condition-coverage="100% (2/2)" />
                <line number="31" hits="36529" branch="false" />
                <line number="32" hits="36529" branch="true" condition-coverage="100% (2/2)" />
                <line number="33" hits="36529" branch="false" />
                <line number="34" hits="36529" branch="false" />
                <line number="35" hits="36529" branch="false" />
                <line number="37" hits="36529" branch="false" />
                <line number="39" hits="2" branch="false" />
                <line number="40" hits="2" branch="false" />
              </lines>
            </method>
            <method name="Ivesti" signature="(...)" line-rate="1" branch-rate="1" complexity="1">
              <lines>
                <line number="42" hits="58" branch="false" />
                <line number="43" hits="58" branch="false" />
                <line number="44" hits="58" branch="false" />
                <line number="46" hits="58" branch="false" />
                <line number="48" hits="58" branch="false" />
                <line number="49" hits="58" branch="false" />
              </lines>
            </method>
            <method name="Atnaujinti" signature="(...)" line-rate="0" branch-rate="1" complexity="1">
              <lines>
                <line number="51" hits="0" branch="false" />
                <line number="52" hits="0" branch="false" />
                <line number="53" hits="0" branch="false" />
                <line number="54" hits="0" branch="false" />
                <line number="56" hits="0" branch="false" />
                <line number="58" hits="0" branch="false" />
                <line number="59" hits="0" branch="false" />
              </lines>
            </method>
            <method name="Istrinti" signature="(...)" line-rate="0" branch-rate="1" complexity="1">
              <lines>
                <line number="62" hits="0" branch="false" />
                <line number="63" hits="0" branch="false" />
                <line number="64" hits="0" branch="false" />
              </lines>
            </method>
            <method name="GautiPagalKodaNaujausia" signature="(...)" line-rate="0.9375" branch-rate="0.75" complexity="12">
              <lines>
                <line number="66" hits="97" branch="false" />
                <line number="67" hits="97" branch="true" condition-coverage="50% (1/2)" />
                <line number="68" hits="97" branch="false" />
                <line number="69" hits="97" branch="false" />
                <line number="70" hits="97" branch="false" />
                <line number="71" hits="97" branch="true" condition-coverage="75% (3/4)" />
                <line number="72" hits="465" branch="true" condition-coverage="100% (2/2)" />
                <line number="73" hits="93" branch="false" />
                <line number="74" hits="93" branch="true" condition-coverage="75% (3/4)" />
                <line number="75" hits="93" branch="false" />
                <line number="76" hits="93" branch="false" />
                <line number="77" hits="93" branch="false" />
                <line number="79" hits="93" branch="false" />
                <line number="80" hits="97" branch="false" />
                <line number="82" hits="0" branch="false" />
                <line number="83" hits="97" branch="false" />
              </lines>
            </method>
            <method name="GautiPagalId" signature="(...)" line-rate="0" branch-rate="0" complexity="8">
              <lines>
                <line number="85" hits="0" branch="false" />
                <line number="86" hits="0" branch="true" condition-coverage="0% (0/2)" />
                <line number="87" hits="0" branch="false" />
                <line number="88" hits="0" branch="false" />
                <line number="89" hits="0" branch="false" />
                <line number="90" hits="0" branch="true" condition-coverage="0% (0/2)" />
                <line number="91" hits="0" branch="false" />
                <line number="92" hits="0" branch="true" condition-coverage="0% (0/4)" />
                <line number="93" hits="0" branch="false" />
                <line number="94" hits="0" branch="false" />
                <line number="95" hits="0" branch="false" />
                <line number="97" hits="0" branch="false" />
                <line number="98" hits="0" branch="false" />
                <line number="100" hits="0" branch="false" />
                <line number="101" hits="0" branch="false" />
              </lines>
            </method>
            <method name="GautiStatistikas" signature="(...)" line-rate="0" branch-rate="0" complexity="38">
              <lines>
                <line number="103" hits="0" branch="false" />
                <line number="104" hits="0" branch="true" condition-coverage="0% (0/2)" />
                <line number="105" hits="0" branch="false" />
                <line number="106" hits="0" branch="false" />
                <line number="107" hits="0" branch="false" />
                <line number="108" hits="0" branch="false" />
                <line number="109" hits="0" branch="false" />
                <line number="110" hits="0" branch="true" condition-coverage="0% (0/2)" />
                <line number="111" hits="0" branch="false" />
                <line number="112" hits="0" branch="true" condition-coverage="0% (0/2)" />
                <line number="113" hits="0" branch="false" />
                <line number="114" hits="0" branch="false" />
                <line number="115" hits="0" branch="false" />
                <line number="117" hits="0" branch="false" />
                <line number="120" hits="0" branch="true" condition-coverage="0% (0/2)" />
                <line number="121" hits="0" branch="false" />
                <line number="122" hits="0" branch="true" condition-coverage="0% (0/2)" />
                <line number="123" hits="0" branch="true" condition-coverage="0% (0/2)" />
                <line number="124" hits="0" branch="false" />
                <line number="125" hits="0" branch="false" />
                <line number="126" hits="0" branch="false" />
                <line number="128" hits="0" branch="false" />
                <line number="129" hits="0" branch="true" condition-coverage="0% (0/4)" />
                <line number="130" hits="0" branch="false" />
                <line number="131" hits="0" branch="false" />
                <line number="133" hits="0" branch="false" />
                <line number="134" hits="0" branch="false" />
                <line number="135" hits="0" branch="false" />
                <line number="137" hits="0" branch="true" condition-coverage="0% (0/2)" />
                <line number="138" hits="0" branch="false" />
                <line number="139" hits="0" branch="false" />
                <line number="140" hits="0" branch="false" />
                <line number="141" hits="0" branch="false" />
                <line number="142" hits="0" branch="false" />
                <line number="144" hits="0" branch="true" condition-coverage="0% (0/2)" />
                <line number="145" hits="0" branch="false" />
                <line number="146" hits="0" branch="true" condition-coverage="0% (0/2)" />
                <line number="147" hits="0" branch="false" />
                <line number="148" hits="0" branch="false" />
                <line number="149" hits="0" branch="false" />
                <line number="150" hits="0" branch="false" />
                <line number="151" hits="0" branch="true" condition-coverage="0% (0/2)" />
                <line number="152" hits="0" branch="false" />
                <line number="153" hits="0" branch="false" />
                <line number="154" hits="0" branch="false" />
                <line number="155" hits="0" branch="false" />
                <line number="156" hits="0" branch="false" />
                <line number="157" hits="0" branch="true" condition-coverage="0% (0/4)" />
                <line number="158" hits="0" branch="false" />
                <line number="160" hits="0" branch="false" />
                <line number="161" hits="0" branch="true" condition-coverage="0% (0/4)" />
                <line number="162" hits="0" branch="false" />
                <line number="164" hits="0" branch="false" />
                <line number="166" hits="0" branch="false" />
                <line number="167" hits="0" branch="false" />
                <line number="168" hits="0" branch="false" />
                <line number="170" hits="0" branch="false" />
                <line number="171" hits="0" branch="false" />
                <line number="173" hits="0" branch="false" />
                <line number="175" hits="0" branch="true" condition-coverage="0% (0/4)" />
                <line number="176" hits="0" branch="false" />
                <line number="177" hits="0" branch="true" condition-coverage="0% (0/2)" />
                <line number="178" hits="0" branch="false" />
                <line number="179" hits="0" branch="false" />
                <line number="180" hits="0" branch="false" />
                <line number="181" hits="0" branch="false" />
                <line number="183" hits="0" branch="false" />
                <line number="185" hits="0" branch="false" />
                <line number="186" hits="0" branch="false" />
                <line number="187" hits="0" branch="false" />
                <line number="188" hits="0" branch="false" />
                <line number="189" hits="0" branch="false" />
                <line number="191" hits="0" branch="false" />
                <line number="193" hits="0" branch="false" />
                <line number="194" hits="0" branch="false" />
              </lines>
            </method>
            <method name=".ctor" signature="()" line-rate="0.8" branch-rate="1" complexity="1">
              <lines>
                <line number="15" hits="0" branch="false" />
                <line number="17" hits="10" branch="false" />
                <line number="18" hits="10" branch="false" />
                <line number="19" hits="10" branch="false" />
                <line number="20" hits="10" branch="false" />
              </lines>
            </method>
            <method name=".ctor" signature="(...)" line-rate="0" branch-rate="1" complexity="1">
              <lines>
                <line number="21" hits="0" branch="false" />
                <line number="22" hits="0" branch="false" />
                <line number="23" hits="0" branch="false" />
                <line number="24" hits="0" branch="false" />
              </lines>
            </method>
          </methods>
          <lines>
            <line number="15" hits="0" branch="false" />
            <line number="17" hits="10" branch="false" />
            <line number="18" hits="10" branch="false" />
            <line number="19" hits="10" branch="false" />
            <line number="20" hits="10" branch="false" />
            <line number="21" hits="0" branch="false" />
            <line number="22" hits="0" branch="false" />
            <line number="23" hits="0" branch="false" />
            <line number="24" hits="0" branch="false" />
            <line number="26" hits="2" branch="false" />
            <line number="27" hits="2" branch="false" />
            <line number="28" hits="2" branch="false" />
            <line number="29" hits="2" branch="true" condition-coverage="75% (3/4)" />
            <line number="30" hits="73064" branch="true" condition-coverage="100% (2/2)" />
            <line number="31" hits="36529" branch="false" />
            <line number="32" hits="36529" branch="true" condition-coverage="100% (2/2)" />
            <line number="33" hits="36529" branch="false" />
            <line number="34" hits="36529" branch="false" />
            <line number="35" hits="36529" branch="false" />
            <line number="37" hits="36529" branch="false" />
            <line number="39" hits="2" branch="false" />
            <line number="40" hits="2" branch="false" />
            <line number="42" hits="58" branch="false" />
            <line number="43" hits="58" branch="false" />
            <line number="44" hits="58" branch="false" />
            <line number="46" hits="58" branch="false" />
            <line number="48" hits="58" branch="false" />
            <line number="49" hits="58" branch="false" />
            <line number="51" hits="0" branch="false" />
            <line number="52" hits="0" branch="false" />
            <line number="53" hits="0" branch="false" />
            <line number="54" hits="0" branch="false" />
            <line number="56" hits="0" branch="false" />
            <line number="58" hits="0" branch="false" />
            <line number="59" hits="0" branch="false" />
            <line number="62" hits="0" branch="false" />
            <line number="63" hits="0" branch="false" />
            <line number="64" hits="0" branch="false" />
            <line number="66" hits="97" branch="false" />
            <line number="67" hits="97" branch="true" condition-coverage="50% (1/2)" />
            <line number="68" hits="97" branch="false" />
            <line number="69" hits="97" branch="false" />
            <line number="70" hits="97" branch="false" />
            <line number="71" hits="97" branch="true" condition-coverage="75% (3/4)" />
            <line number="72" hits="465" branch="true" condition-coverage="100% (2/2)" />
            <line number="73" hits="93" branch="false" />
            <line number="74" hits="93" branch="true" condition-coverage="75% (3/4)" />
            <line number="75" hits="93" branch="false" />
            <line number="76" hits="93" branch="false" />
            <line number="77" hits="93" branch="false" />
            <line number="79" hits="93" branch="false" />
            <line number="80" hits="97" branch="false" />
            <line number="82" hits="0" branch="false" />
            <line number="83" hits="97" branch="false" />
            <line number="85" hits="0" branch="false" />
            <line number="86" hits="0" branch="true" condition-coverage="0% (0/2)" />
            <line number="87" hits="0" branch="false" />
            <line number="88" hits="0" branch="false" />
            <line number="89" hits="0" branch="false" />
            <line number="90" hits="0" branch="true" condition-coverage="0% (0/2)" />
            <line number="91" hits="0" branch="false" />
            <line number="92" hits="0" branch="true" condition-coverage="0% (0/4)" />
            <line number="93" hits="0" branch="false" />
            <line number="94" hits="0" branch="false" />
            <line number="95" hits="0" branch="false" />
            <line number="97" hits="0" branch="false" />
            <line number="98" hits="0" branch="false" />
            <line number="100" hits="0" branch="false" />
            <line number="101" hits="0" branch="false" />
            <line number="103" hits="0" branch="false" />
            <line number="104" hits="0" branch="true" condition-coverage="0% (0/2)" />
            <line number="105" hits="0" branch="false" />
            <line number="106" hits="0" branch="false" />
            <line number="107" hits="0" branch="false" />
            <line number="108" hits="0" branch="false" />
            <line number="109" hits="0" branch="false" />
            <line number="110" hits="0" branch="true" condition-coverage="0% (0/2)" />
            <line number="111" hits="0" branch="false" />
            <line number="112" hits="0" branch="true" condition-coverage="0% (0/2)" />
            <line number="113" hits="0" branch="false" />
            <line number="114" hits="0" branch="false" />
            <line number="115" hits="0" branch="false" />
            <line number="117" hits="0" branch="false" />
            <line number="120" hits="0" branch="true" condition-coverage="0% (0/2)" />
            <line number="121" hits="0" branch="false" />
            <line number="122" hits="0" branch="true" condition-coverage="0% (0/2)" />
            <line number="123" hits="0" branch="true" condition-coverage="0% (0/2)" />
            <line number="124" hits="0" branch="false" />
            <line number="125" hits="0" branch="false" />
            <line number="126" hits="0" branch="false" />
            <line number="128" hits="0" branch="false" />
            <line number="129" hits="0" branch="true" condition-coverage="0% (0/4)" />
            <line number="130" hits="0" branch="false" />
            <line number="131" hits="0" branch="false" />
            <line number="133" hits="0" branch="false" />
            <line number="134" hits="0" branch="false" />
            <line number="135" hits="0" branch="false" />
            <line number="137" hits="0" branch="true" condition-coverage="0% (0/2)" />
            <line number="138" hits="0" branch="false" />
            <line number="139" hits="0" branch="false" />
            <line number="140" hits="0" branch="false" />
            <line number="141" hits="0" branch="false" />
            <line number="142" hits="0" branch="false" />
            <line number="144" hits="0" branch="true" condition-coverage="0% (0/2)" />
            <line number="145" hits="0" branch="false" />
            <line number="146" hits="0" branch="true" condition-coverage="0% (0/2)" />
            <line number="147" hits="0" branch="false" />
            <line number="148" hits="0" branch="false" />
            <line number="149" hits="0" branch="false" />
            <line number="150" hits="0" branch="false" />
            <line number="151" hits="0" branch="true" condition-coverage="0% (0/2)" />
            <line number="152" hits="0" branch="false" />
            <line number="153" hits="0" branch="false" />
            <line number="154" hits="0" branch="false" />
            <line number="155" hits="0" branch="false" />
            <line number="156" hits="0" branch="false" />
            <line number="157" hits="0" branch="true" condition-coverage="0% (0/4)" />
            <line number="158" hits="0" branch="false" />
            <line number="160" hits="0" branch="false" />
            <line number="161" hits="0" branch="true" condition-coverage="0% (0/4)" />
            <line number="162" hits="0" branch="false" />
            <line number="164" hits="0" branch="false" />
            <line number="166" hits="0" branch="false" />
            <line number="167" hits="0" branch="false" />
            <line number="168" hits="0" branch="false" />
            <line number="170" hits="0" branch="false" />
            <line number="171" hits="0" branch="false" />
            <line number="173" hits="0" branch="false" />
            <line number="175" hits="0" branch="true" condition-coverage="0% (0/4)" />
            <line number="176" hits="0" branch="false" />
            <line number="177" hits="0" branch="true" condition-coverage="0% (0/2)" />
            <line number="178" hits="0" branch="false" />
            <line number="179" hits="0" branch="false" />
            <line number="180" hits="0" branch="false" />
            <line number="181" hits="0" branch="false" />
            <line number="183" hits="0" branch="false" />
            <line number="185" hits="0" branch="false" />
            <line number="186" hits="0" branch="false" />
            <line number="187" hits="0" branch="false" />
            <line number="188" hits="0" branch="false" />
            <line number="189" hits="0" branch="false" />
            <line number="191" hits="0" branch="false" />
            <line number="193" hits="0" branch="false" />
            <line number="194" hits="0" branch="false" />
          </lines>
        </class>
        <class name="DALs.LoginIrRegistracijosDAL" filename="C:\Users\Laurynas\source\repos\NasdaqBaltic\NasdaqBaltic\NasdaqBalticServices\Dals\LoginIrRegistracijosDAL.cs" line-rate="0" branch-rate="0" complexity="21">
          <methods>
            <method name="Ivesti" signature="(...)" line-rate="0" branch-rate="1" complexity="1">
              <lines>
                <line number="23" hits="0" branch="false" />
                <line number="24" hits="0" branch="false" />
                <line number="25" hits="0" branch="false" />
                <line number="26" hits="0" branch="false" />
                <line number="28" hits="0" branch="false" />
                <line number="30" hits="0" branch="false" />
                <line number="31" hits="0" branch="false" />
              </lines>
            </method>
            <method name="ArTeisingiLogin" signature="(...)" line-rate="0" branch-rate="0" complexity="18">
              <lines>
                <line number="33" hits="0" branch="false" />
                <line number="34" hits="0" branch="false" />
                <line number="35" hits="0" branch="true" condition-coverage="0% (0/4)" />
                <line number="36" hits="0" branch="false" />
                <line number="37" hits="0" branch="false" />
                <line number="38" hits="0" branch="false" />
                <line number="39" hits="0" branch="true" condition-coverage="0% (0/4)" />
                <line number="40" hits="0" branch="true" condition-coverage="0% (0/2)" />
                <line number="41" hits="0" branch="false" />
                <line number="42" hits="0" branch="true" condition-coverage="0% (0/4)" />
                <line number="43" hits="0" branch="false" />
                <line number="44" hits="0" branch="false" />
                <line number="45" hits="0" branch="false" />
                <line number="46" hits="0" branch="false" />
                <line number="47" hits="0" branch="true" condition-coverage="0% (0/4)" />
                <line number="48" hits="0" branch="false" />
                <line number="49" hits="0" branch="false" />
                <line number="50" hits="0" branch="false" />
                <line number="51" hits="0" branch="false" />
                <line number="53" hits="0" branch="false" />
                <line number="54" hits="0" branch="false" />
                <line number="55" hits="0" branch="false" />
              </lines>
            </method>
            <method name=".ctor" signature="()" line-rate="0" branch-rate="1" complexity="1">
              <lines>
                <line number="12" hits="0" branch="false" />
                <line number="14" hits="0" branch="false" />
                <line number="15" hits="0" branch="false" />
                <line number="16" hits="0" branch="false" />
                <line number="17" hits="0" branch="false" />
              </lines>
            </method>
            <method name=".ctor" signature="(...)" line-rate="0" branch-rate="1" complexity="1">
              <lines>
                <line number="18" hits="0" branch="false" />
                <line number="19" hits="0" branch="false" />
                <line number="20" hits="0" branch="false" />
                <line number="21" hits="0" branch="false" />
              </lines>
            </method>
          </methods>
          <lines>
            <line number="12" hits="0" branch="false" />
            <line number="14" hits="0" branch="false" />
            <line number="15" hits="0" branch="false" />
            <line number="16" hits="0" branch="false" />
            <line number="17" hits="0" branch="false" />
            <line number="18" hits="0" branch="false" />
            <line number="19" hits="0" branch="false" />
            <line number="20" hits="0" branch="false" />
            <line number="21" hits="0" branch="false" />
            <line number="23" hits="0" branch="false" />
            <line number="24" hits="0" branch="false" />
            <line number="25" hits="0" branch="false" />
            <line number="26" hits="0" branch="false" />
            <line number="28" hits="0" branch="false" />
            <line number="30" hits="0" branch="false" />
            <line number="31" hits="0" branch="false" />
            <line number="33" hits="0" branch="false" />
            <line number="34" hits="0" branch="false" />
            <line number="35" hits="0" branch="true" condition-coverage="0% (0/4)" />
            <line number="36" hits="0" branch="false" />
            <line number="37" hits="0" branch="false" />
            <line number="38" hits="0" branch="false" />
            <line number="39" hits="0" branch="true" condition-coverage="0% (0/4)" />
            <line number="40" hits="0" branch="true" condition-coverage="0% (0/2)" />
            <line number="41" hits="0" branch="false" />
            <line number="42" hits="0" branch="true" condition-coverage="0% (0/4)" />
            <line number="43" hits="0" branch="false" />
            <line number="44" hits="0" branch="false" />
            <line number="45" hits="0" branch="false" />
            <line number="46" hits="0" branch="false" />
            <line number="47" hits="0" branch="true" condition-coverage="0% (0/4)" />
            <line number="48" hits="0" branch="false" />
            <line number="49" hits="0" branch="false" />
            <line number="50" hits="0" branch="false" />
            <line number="51" hits="0" branch="false" />
            <line number="53" hits="0" branch="false" />
            <line number="54" hits="0" branch="false" />
            <line number="55" hits="0" branch="false" />
          </lines>
        </class>
        <class name="DALs.PapildomosInformacijosDAL" filename="C:\Users\Laurynas\source\repos\NasdaqBaltic\NasdaqBaltic\NasdaqBalticServices\Dals\PapildomosInformacijosDAL.cs" line-rate="0.2903225806451613" branch-rate="0.3" complexity="25">
          <methods>
            <method name="GautiVisus" signature="()" line-rate="0" branch-rate="0" complexity="4">
              <lines>
                <line number="26" hits="0" branch="false" />
                <line number="27" hits="0" branch="false" />
                <line number="28" hits="0" branch="false" />
                <line number="29" hits="0" branch="true" condition-coverage="0% (0/2)" />
                <line number="30" hits="0" branch="false" />
                <line number="31" hits="0" branch="true" condition-coverage="0% (0/2)" />
                <line number="32" hits="0" branch="false" />
                <line number="33" hits="0" branch="false" />
                <line number="34" hits="0" branch="false" />
                <line number="35" hits="0" branch="false" />
                <line number="37" hits="0" branch="false" />
                <line number="38" hits="0" branch="false" />
              </lines>
            </method>
            <method name="Ivesti" signature="(...)" line-rate="0" branch-rate="1" complexity="1">
              <lines>
                <line number="40" hits="0" branch="false" />
                <line number="41" hits="0" branch="false" />
                <line number="43" hits="0" branch="false" />
                <line number="44" hits="0" branch="false" />
              </lines>
            </method>
            <method name="Atnaujinti" signature="(...)" line-rate="0" branch-rate="1" complexity="1">
              <lines>
                <line number="46" hits="0" branch="false" />
                <line number="47" hits="0" branch="false" />
                <line number="49" hits="0" branch="false" />
                <line number="50" hits="0" branch="false" />
              </lines>
            </method>
            <method name="Istrinti" signature="(...)" line-rate="0" branch-rate="1" complexity="1">
              <lines>
                <line number="53" hits="0" branch="false" />
                <line number="54" hits="0" branch="false" />
                <line number="55" hits="0" branch="false" />
              </lines>
            </method>
            <method name="GautiPagalKoda" signature="(...)" line-rate="0.9333333333333333" branch-rate="0.75" complexity="8">
              <lines>
                <line number="57" hits="97" branch="false" />
                <line number="58" hits="97" branch="true" condition-coverage="50% (1/2)" />
                <line number="59" hits="97" branch="false" />
                <line number="60" hits="97" branch="false" />
                <line number="61" hits="97" branch="false" />
                <line number="62" hits="473" branch="true" condition-coverage="100% (2/2)" />
                <line number="63" hits="91" branch="false" />
                <line number="64" hits="91" branch="true" condition-coverage="75% (3/4)" />
                <line number="65" hits="91" branch="false" />
                <line number="66" hits="91" branch="false" />
                <line number="67" hits="91" branch="false" />
                <line number="68" hits="91" branch="false" />
                <line number="69" hits="97" branch="false" />
                <line number="71" hits="0" branch="false" />
                <line number="72" hits="97" branch="false" />
              </lines>
            </method>
            <method name="GautiPagalId" signature="(...)" line-rate="0" branch-rate="0" complexity="8">
              <lines>
                <line number="74" hits="0" branch="false" />
                <line number="75" hits="0" branch="true" condition-coverage="0% (0/2)" />
                <line number="76" hits="0" branch="false" />
                <line number="77" hits="0" branch="false" />
                <line number="78" hits="0" branch="false" />
                <line number="79" hits="0" branch="true" condition-coverage="0% (0/2)" />
                <line number="80" hits="0" branch="false" />
                <line number="81" hits="0" branch="true" condition-coverage="0% (0/4)" />
                <line number="82" hits="0" branch="false" />
                <line number="83" hits="0" branch="false" />
                <line number="84" hits="0" branch="false" />
                <line number="86" hits="0" branch="false" />
                <line number="87" hits="0" branch="false" />
                <line number="89" hits="0" branch="false" />
                <line number="90" hits="0" branch="false" />
              </lines>
            </method>
            <method name=".ctor" signature="()" line-rate="0.8" branch-rate="1" complexity="1">
              <lines>
                <line number="15" hits="0" branch="false" />
                <line number="17" hits="8" branch="false" />
                <line number="18" hits="8" branch="false" />
                <line number="19" hits="8" branch="false" />
                <line number="20" hits="8" branch="false" />
              </lines>
            </method>
            <method name=".ctor" signature="(...)" line-rate="0" branch-rate="1" complexity="1">
              <lines>
                <line number="21" hits="0" branch="false" />
                <line number="22" hits="0" branch="false" />
                <line number="23" hits="0" branch="false" />
                <line number="24" hits="0" branch="false" />
              </lines>
            </method>
          </methods>
          <lines>
            <line number="15" hits="0" branch="false" />
            <line number="17" hits="8" branch="false" />
            <line number="18" hits="8" branch="false" />
            <line number="19" hits="8" branch="false" />
            <line number="20" hits="8" branch="false" />
            <line number="21" hits="0" branch="false" />
            <line number="22" hits="0" branch="false" />
            <line number="23" hits="0" branch="false" />
            <line number="24" hits="0" branch="false" />
            <line number="26" hits="0" branch="false" />
            <line number="27" hits="0" branch="false" />
            <line number="28" hits="0" branch="false" />
            <line number="29" hits="0" branch="true" condition-coverage="0% (0/2)" />
            <line number="30" hits="0" branch="false" />
            <line number="31" hits="0" branch="true" condition-coverage="0% (0/2)" />
            <line number="32" hits="0" branch="false" />
            <line number="33" hits="0" branch="false" />
            <line number="34" hits="0" branch="false" />
            <line number="35" hits="0" branch="false" />
            <line number="37" hits="0" branch="false" />
            <line number="38" hits="0" branch="false" />
            <line number="40" hits="0" branch="false" />
            <line number="41" hits="0" branch="false" />
            <line number="43" hits="0" branch="false" />
            <line number="44" hits="0" branch="false" />
            <line number="46" hits="0" branch="false" />
            <line number="47" hits="0" branch="false" />
            <line number="49" hits="0" branch="false" />
            <line number="50" hits="0" branch="false" />
            <line number="53" hits="0" branch="false" />
            <line number="54" hits="0" branch="false" />
            <line number="55" hits="0" branch="false" />
            <line number="57" hits="97" branch="false" />
            <line number="58" hits="97" branch="true" condition-coverage="50% (1/2)" />
            <line number="59" hits="97" branch="false" />
            <line number="60" hits="97" branch="false" />
            <line number="61" hits="97" branch="false" />
            <line number="62" hits="473" branch="true" condition-coverage="100% (2/2)" />
            <line number="63" hits="91" branch="false" />
            <line number="64" hits="91" branch="true" condition-coverage="75% (3/4)" />
            <line number="65" hits="91" branch="false" />
            <line number="66" hits="91" branch="false" />
            <line number="67" hits="91" branch="false" />
            <line number="68" hits="91" branch="false" />
            <line number="69" hits="97" branch="false" />
            <line number="71" hits="0" branch="false" />
            <line number="72" hits="97" branch="false" />
            <line number="74" hits="0" branch="false" />
            <line number="75" hits="0" branch="true" condition-coverage="0% (0/2)" />
            <line number="76" hits="0" branch="false" />
            <line number="77" hits="0" branch="false" />
            <line number="78" hits="0" branch="false" />
            <line number="79" hits="0" branch="true" condition-coverage="0% (0/2)" />
            <line number="80" hits="0" branch="false" />
            <line number="81" hits="0" branch="true" condition-coverage="0% (0/4)" />
            <line number="82" hits="0" branch="false" />
            <line number="83" hits="0" branch="false" />
            <line number="84" hits="0" branch="false" />
            <line number="86" hits="0" branch="false" />
            <line number="87" hits="0" branch="false" />
            <line number="89" hits="0" branch="false" />
            <line number="90" hits="0" branch="false" />
          </lines>
        </class>
        <class name="DALs.VartotojasDAL" filename="C:\Users\Laurynas\source\repos\NasdaqBaltic\NasdaqBaltic\NasdaqBalticServices\Dals\VartotojasDAL.cs" line-rate="0.7727272727272727" branch-rate="0.8333333333333334" complexity="16">
          <methods>
            <method name="GautiVisus" signature="()" line-rate="1" branch-rate="1" complexity="4">
              <lines>
                <line number="24" hits="1" branch="false" />
                <line number="25" hits="1" branch="false" />
                <line number="26" hits="1" branch="false" />
                <line number="28" hits="49" branch="true" condition-coverage="100% (2/2)" />
                <line number="29" hits="23" branch="false" />
                <line number="30" hits="23" branch="true" condition-coverage="100% (2/2)" />
                <line number="31" hits="23" branch="false" />
                <line number="32" hits="23" branch="false" />
                <line number="34" hits="23" branch="false" />
                <line number="36" hits="23" branch="false" />
                <line number="38" hits="1" branch="false" />
                <line number="39" hits="1" branch="false" />
              </lines>
            </method>
            <method name="GautiPagalId" signature="(...)" line-rate="0.9333333333333333" branch-rate="0.75" complexity="8">
              <lines>
                <line number="41" hits="1" branch="false" />
                <line number="42" hits="1" branch="true" condition-coverage="50% (1/2)" />
                <line number="43" hits="1" branch="false" />
                <line number="44" hits="1" branch="false" />
                <line number="45" hits="1" branch="false" />
                <line number="46" hits="5" branch="true" condition-coverage="100% (2/2)" />
                <line number="47" hits="1" branch="false" />
                <line number="48" hits="1" branch="true" condition-coverage="75% (3/4)" />
                <line number="49" hits="1" branch="false" />
                <line number="50" hits="1" branch="false" />
                <line number="51" hits="1" branch="false" />
                <line number="53" hits="1" branch="false" />
                <line number="54" hits="1" branch="false" />
                <line number="56" hits="0" branch="false" />
                <line number="57" hits="1" branch="false" />
              </lines>
            </method>
            <method name="Atnaujinti" signature="(...)" line-rate="1" branch-rate="1" complexity="1">
              <lines>
                <line number="60" hits="1" branch="false" />
                <line number="61" hits="1" branch="false" />
                <line number="63" hits="1" branch="false" />
                <line number="64" hits="1" branch="false" />
              </lines>
            </method>
            <method name="AtnaujintiBalansa" signature="(...)" line-rate="0" branch-rate="1" complexity="1">
              <lines>
                <line number="66" hits="0" branch="false" />
                <line number="67" hits="0" branch="false" />
                <line number="69" hits="0" branch="false" />
                <line number="70" hits="0" branch="false" />
              </lines>
            </method>
            <method name=".ctor" signature="()" line-rate="0.8" branch-rate="1" complexity="1">
              <lines>
                <line number="13" hits="0" branch="false" />
                <line number="15" hits="2" branch="false" />
                <line number="16" hits="2" branch="false" />
                <line number="17" hits="2" branch="false" />
                <line number="18" hits="2" branch="false" />
              </lines>
            </method>
            <method name=".ctor" signature="(...)" line-rate="0" branch-rate="1" complexity="1">
              <lines>
                <line number="19" hits="0" branch="false" />
                <line number="20" hits="0" branch="false" />
                <line number="21" hits="0" branch="false" />
                <line number="22" hits="0" branch="false" />
              </lines>
            </method>
          </methods>
          <lines>
            <line number="13" hits="0" branch="false" />
            <line number="15" hits="2" branch="false" />
            <line number="16" hits="2" branch="false" />
            <line number="17" hits="2" branch="false" />
            <line number="18" hits="2" branch="false" />
            <line number="19" hits="0" branch="false" />
            <line number="20" hits="0" branch="false" />
            <line number="21" hits="0" branch="false" />
            <line number="22" hits="0" branch="false" />
            <line number="24" hits="1" branch="false" />
            <line number="25" hits="1" branch="false" />
            <line number="26" hits="1" branch="false" />
            <line number="28" hits="49" branch="true" condition-coverage="100% (2/2)" />
            <line number="29" hits="23" branch="false" />
            <line number="30" hits="23" branch="true" condition-coverage="100% (2/2)" />
            <line number="31" hits="23" branch="false" />
            <line number="32" hits="23" branch="false" />
            <line number="34" hits="23" branch="false" />
            <line number="36" hits="23" branch="false" />
            <line number="38" hits="1" branch="false" />
            <line number="39" hits="1" branch="false" />
            <line number="41" hits="1" branch="false" />
            <line number="42" hits="1" branch="true" condition-coverage="50% (1/2)" />
            <line number="43" hits="1" branch="false" />
            <line number="44" hits="1" branch="false" />
            <line number="45" hits="1" branch="false" />
            <line number="46" hits="5" branch="true" condition-coverage="100% (2/2)" />
            <line number="47" hits="1" branch="false" />
            <line number="48" hits="1" branch="true" condition-coverage="75% (3/4)" />
            <line number="49" hits="1" branch="false" />
            <line number="50" hits="1" branch="false" />
            <line number="51" hits="1" branch="false" />
            <line number="53" hits="1" branch="false" />
            <line number="54" hits="1" branch="false" />
            <line number="56" hits="0" branch="false" />
            <line number="57" hits="1" branch="false" />
            <line number="60" hits="1" branch="false" />
            <line number="61" hits="1" branch="false" />
            <line number="63" hits="1" branch="false" />
            <line number="64" hits="1" branch="false" />
            <line number="66" hits="0" branch="false" />
            <line number="67" hits="0" branch="false" />
            <line number="69" hits="0" branch="false" />
            <line number="70" hits="0" branch="false" />
          </lines>
        </class>
        <class name="DALs.VartotojoAkcijaDAL" filename="C:\Users\Laurynas\source\repos\NasdaqBaltic\NasdaqBaltic\NasdaqBalticServices\Dals\VartotojoAkcijaDAL.cs" line-rate="0.8924731182795699" branch-rate="0.90625" complexity="35">
          <methods>
            <method name="Dispose" signature="()" line-rate="0" branch-rate="1" complexity="1">
              <lines>
                <line number="15" hits="0" branch="false" />
                <line number="17" hits="0" branch="false" />
              </lines>
            </method>
            <method name="Ivesti" signature="(...)" line-rate="0.8888888888888888" branch-rate="0.5" complexity="2">
              <lines>
                <line number="27" hits="1" branch="false" />
                <line number="28" hits="1" branch="false" />
                <line number="29" hits="1" branch="false" />
                <line number="30" hits="1" branch="false" />
                <line number="31" hits="1" branch="true" condition-coverage="50% (1/2)" />
                <line number="32" hits="1" branch="false" />
                <line number="34" hits="0" branch="false" />
                <line number="36" hits="1" branch="false" />
                <line number="37" hits="1" branch="false" />
              </lines>
            </method>
            <method name="GautiVisus" signature="()" line-rate="1" branch-rate="1" complexity="6">
              <lines>
                <line number="40" hits="1" branch="false" />
                <line number="41" hits="1" branch="false" />
                <line number="42" hits="1" branch="false" />
                <line number="44" hits="2" branch="true" condition-coverage="100% (2/2)" />
                <line number="45" hits="77" branch="true" condition-coverage="100% (2/2)" />
                <line number="46" hits="37" branch="false" />
                <line number="47" hits="37" branch="true" condition-coverage="100% (2/2)" />
                <line number="48" hits="37" branch="false" />
                <line number="49" hits="37" branch="false" />
                <line number="50" hits="37" branch="false" />
                <line number="51" hits="37" branch="false" />
                <line number="53" hits="37" branch="false" />
                <line number="54" hits="1" branch="false" />
                <line number="56" hits="1" branch="false" />
                <line number="57" hits="1" branch="false" />
              </lines>
            </method>
            <method name="GautiVartotojoAkcijas" signature="(...)" line-rate="1" branch-rate="0.9166666666666666" complexity="12">
              <lines>
                <line number="60" hits="2" branch="false" />
                <line number="61" hits="2" branch="false" />
                <line number="62" hits="2" branch="true" condition-coverage="100% (2/2)" />
                <line number="63" hits="2" branch="false" />
                <line number="64" hits="2" branch="false" />
                <line number="65" hits="2" branch="false" />
                <line number="66" hits="2" branch="true" condition-coverage="75% (3/4)" />
                <line number="67" hits="114" branch="true" condition-coverage="100% (2/2)" />
                <line number="68" hits="54" branch="false" />
                <line number="70" hits="54" branch="true" condition-coverage="100% (2/2)" />
                <line number="71" hits="54" branch="false" />
                <line number="72" hits="54" branch="false" />
                <line number="73" hits="54" branch="false" />
                <line number="74" hits="54" branch="true" condition-coverage="100% (2/2)" />
                <line number="75" hits="54" branch="false" />
                <line number="76" hits="54" branch="false" />
                <line number="77" hits="54" branch="false" />
                <line number="78" hits="54" branch="false" />
                <line number="79" hits="54" branch="false" />
                <line number="80" hits="54" branch="false" />
                <line number="81" hits="2" branch="false" />
                <line number="82" hits="2" branch="false" />
                <line number="83" hits="2" branch="false" />
              </lines>
            </method>
            <method name="NustatytiAkcijosObjektiniusKintamiuosius" signature="(...)" line-rate="1" branch-rate="1" complexity="10">
              <lines>
                <line number="85" hits="91" branch="false" />
                <line number="86" hits="91" branch="false" />
                <line number="88" hits="91" branch="true" condition-coverage="100% (2/2)" />
                <line number="89" hits="91" branch="false" />
                <line number="90" hits="91" branch="false" />
                <line number="91" hits="91" branch="false" />
                <line number="92" hits="91" branch="true" condition-coverage="100% (2/2)" />
                <line number="93" hits="91" branch="false" />
                <line number="94" hits="273" branch="false" />
                <line number="95" hits="91" branch="true" condition-coverage="100% (2/2)" />
                <line number="96" hits="91" branch="false" />
                <line number="97" hits="91" branch="false" />
                <line number="98" hits="91" branch="false" />
                <line number="99" hits="91" branch="false" />
                <line number="100" hits="91" branch="true" condition-coverage="100% (2/2)" />
                <line number="101" hits="91" branch="false" />
                <line number="102" hits="364" branch="false" />
                <line number="103" hits="91" branch="true" condition-coverage="100% (2/2)" />
                <line number="104" hits="91" branch="false" />
                <line number="105" hits="91" branch="false" />
                <line number="106" hits="91" branch="false" />
                <line number="107" hits="91" branch="false" />
                <line number="108" hits="91" branch="false" />
                <line number="110" hits="91" branch="false" />
                <line number="111" hits="91" branch="false" />
              </lines>
            </method>
            <method name="Atnaujinti" signature="(...)" line-rate="0.8888888888888888" branch-rate="0.5" complexity="2">
              <lines>
                <line number="114" hits="1" branch="false" />
                <line number="115" hits="1" branch="false" />
                <line number="116" hits="1" branch="false" />
                <line number="117" hits="1" branch="false" />
                <line number="118" hits="1" branch="true" condition-coverage="50% (1/2)" />
                <line number="119" hits="1" branch="false" />
                <line number="121" hits="0" branch="false" />
                <line number="123" hits="1" branch="false" />
                <line number="124" hits="1" branch="false" />
              </lines>
            </method>
            <method name=".ctor" signature="()" line-rate="0.5" branch-rate="1" complexity="1">
              <lines>
                <line number="11" hits="0" branch="false" />
                <line number="12" hits="0" branch="false" />
                <line number="15" hits="0" branch="false" />
                <line number="17" hits="0" branch="false" />
                <line number="18" hits="2" branch="false" />
                <line number="19" hits="2" branch="false" />
                <line number="20" hits="2" branch="false" />
                <line number="21" hits="2" branch="false" />
              </lines>
            </method>
            <method name=".ctor" signature="(...)" line-rate="0" branch-rate="1" complexity="1">
              <lines>
                <line number="22" hits="0" branch="false" />
                <line number="23" hits="0" branch="false" />
                <line number="24" hits="0" branch="false" />
                <line number="25" hits="0" branch="false" />
              </lines>
            </method>
          </methods>
          <lines>
            <line number="11" hits="0" branch="false" />
            <line number="12" hits="0" branch="false" />
            <line number="15" hits="0" branch="false" />
            <line number="17" hits="0" branch="false" />
            <line number="18" hits="2" branch="false" />
            <line number="19" hits="2" branch="false" />
            <line number="20" hits="2" branch="false" />
            <line number="21" hits="2" branch="false" />
            <line number="22" hits="0" branch="false" />
            <line number="23" hits="0" branch="false" />
            <line number="24" hits="0" branch="false" />
            <line number="25" hits="0" branch="false" />
            <line number="27" hits="1" branch="false" />
            <line number="28" hits="1" branch="false" />
            <line number="29" hits="1" branch="false" />
            <line number="30" hits="1" branch="false" />
            <line number="31" hits="1" branch="true" condition-coverage="50% (1/2)" />
            <line number="32" hits="1" branch="false" />
            <line number="34" hits="0" branch="false" />
            <line number="36" hits="1" branch="false" />
            <line number="37" hits="1" branch="false" />
            <line number="40" hits="1" branch="false" />
            <line number="41" hits="1" branch="false" />
            <line number="42" hits="1" branch="false" />
            <line number="44" hits="2" branch="true" condition-coverage="100% (2/2)" />
            <line number="45" hits="77" branch="true" condition-coverage="100% (2/2)" />
            <line number="46" hits="37" branch="false" />
            <line number="47" hits="37" branch="true" condition-coverage="100% (2/2)" />
            <line number="48" hits="37" branch="false" />
            <line number="49" hits="37" branch="false" />
            <line number="50" hits="37" branch="false" />
            <line number="51" hits="37" branch="false" />
            <line number="53" hits="37" branch="false" />
            <line number="54" hits="1" branch="false" />
            <line number="56" hits="1" branch="false" />
            <line number="57" hits="1" branch="false" />
            <line number="60" hits="2" branch="false" />
            <line number="61" hits="2" branch="false" />
            <line number="62" hits="2" branch="true" condition-coverage="100% (2/2)" />
            <line number="63" hits="2" branch="false" />
            <line number="64" hits="2" branch="false" />
            <line number="65" hits="2" branch="false" />
            <line number="66" hits="2" branch="true" condition-coverage="75% (3/4)" />
            <line number="67" hits="114" branch="true" condition-coverage="100% (2/2)" />
            <line number="68" hits="54" branch="false" />
            <line number="70" hits="54" branch="true" condition-coverage="100% (2/2)" />
            <line number="71" hits="54" branch="false" />
            <line number="72" hits="54" branch="false" />
            <line number="73" hits="54" branch="false" />
            <line number="74" hits="54" branch="true" condition-coverage="100% (2/2)" />
            <line number="75" hits="54" branch="false" />
            <line number="76" hits="54" branch="false" />
            <line number="77" hits="54" branch="false" />
            <line number="78" hits="54" branch="false" />
            <line number="79" hits="54" branch="false" />
            <line number="80" hits="54" branch="false" />
            <line number="81" hits="2" branch="false" />
            <line number="82" hits="2" branch="false" />
            <line number="83" hits="2" branch="false" />
            <line number="85" hits="91" branch="false" />
            <line number="86" hits="91" branch="false" />
            <line number="88" hits="91" branch="true" condition-coverage="100% (2/2)" />
            <line number="89" hits="91" branch="false" />
            <line number="90" hits="91" branch="false" />
            <line number="91" hits="91" branch="false" />
            <line number="92" hits="91" branch="true" condition-coverage="100% (2/2)" />
            <line number="93" hits="91" branch="false" />
            <line number="94" hits="273" branch="false" />
            <line number="95" hits="91" branch="true" condition-coverage="100% (2/2)" />
            <line number="96" hits="91" branch="false" />
            <line number="97" hits="91" branch="false" />
            <line number="98" hits="91" branch="false" />
            <line number="99" hits="91" branch="false" />
            <line number="100" hits="91" branch="true" condition-coverage="100% (2/2)" />
            <line number="101" hits="91" branch="false" />
            <line number="102" hits="364" branch="false" />
            <line number="103" hits="91" branch="true" condition-coverage="100% (2/2)" />
            <line number="104" hits="91" branch="false" />
            <line number="105" hits="91" branch="false" />
            <line number="106" hits="91" branch="false" />
            <line number="107" hits="91" branch="false" />
            <line number="108" hits="91" branch="false" />
            <line number="110" hits="91" branch="false" />
            <line number="111" hits="91" branch="false" />
            <line number="114" hits="1" branch="false" />
            <line number="115" hits="1" branch="false" />
            <line number="116" hits="1" branch="false" />
            <line number="117" hits="1" branch="false" />
            <line number="118" hits="1" branch="true" condition-coverage="50% (1/2)" />
            <line number="119" hits="1" branch="false" />
            <line number="121" hits="0" branch="false" />
            <line number="123" hits="1" branch="false" />
            <line number="124" hits="1" branch="false" />
          </lines>
        </class>
      </classes>
    </package>
    <package name="Database" line-rate="0.8484848484848485" branch-rate="0.8478260869565217" complexity="49">
      <classes>
        <class name="Database.SQLCommands" filename="C:\Users\Laurynas\source\repos\NasdaqBaltic\NasdaqBaltic\NasdaqBalticServices\Database\SQLCommands.cs" line-rate="0.8471337579617835" branch-rate="0.8636363636363636" complexity="47">
          <methods>
            <method name="GetAll" signature="(...)" line-rate="0.8518518518518519" branch-rate="1" complexity="8">
              <lines>
                <line number="25" hits="5" branch="false" />
                <line number="26" hits="5" branch="false" />
                <line number="28" hits="5" branch="false" />
                <line number="29" hits="5" branch="false" />
                <line number="30" hits="5" branch="false" />
                <line number="31" hits="5" branch="false" />
                <line number="32" hits="5" branch="true" condition-coverage="100% (2/2)" />
                <line number="33" hits="5" branch="false" />
                <line number="34" hits="36672" branch="true" condition-coverage="100% (2/2)" />
                <line number="35" hits="36667" branch="false" />
                <line number="36" hits="36667" branch="false" />
                <line number="37" hits="878254" branch="true" condition-coverage="100% (2/2)" />
                <line number="38" hits="402460" branch="false" />
                <line number="39" hits="402460" branch="true" condition-coverage="100% (2/2)" />
                <line number="40" hits="402457" branch="false" />
                <line number="41" hits="402460" branch="false" />
                <line number="42" hits="36667" branch="false" />
                <line number="43" hits="36667" branch="false" />
                <line number="44" hits="5" branch="false" />
                <line number="45" hits="5" branch="false" />
                <line number="46" hits="5" branch="false" />
                <line number="47" hits="0" branch="false" />
                <line number="48" hits="0" branch="false" />
                <line number="49" hits="0" branch="false" />
                <line number="50" hits="0" branch="false" />
                <line number="53" hits="5" branch="false" />
                <line number="54" hits="5" branch="false" />
              </lines>
            </method>
            <method name="GetByCondition" signature="(...)" line-rate="0.9148936170212766" branch-rate="1" complexity="18">
              <lines>
                <line number="56" hits="216" branch="false" />
                <line number="57" hits="216" branch="false" />
                <line number="59" hits="216" branch="false" />
                <line number="60" hits="216" branch="false" />
                <line number="61" hits="216" branch="false" />
                <line number="63" hits="216" branch="true" condition-coverage="100% (2/2)" />
                <line number="64" hits="216" branch="false" />
                <line number="65" hits="216" branch="false" />
                <line number="66" hits="1080" branch="true" condition-coverage="100% (2/2)" />
                <line number="67" hits="216" branch="false" />
                <line number="68" hits="216" branch="false" />
                <line number="69" hits="216" branch="false" />
                <line number="70" hits="216" branch="false" />
                <line number="71" hits="216" branch="false" />
                <line number="72" hits="216" branch="true" condition-coverage="100% (2/2)" />
                <line number="73" hits="97" branch="false" />
                <line number="74" hits="97" branch="false" />
                <line number="75" hits="194" branch="true" condition-coverage="100% (2/2)" />
                <line number="76" hits="97" branch="false" />
                <line number="78" hits="216" branch="true" condition-coverage="100% (2/2)" />
                <line number="79" hits="214" branch="false" />
                <line number="80" hits="214" branch="false" />
                <line number="81" hits="214" branch="false" />
                <line number="84" hits="216" branch="false" />
                <line number="85" hits="216" branch="false" />
                <line number="86" hits="216" branch="false" />
                <line number="87" hits="216" branch="true" condition-coverage="100% (2/2)" />
                <line number="88" hits="206" branch="false" />
                <line number="89" hits="464" branch="true" condition-coverage="100% (2/2)" />
                <line number="90" hits="258" branch="false" />
                <line number="91" hits="258" branch="false" />
                <line number="92" hits="5730" branch="true" condition-coverage="100% (2/2)" />
                <line number="93" hits="2607" branch="false" />
                <line number="94" hits="2607" branch="true" condition-coverage="100% (2/2)" />
                <line number="95" hits="2601" branch="false" />
                <line number="96" hits="2607" branch="false" />
                <line number="97" hits="258" branch="false" />
                <line number="98" hits="258" branch="false" />
                <line number="99" hits="206" branch="false" />
                <line number="100" hits="216" branch="false" />
                <line number="101" hits="216" branch="false" />
                <line number="102" hits="0" branch="false" />
                <line number="103" hits="0" branch="false" />
                <line number="104" hits="0" branch="false" />
                <line number="105" hits="0" branch="false" />
                <line number="108" hits="216" branch="false" />
                <line number="109" hits="216" branch="false" />
              </lines>
            </method>
            <method name="Insert" signature="(...)" line-rate="0.8" branch-rate="0.6666666666666666" complexity="6">
              <lines>
                <line number="111" hits="70" branch="false" />
                <line number="112" hits="70" branch="true" condition-coverage="50% (2/4)" />
                <line number="113" hits="0" branch="false" />
                <line number="115" hits="70" branch="false" />
                <line number="116" hits="70" branch="false" />
                <line number="117" hits="70" branch="false" />
                <line number="118" hits="70" branch="false" />
                <line number="119" hits="70" branch="false" />
                <line number="120" hits="1290" branch="true" condition-coverage="100% (2/2)" />
                <line number="121" hits="540" branch="false" />
                <line number="122" hits="540" branch="false" />
                <line number="123" hits="540" branch="false" />
                <line number="124" hits="540" branch="false" />
                <line number="125" hits="540" branch="false" />
                <line number="126" hits="70" branch="false" />
                <line number="127" hits="70" branch="false" />
                <line number="129" hits="70" branch="false" />
                <line number="130" hits="70" branch="false" />
                <line number="131" hits="70" branch="false" />
                <line number="132" hits="0" branch="false" />
                <line number="133" hits="0" branch="false" />
                <line number="134" hits="0" branch="false" />
                <line number="135" hits="0" branch="false" />
                <line number="137" hits="70" branch="false" />
                <line number="138" hits="70" branch="false" />
              </lines>
            </method>
            <method name="Delete" signature="(...)" line-rate="0.7857142857142857" branch-rate="0.5" complexity="4">
              <lines>
                <line number="141" hits="10" branch="false" />
                <line number="142" hits="10" branch="true" condition-coverage="50% (2/4)" />
                <line number="143" hits="0" branch="false" />
                <line number="145" hits="10" branch="false" />
                <line number="146" hits="10" branch="false" />
                <line number="147" hits="10" branch="false" />
                <line number="148" hits="10" branch="false" />
                <line number="149" hits="0" branch="false" />
                <line number="150" hits="10" branch="false" />
                <line number="151" hits="10" branch="false" />
                <line number="152" hits="10" branch="false" />
                <line number="153" hits="10" branch="false" />
                <line number="155" hits="0" branch="false" />
                <line number="157" hits="10" branch="false" />
              </lines>
            </method>
            <method name="Update" signature="(...)" line-rate="0.7916666666666666" branch-rate="0.6666666666666666" complexity="6">
              <lines>
                <line number="160" hits="4" branch="false" />
                <line number="161" hits="4" branch="true" condition-coverage="50% (2/4)" />
                <line number="162" hits="0" branch="false" />
                <line number="164" hits="4" branch="false" />
                <line number="165" hits="4" branch="false" />
                <line number="166" hits="4" branch="false" />
                <line number="167" hits="4" branch="false" />
                <line number="169" hits="20" branch="false" />
                <line number="170" hits="40" branch="true" condition-coverage="100% (2/2)" />
                <line number="171" hits="14" branch="false" />
                <line number="172" hits="14" branch="false" />
                <line number="173" hits="14" branch="false" />
                <line number="174" hits="14" branch="false" />
                <line number="175" hits="4" branch="false" />
                <line number="176" hits="4" branch="false" />
                <line number="178" hits="4" branch="false" />
                <line number="179" hits="4" branch="false" />
                <line number="180" hits="4" branch="false" />
                <line number="181" hits="0" branch="false" />
                <line number="182" hits="0" branch="false" />
                <line number="183" hits="0" branch="false" />
                <line number="184" hits="0" branch="false" />
                <line number="186" hits="4" branch="false" />
                <line number="187" hits="4" branch="false" />
              </lines>
            </method>
            <method name="Dispose" signature="()" line-rate="0" branch-rate="1" complexity="1">
              <lines>
                <line number="190" hits="0" branch="false" />
                <line number="191" hits="0" branch="false" />
                <line number="192" hits="0" branch="false" />
              </lines>
            </method>
            <method name="ReadConfig" signature="(...)" line-rate="1" branch-rate="1" complexity="2">
              <lines>
                <line number="194" hits="38" branch="false" />
                <line number="195" hits="38" branch="false" />
                <line number="196" hits="152" branch="false" />
                <line number="197" hits="342" branch="true" condition-coverage="100% (2/2)" />
                <line number="198" hits="114" branch="false" />
                <line number="199" hits="114" branch="false" />
                <line number="200" hits="114" branch="false" />
                <line number="201" hits="38" branch="false" />
                <line number="202" hits="38" branch="false" />
              </lines>
            </method>
            <method name=".ctor" signature="(...)" line-rate="1" branch-rate="1" complexity="1">
              <lines>
                <line number="16" hits="38" branch="false" />
                <line number="17" hits="1" branch="false" />
                <line number="18" hits="38" branch="false" />
                <line number="19" hits="38" branch="false" />
                <line number="20" hits="38" branch="false" />
                <line number="21" hits="38" branch="false" />
                <line number="22" hits="38" branch="false" />
                <line number="23" hits="38" branch="false" />
              </lines>
            </method>
            <method name=".cctor" signature="()" line-rate="1" branch-rate="1" complexity="1">
              <lines>
                <line number="17" hits="1" branch="false" />
              </lines>
            </method>
          </methods>
          <lines>
            <line number="16" hits="38" branch="false" />
            <line number="17" hits="1" branch="false" />
            <line number="18" hits="38" branch="false" />
            <line number="19" hits="38" branch="false" />
            <line number="20" hits="38" branch="false" />
            <line number="21" hits="38" branch="false" />
            <line number="22" hits="38" branch="false" />
            <line number="23" hits="38" branch="false" />
            <line number="25" hits="5" branch="false" />
            <line number="26" hits="5" branch="false" />
            <line number="28" hits="5" branch="false" />
            <line number="29" hits="5" branch="false" />
            <line number="30" hits="5" branch="false" />
            <line number="31" hits="5" branch="false" />
            <line number="32" hits="5" branch="true" condition-coverage="100% (2/2)" />
            <line number="33" hits="5" branch="false" />
            <line number="34" hits="36672" branch="true" condition-coverage="100% (2/2)" />
            <line number="35" hits="36667" branch="false" />
            <line number="36" hits="36667" branch="false" />
            <line number="37" hits="878254" branch="true" condition-coverage="100% (2/2)" />
            <line number="38" hits="402460" branch="false" />
            <line number="39" hits="402460" branch="true" condition-coverage="100% (2/2)" />
[...]
                <line number="68" hits="0" branch="false" />
              </lines>
            </method>
            <method name=".ctor" signature="()" line-rate="1" branch-rate="1" complexity="1">
              <lines>
                <line number="14" hits="48" branch="false" />
                <line number="15" hits="48" branch="false" />
                <line number="16" hits="48" branch="false" />
                <line number="17" hits="48" branch="false" />
              </lines>
            </method>
            <method name=".ctor" signature="(...)" line-rate="1" branch-rate="1" complexity="1">
              <lines>
                <line number="29" hits="91" branch="false" />
                <line number="30" hits="91" branch="false" />
                <line number="31" hits="91" branch="false" />
                <line number="32" hits="91" branch="false" />
                <line number="33" hits="91" branch="false" />
              </lines>
            </method>
          </methods>
          <lines>
            <line number="9" hits="122" branch="false" />
            <line number="10" hits="25" branch="false" />
            <line number="11" hits="25" branch="false" />
            <line number="12" hits="27" branch="false" />
            <line number="13" hits="25" branch="false" />
            <line number="14" hits="48" branch="false" />
            <line number="15" hits="48" branch="false" />
            <line number="16" hits="48" branch="false" />
            <line number="17" hits="48" branch="false" />
            <line number="19" hits="139" branch="false" />
            <line number="20" hits="139" branch="false" />
            <line number="21" hits="139" branch="false" />
            <line number="22" hits="139" branch="false" />
            <line number="23" hits="139" branch="false" />
            <line number="24" hits="139" branch="false" />
            <line number="25" hits="139" branch="false" />
            <line number="27" hits="139" branch="false" />
            <line number="28" hits="139" branch="false" />
            <line number="29" hits="91" branch="false" />
            <line number="30" hits="91" branch="false" />
            <line number="31" hits="91" branch="false" />
            <line number="32" hits="91" branch="false" />
            <line number="33" hits="91" branch="false" />
            <line number="36" hits="1" branch="false" />
            <line number="37" hits="1" branch="false" />
            <line number="38" hits="1" branch="false" />
            <line number="41" hits="24" branch="false" />
            <line number="42" hits="24" branch="false" />
            <line number="43" hits="24" branch="false" />
            <line number="44" hits="24" branch="false" />
            <line number="46" hits="0" branch="false" />
            <line number="47" hits="0" branch="true" condition-coverage="0% (0/2)" />
            <line number="49" hits="0" branch="false" />
            <line number="51" hits="0" branch="true" condition-coverage="0% (0/2)" />
            <line number="52" hits="0" branch="false" />
            <line number="53" hits="0" branch="true" condition-coverage="0% (0/2)" />
            <line number="54" hits="0" branch="false" />
            <line number="55" hits="0" branch="true" condition-coverage="0% (0/2)" />
            <line number="56" hits="0" branch="false" />
            <line number="57" hits="0" branch="true" condition-coverage="0% (0/2)" />
            <line number="58" hits="0" branch="false" />
            <line number="59" hits="0" branch="true" condition-coverage="0% (0/2)" />
            <line number="60" hits="0" branch="false" />
            <line number="62" hits="0" branch="false" />
            <line number="63" hits="0" branch="false" />
            <line number="66" hits="0" branch="false" />
            <line number="67" hits="0" branch="false" />
            <line number="68" hits="0" branch="false" />
          </lines>
        </class>
        <class name="Models.VartotojoAkcija" filename="C:\Users\Laurynas\source\repos\NasdaqBaltic\NasdaqBaltic\NasdaqBalticServices\Models\VartotojoAkcija.cs" line-rate="0.36082474226804123" branch-rate="0" complexity="70">
          <methods>
            <method name="get_Id" signature="()" line-rate="1" branch-rate="1" complexity="1">
              <lines>
                <line number="9" hits="146" branch="false" />
              </lines>
            </method>
            <method name="get_akcija" signature="()" line-rate="1" branch-rate="1" complexity="1">
              <lines>
                <line number="10" hits="159" branch="false" />
              </lines>
            </method>
            <method name="get_vartotojas" signature="()" line-rate="1" branch-rate="1" complexity="1">
              <lines>
                <line number="11" hits="97" branch="false" />
              </lines>
            </method>
            <method name="get_Pirkimas" signature="()" line-rate="1" branch-rate="1" complexity="1">
              <lines>
                <line number="12" hits="113" branch="false" />
              </lines>
            </method>
            <method name="get_PirkimoKaina" signature="()" line-rate="1" branch-rate="1" complexity="1">
              <lines>
                <line number="13" hits="166" branch="false" />
              </lines>
            </method>
            <method name="get_UzdarymoKaina" signature="()" line-rate="1" branch-rate="1" complexity="1">
              <lines>
                <line number="14" hits="123" branch="false" />
              </lines>
            </method>
            <method name="get_Kiekis" signature="()" line-rate="1" branch-rate="1" complexity="1">
              <lines>
                <line number="15" hits="140" branch="false" />
              </lines>
            </method>
            <method name="get_UzdarymoData" signature="()" line-rate="1" branch-rate="1" complexity="1">
              <lines>
                <line number="16" hits="93" branch="false" />
              </lines>
            </method>
            <method name="get_AtidarymoData" signature="()" line-rate="0" branch-rate="1" complexity="1">
              <lines>
                <line number="17" hits="0" branch="false" />
              </lines>
            </method>
            <method name="get_Priezastis" signature="()" line-rate="1" branch-rate="1" complexity="1">
              <lines>
                <line number="18" hits="72" branch="false" />
              </lines>
            </method>
            <method name="PaverstAkcijaITupleList" signature="(...)" line-rate="1" branch-rate="1" complexity="1">
              <lines>
                <line number="33" hits="2" branch="false" />
                <line number="34" hits="2" branch="false" />
                <line number="35" hits="2" branch="false" />
              </lines>
            </method>
            <method name="ListToVartotojoAkcija" signature="(...)" line-rate="1" branch-rate="1" complexity="1">
              <lines>
                <line number="38" hits="91" branch="false" />
                <line number="39" hits="91" branch="false" />
                <line number="40" hits="91" branch="false" />
                <line number="41" hits="91" branch="false" />
              </lines>
            </method>
            <method name="GetMapping" signature="()" line-rate="1" branch-rate="1" complexity="1">
              <lines>
                <line number="44" hits="365" branch="false" />
                <line number="45" hits="365" branch="false" />
                <line number="46" hits="365" branch="false" />
                <line number="47" hits="365" branch="false" />
                <line number="48" hits="365" branch="false" />
                <line number="49" hits="365" branch="false" />
                <line number="50" hits="365" branch="false" />
                <line number="51" hits="365" branch="false" />
                <line number="52" hits="365" branch="false" />
                <line number="53" hits="365" branch="false" />
                <line number="54" hits="365" branch="false" />
                <line number="55" hits="365" branch="false" />
                <line number="56" hits="365" branch="false" />
                <line number="58" hits="365" branch="false" />
                <line number="59" hits="365" branch="false" />
              </lines>
            </method>
            <method name="Equals" signature="(...)" line-rate="0" branch-rate="0" complexity="54">
              <lines>
                <line number="61" hits="0" branch="false" />
                <line number="62" hits="0" branch="true" condition-coverage="0% (0/2)" />
                <line number="64" hits="0" branch="false" />
                <line number="66" hits="0" branch="true" condition-coverage="0% (0/2)" />
                <line number="67" hits="0" branch="false" />
                <line number="69" hits="0" branch="true" condition-coverage="0% (0/4)" />
                <line number="70" hits="0" branch="false" />
                <line number="71" hits="0" branch="true" condition-coverage="0% (0/8)" />
                <line number="72" hits="0" branch="false" />
                <line number="74" hits="0" branch="false" />
                <line number="75" hits="0" branch="true" condition-coverage="0% (0/2)" />
                <line number="76" hits="0" branch="false" />
                <line number="77" hits="0" branch="false" />
                <line number="78" hits="0" branch="false" />
                <line number="79" hits="0" branch="true" condition-coverage="0% (0/4)" />
                <line number="80" hits="0" branch="false" />
                <line number="81" hits="0" branch="true" condition-coverage="0% (0/8)" />
                <line number="82" hits="0" branch="false" />
                <line number="84" hits="0" branch="false" />
                <line number="85" hits="0" branch="true" condition-coverage="0% (0/2)" />
                <line number="86" hits="0" branch="false" />
                <line number="87" hits="0" branch="false" />
                <line number="88" hits="0" branch="false" />
                <line number="89" hits="0" branch="true" condition-coverage="0% (0/2)" />
                <line number="90" hits="0" branch="false" />
                <line number="91" hits="0" branch="true" condition-coverage="0% (0/2)" />
                <line number="92" hits="0" branch="false" />
                <line number="94" hits="0" branch="false" />
                <line number="95" hits="0" branch="true" condition-coverage="0% (0/2)" />
                <line number="96" hits="0" branch="false" />
                <line number="97" hits="0" branch="false" />
                <line number="98" hits="0" branch="false" />
                <line number="99" hits="0" branch="true" condition-coverage="0% (0/2)" />
                <line number="100" hits="0" branch="false" />
                <line number="101" hits="0" branch="true" condition-coverage="0% (0/2)" />
                <line number="102" hits="0" branch="false" />
                <line number="104" hits="0" branch="false" />
                <line number="105" hits="0" branch="true" condition-coverage="0% (0/2)" />
                <line number="106" hits="0" branch="false" />
                <line number="107" hits="0" branch="false" />
                <line number="108" hits="0" branch="false" />
                <line number="109" hits="0" branch="true" condition-coverage="0% (0/2)" />
                <line number="110" hits="0" branch="false" />
                <line number="112" hits="0" branch="true" condition-coverage="0% (0/2)" />
                <line number="113" hits="0" branch="false" />
                <line number="115" hits="0" branch="true" condition-coverage="0% (0/2)" />
                <line number="116" hits="0" branch="false" />
                <line number="118" hits="0" branch="true" condition-coverage="0% (0/2)" />
                <line number="119" hits="0" branch="false" />
                <line number="121" hits="0" branch="true" condition-coverage="0% (0/2)" />
                <line number="122" hits="0" branch="false" />
                <line number="123" hits="0" branch="false" />
                <line number="125" hits="0" branch="false" />
              </lines>
            </method>
            <method name="GetHashCode" signature="()" line-rate="0" branch-rate="1" complexity="1">
              <lines>
                <line number="128" hits="0" branch="false" />
                <line number="129" hits="0" branch="false" />
                <line number="130" hits="0" branch="false" />
              </lines>
            </method>
            <method name=".ctor" signature="()" line-rate="1" branch-rate="1" complexity="1">
              <lines>
                <line number="22" hits="365" branch="false" />
                <line number="23" hits="365" branch="false" />
                <line number="24" hits="365" branch="false" />
                <line number="25" hits="365" branch="false" />
              </lines>
            </method>
            <method name=".ctor" signature="(...)" line-rate="0" branch-rate="1" complexity="1">
              <lines>
                <line number="26" hits="0" branch="false" />
                <line number="27" hits="0" branch="false" />
                <line number="28" hits="0" branch="false" />
                <line number="29" hits="0" branch="false" />
                <line number="30" hits="0" branch="false" />
              </lines>
            </method>
          </methods>
          <lines>
            <line number="9" hits="146" branch="false" />
            <line number="10" hits="159" branch="false" />
            <line number="11" hits="97" branch="false" />
            <line number="12" hits="113" branch="false" />
            <line number="13" hits="166" branch="false" />
            <line number="14" hits="123" branch="false" />
            <line number="15" hits="140" branch="false" />
            <line number="16" hits="93" branch="false" />
            <line number="17" hits="0" branch="false" />
            <line number="18" hits="72" branch="false" />
            <line number="22" hits="365" branch="false" />
            <line number="23" hits="365" branch="false" />
            <line number="24" hits="365" branch="false" />
            <line number="25" hits="365" branch="false" />
            <line number="26" hits="0" branch="false" />
            <line number="27" hits="0" branch="false" />
            <line number="28" hits="0" branch="false" />
            <line number="29" hits="0" branch="false" />
            <line number="30" hits="0" branch="false" />
            <line number="33" hits="2" branch="false" />
            <line number="34" hits="2" branch="false" />
            <line number="35" hits="2" branch="false" />
            <line number="38" hits="91" branch="false" />
            <line number="39" hits="91" branch="false" />
            <line number="40" hits="91" branch="false" />
            <line number="41" hits="91" branch="false" />
            <line number="44" hits="365" branch="false" />
            <line number="45" hits="365" branch="false" />
            <line number="46" hits="365" branch="false" />
            <line number="47" hits="365" branch="false" />
            <line number="48" hits="365" branch="false" />
            <line number="49" hits="365" branch="false" />
            <line number="50" hits="365" branch="false" />
            <line number="51" hits="365" branch="false" />
            <line number="52" hits="365" branch="false" />
            <line number="53" hits="365" branch="false" />
            <line number="54" hits="365" branch="false" />
            <line number="55" hits="365" branch="false" />
            <line number="56" hits="365" branch="false" />
            <line number="58" hits="365" branch="false" />
            <line number="59" hits="365" branch="false" />
            <line number="61" hits="0" branch="false" />
            <line number="62" hits="0" branch="true" condition-coverage="0% (0/2)" />
            <line number="64" hits="0" branch="false" />
            <line number="66" hits="0" branch="true" condition-coverage="0% (0/2)" />
            <line number="67" hits="0" branch="false" />
            <line number="69" hits="0" branch="true" condition-coverage="0% (0/4)" />
            <line number="70" hits="0" branch="false" />
            <line number="71" hits="0" branch="true" condition-coverage="0% (0/8)" />
            <line number="72" hits="0" branch="false" />
            <line number="74" hits="0" branch="false" />
            <line number="75" hits="0" branch="true" condition-coverage="0% (0/2)" />
            <line number="76" hits="0" branch="false" />
            <line number="77" hits="0" branch="false" />
            <line number="78" hits="0" branch="false" />
            <line number="79" hits="0" branch="true" condition-coverage="0% (0/4)" />
            <line number="80" hits="0" branch="false" />
            <line number="81" hits="0" branch="true" condition-coverage="0% (0/8)" />
            <line number="82" hits="0" branch="false" />
            <line number="84" hits="0" branch="false" />
            <line number="85" hits="0" branch="true" condition-coverage="0% (0/2)" />
            <line number="86" hits="0" branch="false" />
            <line number="87" hits="0" branch="false" />
            <line number="88" hits="0" branch="false" />
            <line number="89" hits="0" branch="true" condition-coverage="0% (0/2)" />
            <line number="90" hits="0" branch="false" />
            <line number="91" hits="0" branch="true" condition-coverage="0% (0/2)" />
            <line number="92" hits="0" branch="false" />
            <line number="94" hits="0" branch="false" />
            <line number="95" hits="0" branch="true" condition-coverage="0% (0/2)" />
            <line number="96" hits="0" branch="false" />
            <line number="97" hits="0" branch="false" />
            <line number="98" hits="0" branch="false" />
            <line number="99" hits="0" branch="true" condition-coverage="0% (0/2)" />
            <line number="100" hits="0" branch="false" />
            <line number="101" hits="0" branch="true" condition-coverage="0% (0/2)" />
            <line number="102" hits="0" branch="false" />
            <line number="104" hits="0" branch="false" />
            <line number="105" hits="0" branch="true" condition-coverage="0% (0/2)" />
            <line number="106" hits="0" branch="false" />
            <line number="107" hits="0" branch="false" />
            <line number="108" hits="0" branch="false" />
            <line number="109" hits="0" branch="true" condition-coverage="0% (0/2)" />
            <line number="110" hits="0" branch="false" />
            <line number="112" hits="0" branch="true" condition-coverage="0% (0/2)" />
            <line number="113" hits="0" branch="false" />
            <line number="115" hits="0" branch="true" condition-coverage="0% (0/2)" />
            <line number="116" hits="0" branch="false" />
            <line number="118" hits="0" branch="true" condition-coverage="0% (0/2)" />
            <line number="119" hits="0" branch="false" />
            <line number="121" hits="0" branch="true" condition-coverage="0% (0/2)" />
            <line number="122" hits="0" branch="false" />
            <line number="123" hits="0" branch="false" />
            <line number="125" hits="0" branch="false" />
            <line number="128" hits="0" branch="false" />
            <line number="129" hits="0" branch="false" />
            <line number="130" hits="0" branch="false" />
          </lines>
        </class>
      </classes>
    </package>
  </packages>
</coverage>