TpTrace Verbose: 0 : 1160, 1, 2021/01/13, 11:11:48.640, 97436884896, vstest.console.dll, Version: 16.8.1-release-20201119-07
TpTrace Information: 0 : 1160, 1, 2021/01/13, 11:11:48.651, 97436979903, vstest.console.dll, FilePatternParser: The given file C:\Users\Laurynas\source\repos\NasdaqBaltic\NasdaqBaltic\NasdaqBalticServices\FoniniaiProcesai_Tests\bin\Debug\netcoreapp3.1\FoniniaiProcesai_Tests.dll is a full path.
TpTrace Verbose: 0 : 1160, 1, 2021/01/13, 11:11:48.658, 97437047547, vstest.console.dll, TestPluginCache.DiscoverTestExtensions: finding test extensions in assemblies ends with: RuntimeProvider.dll TPluginInfo: Microsoft.VisualStudio.TestPlatform.Common.ExtensionFramework.Utilities.TestRuntimePluginInformation TExtension: Microsoft.VisualStudio.TestPlatform.ObjectModel.Host.ITestRuntimeProvider
TpTrace Verbose: 0 : 1160, 1, 2021/01/13, 11:11:48.658, 97437052356, vstest.console.dll, TestPluginCache.GetExtensionPaths: Filtered extension paths: 
TpTrace Verbose: 0 : 1160, 1, 2021/01/13, 11:11:48.658, 97437053734, vstest.console.dll, TestPluginCache.GetExtensionPaths: Added default extension paths: C:\Program Files\dotnet\sdk\5.0.101\Extensions\Microsoft.Diagnostics.NETCore.Client.dll
C:\Program Files\dotnet\sdk\5.0.101\Extensions\Microsoft.TestPlatform.Extensions.BlameDataCollector.dll
C:\Program Files\dotnet\sdk\5.0.101\Extensions\Microsoft.TestPlatform.Extensions.EventLogCollector.dll
C:\Program Files\dotnet\sdk\5.0.101\Extensions\Microsoft.TestPlatform.TestHostRuntimeProvider.dll
C:\Program Files\dotnet\sdk\5.0.101\Extensions\Microsoft.VisualStudio.TestPlatform.Extensions.Html.TestLogger.dll
C:\Program Files\dotnet\sdk\5.0.101\Extensions\Microsoft.VisualStudio.TestPlatform.Extensions.Trx.TestLogger.dll
TpTrace Verbose: 0 : 1160, 1, 2021/01/13, 11:11:48.658, 97437054578, vstest.console.dll, TestPluginCache.GetExtensionPaths: Added unfilterableExtensionPaths: 
TpTrace Information: 0 : 1160, 1, 2021/01/13, 11:11:48.659, 97437061457, vstest.console.dll, AssemblyResolver.ctor: Creating AssemblyResolver with searchDirectories C:\Program Files\dotnet\sdk\5.0.101\Extensions,C:\Program Files\dotnet\sdk\5.0.101
TpTrace Verbose: 0 : 1160, 1, 2021/01/13, 11:11:48.660, 97437069159, vstest.console.dll, TestPluginCache.DiscoverTestExtensions: Discovering the extensions using extension path.
TpTrace Verbose: 0 : 1160, 1, 2021/01/13, 11:11:48.660, 97437070548, vstest.console.dll, TestPluginCache.GetExtensionPaths: Filtered extension paths: 
TpTrace Verbose: 0 : 1160, 1, 2021/01/13, 11:11:48.660, 97437071447, vstest.console.dll, TestPluginCache.GetExtensionPaths: Added default extension paths: C:\Program Files\dotnet\sdk\5.0.101\Extensions\Microsoft.Diagnostics.NETCore.Client.dll
C:\Program Files\dotnet\sdk\5.0.101\Extensions\Microsoft.TestPlatform.Extensions.BlameDataCollector.dll
C:\Program Files\dotnet\sdk\5.0.101\Extensions\Microsoft.TestPlatform.Extensions.EventLogCollector.dll
C:\Program Files\dotnet\sdk\5.0.101\Extensions\Microsoft.TestPlatform.TestHostRuntimeProvider.dll
C:\Program Files\dotnet\sdk\5.0.101\Extensions\Microsoft.VisualStudio.TestPlatform.Extensions.Html.TestLogger.dll
C:\Program Files\dotnet\sdk\5.0.101\Extensions\Microsoft.VisualStudio.TestPlatform.Extensions.Trx.TestLogger.dll
TpTrace Verbose: 0 : 1160, 1, 2021/01/13, 11:11:48.660, 97437072257, vstest.console.dll, TestPluginCache.GetExtensionPaths: Added unfilterableExtensionPaths: 
TpTrace Verbose: 0 : 1160, 1, 2021/01/13, 11:11:48.660, 97437073301, vstest.console.dll, TestPluginCache.DiscoverTestExtensions: Discovering the extensions using allExtensionPaths: C:\Program Files\dotnet\sdk\5.0.101\Extensions\Microsoft.Diagnostics.NETCore.Client.dll
C:\Program Files\dotnet\sdk\5.0.101\Extensions\Microsoft.TestPlatform.Extensions.BlameDataCollector.dll
C:\Program Files\dotnet\sdk\5.0.101\Extensions\Microsoft.TestPlatform.Extensions.EventLogCollector.dll
C:\Program Files\dotnet\sdk\5.0.101\Extensions\Microsoft.TestPlatform.TestHostRuntimeProvider.dll
C:\Program Files\dotnet\sdk\5.0.101\Extensions\Microsoft.VisualStudio.TestPlatform.Extensions.Html.TestLogger.dll
C:\Program Files\dotnet\sdk\5.0.101\Extensions\Microsoft.VisualStudio.TestPlatform.Extensions.Trx.TestLogger.dll
TpTrace Information: 0 : 1160, 1, 2021/01/13, 11:11:48.661, 97437074862, vstest.console.dll, AssemblyResolver.AddSearchDirectories: Adding more searchDirectories C:\Program Files\dotnet\sdk\5.0.101\Extensions,C:\Program Files\dotnet\sdk\5.0.101
TpTrace Information: 0 : 1160, 1, 2021/01/13, 11:11:48.661, 97437075883, vstest.console.dll, AssemblyResolver.AddSearchDirectories: Adding more searchDirectories C:\Program Files\dotnet\sdk\5.0.101\Extensions,C:\Program Files\dotnet\sdk\5.0.101
TpTrace Information: 0 : 1160, 1, 2021/01/13, 11:11:48.661, 97437076820, vstest.console.dll, AssemblyResolver.AddSearchDirectories: Adding more searchDirectories C:\Program Files\dotnet\sdk\5.0.101\Extensions,C:\Program Files\dotnet\sdk\5.0.101
TpTrace Information: 0 : 1160, 1, 2021/01/13, 11:11:48.661, 97437077602, vstest.console.dll, AssemblyResolver.AddSearchDirectories: Adding more searchDirectories C:\Program Files\dotnet\sdk\5.0.101\Extensions,C:\Program Files\dotnet\sdk\5.0.101
TpTrace Information: 0 : 1160, 1, 2021/01/13, 11:11:48.661, 97437078372, vstest.console.dll, AssemblyResolver.AddSearchDirectories: Adding more searchDirectories C:\Program Files\dotnet\sdk\5.0.101\Extensions,C:\Program Files\dotnet\sdk\5.0.101
TpTrace Information: 0 : 1160, 1, 2021/01/13, 11:11:48.661, 97437079174, vstest.console.dll, AssemblyResolver.AddSearchDirectories: Adding more searchDirectories C:\Program Files\dotnet\sdk\5.0.101\Extensions,C:\Program Files\dotnet\sdk\5.0.101
TpTrace Information: 0 : 1160, 1, 2021/01/13, 11:11:48.661, 97437082255, vstest.console.dll, AssemblyResolver.OnResolve: Microsoft.Diagnostics.NETCore.Client: Resolving assembly.
TpTrace Information: 0 : 1160, 1, 2021/01/13, 11:11:48.662, 97437093065, vstest.console.dll, AssemblyResolver.OnResolve: Resolved assembly: Microsoft.Diagnostics.NETCore.Client, from path: C:\Program Files\dotnet\sdk\5.0.101\Extensions\Microsoft.Diagnostics.NETCore.Client.dll
TpTrace Information: 0 : 1160, 1, 2021/01/13, 11:11:48.664, 97437108424, vstest.console.dll, AssemblyResolver.OnResolve: Microsoft.Bcl.AsyncInterfaces: Resolving assembly.
TpTrace Information: 0 : 1160, 1, 2021/01/13, 11:11:48.664, 97437110299, vstest.console.dll, AssemblyResolver.OnResolve: Microsoft.Bcl.AsyncInterfaces: Failed to load assembly.
TpTrace Verbose: 0 : 1160, 1, 2021/01/13, 11:11:48.664, 97437111256, vstest.console.dll, CurrentDomain_AssemblyResolve: Resolving assembly 'Microsoft.Bcl.AsyncInterfaces'.
TpTrace Information: 0 : 1160, 1, 2021/01/13, 11:11:48.664, 97437112277, vstest.console.dll, AssemblyResolver.OnResolve: Microsoft.Bcl.AsyncInterfaces: Resolving assembly.
TpTrace Information: 0 : 1160, 1, 2021/01/13, 11:11:48.664, 97437113114, vstest.console.dll, AssemblyResolver.OnResolve: Microsoft.Bcl.AsyncInterfaces: Resolved from cache.
TpTrace Verbose: 0 : 1160, 1, 2021/01/13, 11:11:48.664, 97437113900, vstest.console.dll, CurrentDomain_AssemblyResolve: Resolving assembly 'Microsoft.Bcl.AsyncInterfaces'.
TpTrace Verbose: 0 : 1160, 1, 2021/01/13, 11:11:48.665, 97437114730, vstest.console.dll, CurrentDomainAssemblyResolve: Failed to resolve assembly 'Microsoft.Bcl.AsyncInterfaces'.
TpTrace Verbose: 0 : 1160, 1, 2021/01/13, 11:11:48.665, 97437121258, vstest.console.dll, CurrentDomainAssemblyResolve: Failed to resolve assembly 'Microsoft.Bcl.AsyncInterfaces'.
TpTrace Warning: 0 : 1160, 1, 2021/01/13, 11:11:48.677, 97437243418, vstest.console.dll, TestPluginDiscoverer: Failed to get types from assembly 'Microsoft.Diagnostics.NETCore.Client, Version=0.2.2.41902, Culture=neutral, PublicKeyToken=31bf3856ad364e35'.  Skipping test extension scan for this assembly.  Error: System.Reflection.ReflectionTypeLoadException: Unable to load one or more of the requested types.
Could not load file or assembly 'Microsoft.Bcl.AsyncInterfaces, Version=1.0.0.0, Culture=neutral, PublicKeyToken=cc7b13ffcd2ddd51'. The system cannot find the file specified.
   at System.Reflection.RuntimeModule.GetTypes(RuntimeModule module)
   at System.Reflection.RuntimeModule.GetTypes()
   at System.Reflection.Assembly.GetTypes()
   at Microsoft.VisualStudio.TestPlatform.Common.ExtensionFramework.TestPluginDiscoverer.GetTestExtensionsFromAssembly[TPluginInfo,TExtension](Assembly assembly, Dictionary`2 pluginInfos)
System.IO.FileNotFoundException: Could not load file or assembly 'Microsoft.Bcl.AsyncInterfaces, Version=1.0.0.0, Culture=neutral, PublicKeyToken=cc7b13ffcd2ddd51'. The system cannot find the file specified.
File name: 'Microsoft.Bcl.AsyncInterfaces, Version=1.0.0.0, Culture=neutral, PublicKeyToken=cc7b13ffcd2ddd51'
TpTrace Warning: 0 : 1160, 1, 2021/01/13, 11:11:48.678, 97437245684, vstest.console.dll, LoaderExceptions: System.IO.FileNotFoundException: Could not load file or assembly 'Microsoft.Bcl.AsyncInterfaces, Version=1.0.0.0, Culture=neutral, PublicKeyToken=cc7b13ffcd2ddd51'. The system cannot find the file specified.
File name: 'Microsoft.Bcl.AsyncInterfaces, Version=1.0.0.0, Culture=neutral, PublicKeyToken=cc7b13ffcd2ddd51'
TpTrace Information: 0 : 1160, 1, 2021/01/13, 11:11:48.678, 97437248405, vstest.console.dll, AssemblyResolver.OnResolve: Microsoft.TestPlatform.Extensions.BlameDataCollector: Resolving assembly.
TpTrace Information: 0 : 1160, 1, 2021/01/13, 11:11:48.679, 97437260111, vstest.console.dll, AssemblyResolver.OnResolve: Resolved assembly: Microsoft.TestPlatform.Extensions.BlameDataCollector, from path: C:\Program Files\dotnet\sdk\5.0.101\Extensions\Microsoft.TestPlatform.Extensions.BlameDataCollector.dll
TpTrace Information: 0 : 1160, 1, 2021/01/13, 11:11:48.680, 97437266858, vstest.console.dll, AssemblyResolver.OnResolve: Microsoft.TestPlatform.Extensions.EventLogCollector: Resolving assembly.
TpTrace Information: 0 : 1160, 1, 2021/01/13, 11:11:48.681, 97437275845, vstest.console.dll, AssemblyResolver.OnResolve: Resolved assembly: Microsoft.TestPlatform.Extensions.EventLogCollector, from path: C:\Program Files\dotnet\sdk\5.0.101\Extensions\Microsoft.TestPlatform.Extensions.EventLogCollector.dll
TpTrace Information: 0 : 1160, 1, 2021/01/13, 11:11:48.682, 97437286145, vstest.console.dll, AssemblyResolver.OnResolve: Microsoft.TestPlatform.TestHostRuntimeProvider: Resolving assembly.
TpTrace Information: 0 : 1160, 1, 2021/01/13, 11:11:48.682, 97437294508, vstest.console.dll, AssemblyResolver.OnResolve: Resolved assembly: Microsoft.TestPlatform.TestHostRuntimeProvider, from path: C:\Program Files\dotnet\sdk\5.0.101\Extensions\Microsoft.TestPlatform.TestHostRuntimeProvider.dll
TpTrace Information: 0 : 1160, 1, 2021/01/13, 11:11:48.683, 97437303467, vstest.console.dll, AssemblyResolver.OnResolve: Microsoft.VisualStudio.TestPlatform.Extensions.Html.TestLogger: Resolving assembly.
TpTrace Information: 0 : 1160, 1, 2021/01/13, 11:11:48.684, 97437312248, vstest.console.dll, AssemblyResolver.OnResolve: Resolved assembly: Microsoft.VisualStudio.TestPlatform.Extensions.Html.TestLogger, from path: C:\Program Files\dotnet\sdk\5.0.101\Extensions\Microsoft.VisualStudio.TestPlatform.Extensions.Html.TestLogger.dll
TpTrace Information: 0 : 1160, 1, 2021/01/13, 11:11:48.684, 97437314636, vstest.console.dll, AssemblyResolver.OnResolve: Microsoft.VisualStudio.TestPlatform.Extensions.Trx.TestLogger: Resolving assembly.
TpTrace Information: 0 : 1160, 1, 2021/01/13, 11:11:48.685, 97437324490, vstest.console.dll, AssemblyResolver.OnResolve: Resolved assembly: Microsoft.VisualStudio.TestPlatform.Extensions.Trx.TestLogger, from path: C:\Program Files\dotnet\sdk\5.0.101\Extensions\Microsoft.VisualStudio.TestPlatform.Extensions.Trx.TestLogger.dll
TpTrace Verbose: 0 : 1160, 1, 2021/01/13, 11:11:48.688, 97437346417, vstest.console.dll, TestPluginCache: Discovered the extensions using extension path ''.
TpTrace Verbose: 0 : 1160, 1, 2021/01/13, 11:11:48.688, 97437347817, vstest.console.dll, TestPluginCache: Discoverers are ''.
TpTrace Verbose: 0 : 1160, 1, 2021/01/13, 11:11:48.688, 97437348778, vstest.console.dll, TestPluginCache: Executors are ''.
TpTrace Verbose: 0 : 1160, 1, 2021/01/13, 11:11:48.688, 97437349531, vstest.console.dll, TestPluginCache: Executors2 are ''.
TpTrace Verbose: 0 : 1160, 1, 2021/01/13, 11:11:48.688, 97437350310, vstest.console.dll, TestPluginCache: Setting providers are ''.
TpTrace Verbose: 0 : 1160, 1, 2021/01/13, 11:11:48.688, 97437351123, vstest.console.dll, TestPluginCache: Loggers are ''.
TpTrace Information: 0 : 1160, 1, 2021/01/13, 11:11:48.692, 97437386186, vstest.console.dll, RunTestsArgumentProcessor:Execute: Test run is starting.
TpTrace Verbose: 0 : 1160, 1, 2021/01/13, 11:11:48.692, 97437387303, vstest.console.dll, RunTestsArgumentProcessor:Execute: Queuing Test run.
TpTrace Information: 0 : 1160, 1, 2021/01/13, 11:11:48.692, 97437389197, vstest.console.dll, TestRequestManager.RunTests: run tests started.
TpTrace Information: 0 : 1160, 1, 2021/01/13, 11:11:48.694, 97437410650, vstest.console.dll, AssemblyMetadataProvider.GetFrameWork: Determined framework:'.NETCoreApp,Version=v3.1' for source: 'C:\Users\Laurynas\source\repos\NasdaqBaltic\NasdaqBaltic\NasdaqBalticServices\FoniniaiProcesai_Tests\bin\Debug\netcoreapp3.1\FoniniaiProcesai_Tests.dll'
TpTrace Information: 0 : 1160, 1, 2021/01/13, 11:11:48.694, 97437412111, vstest.console.dll, Determined framework for all sources: .NETCoreApp,Version=v3.1
TpTrace Information: 0 : 1160, 1, 2021/01/13, 11:11:48.695, 97437415331, vstest.console.dll, AssemblyMetadataProvider.GetArchitecture: Determined architecture:AnyCPU info for assembly: C:\Users\Laurynas\source\repos\NasdaqBaltic\NasdaqBaltic\NasdaqBalticServices\FoniniaiProcesai_Tests\bin\Debug\netcoreapp3.1\FoniniaiProcesai_Tests.dll
TpTrace Information: 0 : 1160, 1, 2021/01/13, 11:11:48.696, 97437431440, vstest.console.dll, Determined platform for all sources: X64
TpTrace Information: 0 : 1160, 1, 2021/01/13, 11:11:48.698, 97437453120, vstest.console.dll, Compatible sources list : 
TpTrace Information: 0 : 1160, 1, 2021/01/13, 11:11:48.698, 97437454226, vstest.console.dll, C:\Users\Laurynas\source\repos\NasdaqBaltic\NasdaqBaltic\NasdaqBalticServices\FoniniaiProcesai_Tests\bin\Debug\netcoreapp3.1\FoniniaiProcesai_Tests.dll
TpTrace Information: 0 : 1160, 1, 2021/01/13, 11:11:48.700, 97437469424, vstest.console.dll, InferRunSettingsHelper.IsTestSettingsEnabled: Unable to navigate to RunSettings/MSTest. Current node: RunSettings
TpTrace Information: 0 : 1160, 1, 2021/01/13, 11:11:48.701, 97437475517, vstest.console.dll, AssemblyResolver.OnResolve: Microsoft.VisualStudio.TestPlatform.Fakes: Resolving assembly.
TpTrace Information: 0 : 1160, 1, 2021/01/13, 11:11:48.701, 97437477658, vstest.console.dll, AssemblyResolver.OnResolve: Microsoft.VisualStudio.TestPlatform.Fakes: Failed to load assembly.
TpTrace Information: 0 : 1160, 1, 2021/01/13, 11:11:48.701, 97437482529, vstest.console.dll, Failed to create newly implemented Fakes Configurator. Reason:System.IO.FileNotFoundException: Could not load file or assembly 'Microsoft.VisualStudio.TestPlatform.Fakes, Version=16.0.0.0, Culture=neutral, PublicKeyToken=null'. The system cannot find the file specified.
File name: 'Microsoft.VisualStudio.TestPlatform.Fakes, Version=16.0.0.0, Culture=neutral, PublicKeyToken=null'
   at System.Reflection.RuntimeAssembly.InternalLoad(ObjectHandleOnStack assemblyName, ObjectHandleOnStack requestingAssembly, StackCrawlMarkHandle stackMark, Boolean throwOnFileNotFound, ObjectHandleOnStack assemblyLoadContext, ObjectHandleOnStack retAssembly)
   at System.Reflection.RuntimeAssembly.InternalLoad(AssemblyName assemblyName, RuntimeAssembly requestingAssembly, StackCrawlMark& stackMark, Boolean throwOnFileNotFound, AssemblyLoadContext assemblyLoadContext)
   at System.Reflection.Assembly.Load(String assemblyString)
   at Microsoft.VisualStudio.TestPlatform.Common.Utilities.FakesUtilities.TryGetFakesCrossPlatformDataCollectorConfigurator() 
TpTrace Verbose: 0 : 1160, 1, 2021/01/13, 11:11:48.705, 97437517021, vstest.console.dll, TestPluginCache.DiscoverTestExtensions: finding test extensions in assemblies ends with: TestLogger.dll TPluginInfo: Microsoft.VisualStudio.TestPlatform.Common.ExtensionFramework.Utilities.TestLoggerPluginInformation TExtension: Microsoft.VisualStudio.TestPlatform.ObjectModel.Client.ITestLogger
TpTrace Verbose: 0 : 1160, 1, 2021/01/13, 11:11:48.705, 97437518793, vstest.console.dll, TestPluginCache.GetExtensionPaths: Filtered extension paths: 
TpTrace Verbose: 0 : 1160, 1, 2021/01/13, 11:11:48.705, 97437519672, vstest.console.dll, TestPluginCache.GetExtensionPaths: Added default extension paths: C:\Program Files\dotnet\sdk\5.0.101\Extensions\Microsoft.Diagnostics.NETCore.Client.dll
C:\Program Files\dotnet\sdk\5.0.101\Extensions\Microsoft.TestPlatform.Extensions.BlameDataCollector.dll
C:\Program Files\dotnet\sdk\5.0.101\Extensions\Microsoft.TestPlatform.Extensions.EventLogCollector.dll
C:\Program Files\dotnet\sdk\5.0.101\Extensions\Microsoft.TestPlatform.TestHostRuntimeProvider.dll
C:\Program Files\dotnet\sdk\5.0.101\Extensions\Microsoft.VisualStudio.TestPlatform.Extensions.Html.TestLogger.dll
C:\Program Files\dotnet\sdk\5.0.101\Extensions\Microsoft.VisualStudio.TestPlatform.Extensions.Trx.TestLogger.dll
TpTrace Verbose: 0 : 1160, 1, 2021/01/13, 11:11:48.705, 97437520535, vstest.console.dll, TestPluginCache.GetExtensionPaths: Added unfilterableExtensionPaths: 
TpTrace Information: 0 : 1160, 1, 2021/01/13, 11:11:48.705, 97437522311, vstest.console.dll, AssemblyResolver.AddSearchDirectories: Adding more searchDirectories C:\Program Files\dotnet\sdk\5.0.101\Extensions,C:\Program Files\dotnet\sdk\5.0.101
TpTrace Verbose: 0 : 1160, 1, 2021/01/13, 11:11:48.705, 97437523214, vstest.console.dll, TestPluginCache.DiscoverTestExtensions: Discovering the extensions using extension path.
TpTrace Verbose: 0 : 1160, 1, 2021/01/13, 11:11:48.705, 97437524007, vstest.console.dll, TestPluginCache.GetExtensionPaths: Filtered extension paths: 
TpTrace Verbose: 0 : 1160, 1, 2021/01/13, 11:11:48.706, 97437524766, vstest.console.dll, TestPluginCache.GetExtensionPaths: Added default extension paths: C:\Program Files\dotnet\sdk\5.0.101\Extensions\Microsoft.Diagnostics.NETCore.Client.dll
C:\Program Files\dotnet\sdk\5.0.101\Extensions\Microsoft.TestPlatform.Extensions.BlameDataCollector.dll
C:\Program Files\dotnet\sdk\5.0.101\Extensions\Microsoft.TestPlatform.Extensions.EventLogCollector.dll
C:\Program Files\dotnet\sdk\5.0.101\Extensions\Microsoft.TestPlatform.TestHostRuntimeProvider.dll
C:\Program Files\dotnet\sdk\5.0.101\Extensions\Microsoft.VisualStudio.TestPlatform.Extensions.Html.TestLogger.dll
C:\Program Files\dotnet\sdk\5.0.101\Extensions\Microsoft.VisualStudio.TestPlatform.Extensions.Trx.TestLogger.dll
TpTrace Verbose: 0 : 1160, 1, 2021/01/13, 11:11:48.706, 97437525574, vstest.console.dll, TestPluginCache.GetExtensionPaths: Added unfilterableExtensionPaths: 
TpTrace Verbose: 0 : 1160, 1, 2021/01/13, 11:11:48.706, 97437526348, vstest.console.dll, TestPluginCache.DiscoverTestExtensions: Discovering the extensions using allExtensionPaths: C:\Program Files\dotnet\sdk\5.0.101\Extensions\Microsoft.Diagnostics.NETCore.Client.dll
C:\Program Files\dotnet\sdk\5.0.101\Extensions\Microsoft.TestPlatform.Extensions.BlameDataCollector.dll
C:\Program Files\dotnet\sdk\5.0.101\Extensions\Microsoft.TestPlatform.Extensions.EventLogCollector.dll
C:\Program Files\dotnet\sdk\5.0.101\Extensions\Microsoft.TestPlatform.TestHostRuntimeProvider.dll
C:\Program Files\dotnet\sdk\5.0.101\Extensions\Microsoft.VisualStudio.TestPlatform.Extensions.Html.TestLogger.dll
C:\Program Files\dotnet\sdk\5.0.101\Extensions\Microsoft.VisualStudio.TestPlatform.Extensions.Trx.TestLogger.dll
TpTrace Information: 0 : 1160, 1, 2021/01/13, 11:11:48.706, 97437527254, vstest.console.dll, AssemblyResolver.AddSearchDirectories: Adding more searchDirectories C:\Program Files\dotnet\sdk\5.0.101\Extensions,C:\Program Files\dotnet\sdk\5.0.101
TpTrace Information: 0 : 1160, 1, 2021/01/13, 11:11:48.706, 97437528095, vstest.console.dll, AssemblyResolver.AddSearchDirectories: Adding more searchDirectories C:\Program Files\dotnet\sdk\5.0.101\Extensions,C:\Program Files\dotnet\sdk\5.0.101
TpTrace Information: 0 : 1160, 1, 2021/01/13, 11:11:48.706, 97437528878, vstest.console.dll, AssemblyResolver.AddSearchDirectories: Adding more searchDirectories C:\Program Files\dotnet\sdk\5.0.101\Extensions,C:\Program Files\dotnet\sdk\5.0.101
TpTrace Information: 0 : 1160, 1, 2021/01/13, 11:11:48.706, 97437529702, vstest.console.dll, AssemblyResolver.AddSearchDirectories: Adding more searchDirectories C:\Program Files\dotnet\sdk\5.0.101\Extensions,C:\Program Files\dotnet\sdk\5.0.101
TpTrace Information: 0 : 1160, 1, 2021/01/13, 11:11:48.706, 97437530487, vstest.console.dll, AssemblyResolver.AddSearchDirectories: Adding more searchDirectories C:\Program Files\dotnet\sdk\5.0.101\Extensions,C:\Program Files\dotnet\sdk\5.0.101
TpTrace Information: 0 : 1160, 1, 2021/01/13, 11:11:48.706, 97437531258, vstest.console.dll, AssemblyResolver.AddSearchDirectories: Adding more searchDirectories C:\Program Files\dotnet\sdk\5.0.101\Extensions,C:\Program Files\dotnet\sdk\5.0.101
TpTrace Information: 0 : 1160, 1, 2021/01/13, 11:11:48.706, 97437533154, vstest.console.dll, AssemblyResolver.OnResolve: Microsoft.Bcl.AsyncInterfaces: Resolving assembly.
TpTrace Information: 0 : 1160, 1, 2021/01/13, 11:11:48.706, 97437533996, vstest.console.dll, AssemblyResolver.OnResolve: Microsoft.Bcl.AsyncInterfaces: Resolved from cache.
TpTrace Verbose: 0 : 1160, 1, 2021/01/13, 11:11:48.707, 97437534776, vstest.console.dll, CurrentDomain_AssemblyResolve: Resolving assembly 'Microsoft.Bcl.AsyncInterfaces'.
TpTrace Information: 0 : 1160, 1, 2021/01/13, 11:11:48.707, 97437535774, vstest.console.dll, AssemblyResolver.OnResolve: Microsoft.Bcl.AsyncInterfaces: Resolving assembly.
TpTrace Information: 0 : 1160, 1, 2021/01/13, 11:11:48.707, 97437536553, vstest.console.dll, AssemblyResolver.OnResolve: Microsoft.Bcl.AsyncInterfaces: Resolved from cache.
TpTrace Verbose: 0 : 1160, 1, 2021/01/13, 11:11:48.707, 97437537363, vstest.console.dll, CurrentDomain_AssemblyResolve: Resolving assembly 'Microsoft.Bcl.AsyncInterfaces'.
TpTrace Verbose: 0 : 1160, 1, 2021/01/13, 11:11:48.707, 97437538223, vstest.console.dll, CurrentDomainAssemblyResolve: Failed to resolve assembly 'Microsoft.Bcl.AsyncInterfaces'.
TpTrace Verbose: 0 : 1160, 1, 2021/01/13, 11:11:48.707, 97437540714, vstest.console.dll, CurrentDomainAssemblyResolve: Failed to resolve assembly 'Microsoft.Bcl.AsyncInterfaces'.
TpTrace Warning: 0 : 1160, 1, 2021/01/13, 11:11:48.708, 97437545175, vstest.console.dll, TestPluginDiscoverer: Failed to get types from assembly 'Microsoft.Diagnostics.NETCore.Client, Version=0.2.2.41902, Culture=neutral, PublicKeyToken=31bf3856ad364e35'.  Skipping test extension scan for this assembly.  Error: System.Reflection.ReflectionTypeLoadException: Unable to load one or more of the requested types.
Could not load file or assembly 'Microsoft.Bcl.AsyncInterfaces, Version=1.0.0.0, Culture=neutral, PublicKeyToken=cc7b13ffcd2ddd51'. The system cannot find the file specified.
   at System.Reflection.RuntimeModule.GetTypes(RuntimeModule module)
   at System.Reflection.RuntimeModule.GetTypes()
   at System.Reflection.Assembly.GetTypes()
   at Microsoft.VisualStudio.TestPlatform.Common.ExtensionFramework.TestPluginDiscoverer.GetTestExtensionsFromAssembly[TPluginInfo,TExtension](Assembly assembly, Dictionary`2 pluginInfos)
System.IO.FileNotFoundException: Could not load file or assembly 'Microsoft.Bcl.AsyncInterfaces, Version=1.0.0.0, Culture=neutral, PublicKeyToken=cc7b13ffcd2ddd51'. The system cannot find the file specified.
File name: 'Microsoft.Bcl.AsyncInterfaces, Version=1.0.0.0, Culture=neutral, PublicKeyToken=cc7b13ffcd2ddd51'
TpTrace Warning: 0 : 1160, 1, 2021/01/13, 11:11:48.708, 97437546103, vstest.console.dll, LoaderExceptions: System.IO.FileNotFoundException: Could not load file or assembly 'Microsoft.Bcl.AsyncInterfaces, Version=1.0.0.0, Culture=neutral, PublicKeyToken=cc7b13ffcd2ddd51'. The system cannot find the file specified.
File name: 'Microsoft.Bcl.AsyncInterfaces, Version=1.0.0.0, Culture=neutral, PublicKeyToken=cc7b13ffcd2ddd51'
TpTrace Verbose: 0 : 1160, 1, 2021/01/13, 11:11:48.708, 97437548988, vstest.console.dll, TestPluginCache: Discovered the extensions using extension path ''.
TpTrace Verbose: 0 : 1160, 1, 2021/01/13, 11:11:48.708, 97437549863, vstest.console.dll, TestPluginCache: Discoverers are ''.
TpTrace Verbose: 0 : 1160, 1, 2021/01/13, 11:11:48.708, 97437550623, vstest.console.dll, TestPluginCache: Executors are ''.
TpTrace Verbose: 0 : 1160, 1, 2021/01/13, 11:11:48.708, 97437551356, vstest.console.dll, TestPluginCache: Executors2 are ''.
TpTrace Verbose: 0 : 1160, 1, 2021/01/13, 11:11:48.708, 97437552084, vstest.console.dll, TestPluginCache: Setting providers are ''.
TpTrace Verbose: 0 : 1160, 1, 2021/01/13, 11:11:48.708, 97437553148, vstest.console.dll, TestPluginCache: Loggers are 'logger://Microsoft/TestPlatform/Extensions/Blame/v1,logger://Microsoft/TestPlatform/HtmlLogger/v1,logger://Microsoft/TestPlatform/TrxLogger/v1'.
TpTrace Information: 0 : 1160, 1, 2021/01/13, 11:11:48.709, 97437558761, vstest.console.dll, TestPluginManager.CreateTestExtension: Attempting to load test extension: Microsoft.TestPlatform.Extensions.BlameDataCollector.BlameLogger
TpTrace Information: 0 : 1160, 1, 2021/01/13, 11:11:48.716, 97437630020, vstest.console.dll, TestPluginManager.CreateTestExtension: Attempting to load test extension: Microsoft.VisualStudio.TestPlatform.CrossPlatEngine.Hosting.DefaultTestHostManager
TpTrace Information: 0 : 1160, 1, 2021/01/13, 11:11:48.716, 97437634043, vstest.console.dll, TestPluginManager.CreateTestExtension: Attempting to load test extension: Microsoft.VisualStudio.TestPlatform.CrossPlatEngine.Hosting.DotnetTestHostManager
TpTrace Verbose: 0 : 1160, 1, 2021/01/13, 11:11:48.717, 97437639525, vstest.console.dll, TestEngine: Initializing Parallel Execution as MaxCpuCount is set to: 1
TpTrace Information: 0 : 1160, 1, 2021/01/13, 11:11:48.717, 97437644402, vstest.console.dll, InferRunSettingsHelper.IsTestSettingsEnabled: Unable to navigate to RunSettings/MSTest. Current node: RunSettings
TpTrace Verbose: 0 : 1160, 1, 2021/01/13, 11:11:48.729, 97437755941, vstest.console.dll, TestRequestSender is acting as server
TpTrace Verbose: 0 : 1160, 4, 2021/01/13, 11:11:48.733, 97437798063, vstest.console.dll, DataCollectionRequestSender.InitializeCommunication : Initialize communication. 
TpTrace Information: 0 : 1160, 4, 2021/01/13, 11:11:48.741, 97437883091, vstest.console.dll, Listening on Endpoint : 127.0.0.1:53372
TpTrace Verbose: 0 : 1160, 4, 2021/01/13, 11:11:48.750, 97437965679, vstest.console.dll, DotnetDataCollectionLauncher: Full path of dotnet.exe is C:\Program Files\dotnet\dotnet.exe
TpTrace Verbose: 0 : 1160, 4, 2021/01/13, 11:11:48.750, 97437967605, vstest.console.dll, DotnetDataCollectionLauncher: Adding  --runtimeconfig "C:\Program Files\dotnet\sdk\5.0.101\datacollector.runtimeconfig.json" in args
TpTrace Verbose: 0 : 1160, 4, 2021/01/13, 11:11:48.750, 97437968813, vstest.console.dll, DotnetDataCollectionLauncher: Adding  --depsfile "C:\Program Files\dotnet\sdk\5.0.101\datacollector.deps.json" in args
TpTrace Information: 0 : 1160, 4, 2021/01/13, 11:11:48.756, 97438033750, vstest.console.dll, ProxyDataCollectionManager.Initialize: Launched datacollector processId: 22484 port: 53372
TpTrace Information: 0 : 1160, 4, 2021/01/13, 11:11:48.757, 97438036340, vstest.console.dll, ProxyDataCollectionManager.Initialize: waiting for connection with timeout: 90 seconds
TpTrace Verbose: 0 : 1160, 4, 2021/01/13, 11:11:48.757, 97438037883, vstest.console.dll, DataCollectionRequestSender.WaitForRequestHandlerConnection : Waiting for connection with timeout: 90000
TpTrace Information: 0 : 1160, 7, 2021/01/13, 11:11:48.883, 97439297462, vstest.console.dll, Using the buffer size of 16384 bytes
TpTrace Verbose: 0 : 1160, 4, 2021/01/13, 11:11:48.883, 97439297979, vstest.console.dll, ProxyDataCollectionManager.InvokeDataCollectionServiceAction: Starting.
TpTrace Information: 0 : 1160, 7, 2021/01/13, 11:11:48.883, 97439299062, vstest.console.dll, Accepted Client request and set the flag
TpTrace Information: 0 : 1160, 4, 2021/01/13, 11:11:48.883, 97439300785, vstest.console.dll, ProxyDataCollectionManager.BeforeTestRunStart: Get environment variable and port for datacollector processId: 22484 port: 53372
TpTrace Verbose: 0 : 1160, 4, 2021/01/13, 11:11:48.883, 97439303464, vstest.console.dll, DataCollectionRequestSender.SendBeforeTestRunStartAndGetResult : Send BeforeTestRunStart message with settingsXml <RunSettings><RunConfiguration><ResultsDirectory>C:\Users\Laurynas\source\repos\NasdaqBaltic\NasdaqBaltic\NasdaqBalticServices\FoniniaiProcesai_Tests\bin\Debug\netcoreapp3.1\fine-code-coverage</ResultsDirectory><TargetPlatform>X64</TargetPlatform><TargetFrameworkVersion>.NETCoreApp,Version=v3.1</TargetFrameworkVersion><DesignMode>False</DesignMode><CollectSourceInformation>False</CollectSourceInformation><TestAdaptersPaths>C:\Program Files\dotnet\sdk\5.0.101\Extensions</TestAdaptersPaths></RunConfiguration><LoggerRunSettings><Loggers><Logger friendlyName="blame" enabled="True" /><Logger friendlyName="Console" uri="logger://microsoft/TestPlatform/ConsoleLogger/v1" assemblyQualifiedName="Microsoft.VisualStudio.TestPlatform.CommandLine.Internal.ConsoleLogger, vstest.console, Version=15.0.0.0, Culture=neutral, PublicKeyToken=b03f5f7f11d50a3a" codeBase="C:\Program Files\dotnet\sdk\5.0.101\vstest.console.dll" enabled="True" /></Loggers></LoggerRunSettings><DataCollectionRunSettings><DataCollectors><DataCollector friendlyName="blame" enabled="True"><Configuration><ResultsDirectory>C:\Users\Laurynas\source\repos\NasdaqBaltic\NasdaqBaltic\NasdaqBalticServices\FoniniaiProcesai_Tests\bin\Debug\netcoreapp3.1\fine-code-coverage</ResultsDirectory></Configuration></DataCollector></DataCollectors></DataCollectionRunSettings></RunSettings> and sources System.Linq.Enumerable+Concat2Iterator`1[System.String]: 
TpTrace Verbose: 0 : 1160, 4, 2021/01/13, 11:11:48.936, 97439834681, vstest.console.dll, DataCollectionRequestSender.SendBeforeTestRunStartAndGetResult : Received message: (DataCollection.SendMessage) -> {
  "FriendlyName": null,
  "Uri": null,
  "TestCaseId": "00000000-0000-0000-0000-000000000000",
  "Message": "Logging DataCollector Diagnostics in file: C:\\Users\\Laurynas\\source\\repos\\NasdaqBaltic\\NasdaqBaltic\\NasdaqBalticServices\\FoniniaiProcesai_Tests\\bin\\Debug\\netcoreapp3.1\\fine-code-coverage\\diagnostics.datacollector.21-01-13_11-11-48_74648_4.log",
  "Level": 0
}
TpTrace Verbose: 0 : 1160, 4, 2021/01/13, 11:11:48.987, 97440340070, vstest.console.dll, DataCollectionRequestSender.SendBeforeTestRunStartAndGetResult : Received message: (DataCollection.BeforeTestRunStartResult) -> {
  "EnvironmentVariables": {},
  "DataCollectionEventsPort": 53374
}
TpTrace Information: 0 : 1160, 4, 2021/01/13, 11:11:48.992, 97440385639, vstest.console.dll, ProxyDataCollectionManager.BeforeTestRunStart: SendBeforeTestRunStartAndGetResult successful, env variable from datacollector:   and testhost port: 53374
TpTrace Information: 0 : 1160, 4, 2021/01/13, 11:11:48.992, 97440387183, vstest.console.dll, ProxyDataCollectionManager.InvokeDataCollectionServiceAction: Completed.
TpTrace Verbose: 0 : 1160, 1, 2021/01/13, 11:11:48.992, 97440388783, vstest.console.dll, TestRunRequest.ExecuteAsync: Creating test run request.
TpTrace Verbose: 0 : 1160, 1, 2021/01/13, 11:11:48.992, 97440391352, vstest.console.dll, TestRunRequest.ExecuteAsync: Starting.
TpTrace Information: 0 : 1160, 1, 2021/01/13, 11:11:48.992, 97440393860, vstest.console.dll, TestRunRequest.ExecuteAsync: Starting run with settings:TestRunCriteria:
   KeepAlive=False,FrequencyOfRunStatsChangeEvent=10,RunStatsChangeEventTimeout=00:00:01.5000000,TestCaseFilter=,TestExecutorLauncher=
   Settingsxml=<RunSettings>
  <RunConfiguration>
    <ResultsDirectory>C:\Users\Laurynas\source\repos\NasdaqBaltic\NasdaqBaltic\NasdaqBalticServices\FoniniaiProcesai_Tests\bin\Debug\netcoreapp3.1\fine-code-coverage</ResultsDirectory>
    <TargetPlatform>X64</TargetPlatform>
    <TargetFrameworkVersion>.NETCoreApp,Version=v3.1</TargetFrameworkVersion>
    <DesignMode>False</DesignMode>
    <CollectSourceInformation>False</CollectSourceInformation>
  </RunConfiguration>
  <LoggerRunSettings>
    <Loggers>
      <Logger friendlyName="blame" enabled="True" />
      <Logger friendlyName="Console" uri="logger://microsoft/TestPlatform/ConsoleLogger/v1" assemblyQualifiedName="Microsoft.VisualStudio.TestPlatform.CommandLine.Internal.ConsoleLogger, vstest.console, Version=15.0.0.0, Culture=neutral, PublicKeyToken=b03f5f7f11d50a3a" codeBase="C:\Program Files\dotnet\sdk\5.0.101\vstest.console.dll" enabled="True" />
    </Loggers>
  </LoggerRunSettings>
  <DataCollectionRunSettings>
    <DataCollectors>
      <DataCollector friendlyName="blame" enabled="True">
        <Configuration>
          <ResultsDirectory>C:\Users\Laurynas\source\repos\NasdaqBaltic\NasdaqBaltic\NasdaqBalticServices\FoniniaiProcesai_Tests\bin\Debug\netcoreapp3.1\fine-code-coverage</ResultsDirectory>
        </Configuration>
      </DataCollector>
    </DataCollectors>
  </DataCollectionRunSettings>
</RunSettings>

TpTrace Verbose: 0 : 1160, 1, 2021/01/13, 11:11:48.993, 97440395390, vstest.console.dll, TestRunRequest.ExecuteAsync: Wait for the first run request is over.
TpTrace Verbose: 0 : 1160, 1, 2021/01/13, 11:11:48.993, 97440399212, vstest.console.dll, ParallelProxyExecutionManager: Start execution. Total sources: 1
TpTrace Information: 0 : 1160, 1, 2021/01/13, 11:11:48.993, 97440403989, vstest.console.dll, ProxyParallelExecutionManager: Triggering test run for next source: C:\Users\Laurynas\source\repos\NasdaqBaltic\NasdaqBaltic\NasdaqBalticServices\FoniniaiProcesai_Tests\bin\Debug\netcoreapp3.1\FoniniaiProcesai_Tests.dll
TpTrace Verbose: 0 : 1160, 1, 2021/01/13, 11:11:48.994, 97440405872, vstest.console.dll, ProxyParallelExecutionManager: No sources available for execution.
TpTrace Information: 0 : 1160, 1, 2021/01/13, 11:11:48.994, 97440406900, vstest.console.dll, TestRunRequest.ExecuteAsync: Started.
TpTrace Verbose: 0 : 1160, 1, 2021/01/13, 11:11:48.994, 97440407959, vstest.console.dll, TestRunRequest.WaitForCompletion: Waiting with timeout -1.
TpTrace Verbose: 0 : 1160, 6, 2021/01/13, 11:11:48.994, 97440406050, vstest.console.dll, ParallelProxyExecutionManager: Execution started. Started clients: 1
TpTrace Verbose: 0 : 1160, 6, 2021/01/13, 11:11:48.994, 97440412156, vstest.console.dll, TestRunRequest:SendTestRunMessage: Starting.
TpTrace Information: 0 : 1160, 6, 2021/01/13, 11:11:48.994, 97440413493, vstest.console.dll, TestRunRequest:SendTestRunMessage: Completed.
TpTrace Verbose: 0 : 1160, 6, 2021/01/13, 11:11:48.995, 97440415533, vstest.console.dll, ProxyExecutionManager: Test host is always Lazy initialize.
TpTrace Verbose: 0 : 1160, 6, 2021/01/13, 11:11:48.995, 97440417913, vstest.console.dll, TestRequestSender.InitializeCommunication: initialize communication. 
TpTrace Information: 0 : 1160, 6, 2021/01/13, 11:11:48.995, 97440422189, vstest.console.dll, SocketServer.Start: Listening on endpoint : 127.0.0.1:53375
TpTrace Verbose: 0 : 1160, 6, 2021/01/13, 11:11:48.996, 97440428384, vstest.console.dll, DotnetTestHostmanager: Adding  --runtimeconfig "C:\Users\Laurynas\source\repos\NasdaqBaltic\NasdaqBaltic\NasdaqBalticServices\FoniniaiProcesai_Tests\bin\Debug\netcoreapp3.1\FoniniaiProcesai_Tests.runtimeconfig.json" in args
TpTrace Verbose: 0 : 1160, 6, 2021/01/13, 11:11:48.996, 97440429734, vstest.console.dll, DotnetTestHostmanager: Adding  --depsfile "C:\Users\Laurynas\source\repos\NasdaqBaltic\NasdaqBaltic\NasdaqBalticServices\FoniniaiProcesai_Tests\bin\Debug\netcoreapp3.1\FoniniaiProcesai_Tests.deps.json" in args
TpTrace Information: 0 : 1160, 6, 2021/01/13, 11:11:48.996, 97440432276, vstest.console.dll, AssemblyResolver.OnResolve: Microsoft.Extensions.DependencyModel: Resolving assembly.
TpTrace Information: 0 : 1160, 6, 2021/01/13, 11:11:48.997, 97440442469, vstest.console.dll, AssemblyResolver.OnResolve: Resolved assembly: Microsoft.Extensions.DependencyModel, from path: C:\Program Files\dotnet\sdk\5.0.101\Microsoft.Extensions.DependencyModel.dll
TpTrace Verbose: 0 : 1160, 6, 2021/01/13, 11:11:48.998, 97440445263, vstest.console.dll, DotnetTestHostmanager: Reading file C:\Users\Laurynas\source\repos\NasdaqBaltic\NasdaqBaltic\NasdaqBalticServices\FoniniaiProcesai_Tests\bin\Debug\netcoreapp3.1\FoniniaiProcesai_Tests.deps.json to get path of testhost.dll
TpTrace Verbose: 0 : 1160, 6, 2021/01/13, 11:11:49.017, 97440640640, vstest.console.dll, DotnetTestHostmanager: Relative path of testhost.dll with respect to package folder is microsoft.testplatform.testhost/16.5.0\lib/netcoreapp2.1/testhost.dll
TpTrace Verbose: 0 : 1160, 6, 2021/01/13, 11:11:49.018, 97440646423, vstest.console.dll, DotnetTestHostmanager: Looking for path microsoft.testplatform.testhost/16.5.0\lib/netcoreapp2.1/testhost.dll in folder C:\Users\Laurynas\.dotnet\store\|arch|\|tfm|
TpTrace Verbose: 0 : 1160, 6, 2021/01/13, 11:11:49.018, 97440647821, vstest.console.dll, DotnetTestHostmanager: Looking for path microsoft.testplatform.testhost/16.5.0\lib/netcoreapp2.1/testhost.dll in folder C:\Users\Laurynas\.nuget\packages
TpTrace Verbose: 0 : 1160, 6, 2021/01/13, 11:11:49.018, 97440649890, vstest.console.dll, DotnetTestHostManager: Testhost.exe/testhost.x86.exe found at path: C:\Users\Laurynas\.nuget\packages\microsoft.testplatform.testhost\16.5.0\build\netcoreapp2.1\x64\testhost.exe
TpTrace Verbose: 0 : 1160, 6, 2021/01/13, 11:11:49.018, 97440650833, vstest.console.dll, DotnetTestHostmanager: Full path of host exe is C:\Users\Laurynas\.nuget\packages\microsoft.testplatform.testhost\16.5.0\build\netcoreapp2.1\x64\testhost.exe
TpTrace Verbose: 0 : 1160, 4, 2021/01/13, 11:11:49.019, 97440658251, vstest.console.dll, DotnetTestHostManager: Starting process 'C:\Users\Laurynas\.nuget\packages\microsoft.testplatform.testhost\16.5.0\build\netcoreapp2.1\x64\testhost.exe' with command line ' --runtimeconfig "C:\Users\Laurynas\source\repos\NasdaqBaltic\NasdaqBaltic\NasdaqBalticServices\FoniniaiProcesai_Tests\bin\Debug\netcoreapp3.1\FoniniaiProcesai_Tests.runtimeconfig.json" --depsfile "C:\Users\Laurynas\source\repos\NasdaqBaltic\NasdaqBaltic\NasdaqBalticServices\FoniniaiProcesai_Tests\bin\Debug\netcoreapp3.1\FoniniaiProcesai_Tests.deps.json" --port 53375 --endpoint 127.0.0.1:053375 --role client --parentprocessid 1160 --diag "C:\Users\Laurynas\source\repos\NasdaqBaltic\NasdaqBaltic\NasdaqBalticServices\FoniniaiProcesai_Tests\bin\Debug\netcoreapp3.1\fine-code-coverage\diagnostics.host.21-01-13_11-11-48_99606_6.log" --tracelevel 4 --datacollectionport 53374 --telemetryoptedin false'
TpTrace Verbose: 0 : 1160, 4, 2021/01/13, 11:11:49.023, 97440696258, vstest.console.dll, Test Runtime launched
TpTrace Verbose: 0 : 1160, 6, 2021/01/13, 11:11:49.023, 97440703227, vstest.console.dll, TestRequestSender.WaitForRequestHandlerConnection: waiting for connection with timeout: 90000
TpTrace Verbose: 0 : 1160, 4, 2021/01/13, 11:11:49.160, 97442072585, vstest.console.dll, SocketServer.OnClientConnected: Client connected for endPoint: 127.0.0.1:53375, starting MessageLoopAsync:
TpTrace Verbose: 0 : 1160, 4, 2021/01/13, 11:11:49.161, 97442076237, vstest.console.dll, TcpClientExtensions.MessageLoopAsync: Polling on remoteEndPoint: 127.0.0.1:53376 localEndPoint: 127.0.0.1:53375
TpTrace Verbose: 0 : 1160, 4, 2021/01/13, 11:11:49.289, 97443363053, vstest.console.dll, TcpClientExtensions.MessageLoopAsync: NotifyDataAvailable remoteEndPoint: 127.0.0.1:53376 localEndPoint: 127.0.0.1:53375
TpTrace Verbose: 0 : 1160, 4, 2021/01/13, 11:11:49.290, 97443365911, vstest.console.dll, TestRequestSender.CheckVersionWithTestHost: onMessageReceived received message: (ProtocolVersion) -> 2
TpTrace Verbose: 0 : 1160, 4, 2021/01/13, 11:11:49.290, 97443371539, vstest.console.dll, TcpClientExtensions.MessageLoopAsync: Polling on remoteEndPoint: 127.0.0.1:53376 localEndPoint: 127.0.0.1:53375
TpTrace Verbose: 0 : 1160, 6, 2021/01/13, 11:11:49.290, 97443372732, vstest.console.dll, TestPluginCache.GetExtensionPaths: Filtered extension paths: 
TpTrace Verbose: 0 : 1160, 6, 2021/01/13, 11:11:49.290, 97443373786, vstest.console.dll, TestPluginCache.GetExtensionPaths: Added default extension paths: C:\Program Files\dotnet\sdk\5.0.101\Extensions\Microsoft.Diagnostics.NETCore.Client.dll
C:\Program Files\dotnet\sdk\5.0.101\Extensions\Microsoft.TestPlatform.Extensions.BlameDataCollector.dll
C:\Program Files\dotnet\sdk\5.0.101\Extensions\Microsoft.TestPlatform.Extensions.EventLogCollector.dll
C:\Program Files\dotnet\sdk\5.0.101\Extensions\Microsoft.TestPlatform.TestHostRuntimeProvider.dll
C:\Program Files\dotnet\sdk\5.0.101\Extensions\Microsoft.VisualStudio.TestPlatform.Extensions.Html.TestLogger.dll
C:\Program Files\dotnet\sdk\5.0.101\Extensions\Microsoft.VisualStudio.TestPlatform.Extensions.Trx.TestLogger.dll
TpTrace Verbose: 0 : 1160, 6, 2021/01/13, 11:11:49.290, 97443374626, vstest.console.dll, TestPluginCache.GetExtensionPaths: Added unfilterableExtensionPaths: 
TpTrace Verbose: 0 : 1160, 6, 2021/01/13, 11:11:49.293, 97443399534, vstest.console.dll, TestRequestSender.InitializeExecution: Sending initializing execution with message: {"Version":2,"MessageType":"TestExecution.Initialize","Payload":["C:\\Users\\Laurynas\\source\\repos\\NasdaqBaltic\\NasdaqBaltic\\NasdaqBalticServices\\FoniniaiProcesai_Tests\\bin\\Debug\\netcoreapp3.1\\NUnit3.TestAdapter.dll"]}
TpTrace Verbose: 0 : 1160, 6, 2021/01/13, 11:11:49.299, 97443461589, vstest.console.dll, TestRequestSender.StartTestRun: Sending test run with message: {"Version":2,"MessageType":"TestExecution.StartWithSources","Payload":{"AdapterSourceMap":{"_none_":["C:\\Users\\Laurynas\\source\\repos\\NasdaqBaltic\\NasdaqBaltic\\NasdaqBalticServices\\FoniniaiProcesai_Tests\\bin\\Debug\\netcoreapp3.1\\FoniniaiProcesai_Tests.dll"]},"RunSettings":"<RunSettings>\r\n  <RunConfiguration>\r\n    <ResultsDirectory>C:\\Users\\Laurynas\\source\\repos\\NasdaqBaltic\\NasdaqBaltic\\NasdaqBalticServices\\FoniniaiProcesai_Tests\\bin\\Debug\\netcoreapp3.1\\fine-code-coverage</ResultsDirectory>\r\n    <TargetPlatform>X64</TargetPlatform>\r\n    <TargetFrameworkVersion>.NETCoreApp,Version=v3.1</TargetFrameworkVersion>\r\n    <DesignMode>False</DesignMode>\r\n    <CollectSourceInformation>False</CollectSourceInformation>\r\n  </RunConfiguration>\r\n  <LoggerRunSettings>\r\n    <Loggers>\r\n      <Logger friendlyName=\"blame\" enabled=\"True\" />\r\n      <Logger friendlyName=\"Console\" uri=\"logger://microsoft/TestPlatform/ConsoleLogger/v1\" assemblyQualifiedName=\"Microsoft.VisualStudio.TestPlatform.CommandLine.Internal.ConsoleLogger, vstest.console, Version=15.0.0.0, Culture=neutral, PublicKeyToken=b03f5f7f11d50a3a\" codeBase=\"C:\\Program Files\\dotnet\\sdk\\5.0.101\\vstest.console.dll\" enabled=\"True\" />\r\n    </Loggers>\r\n  </LoggerRunSettings>\r\n  <DataCollectionRunSettings>\r\n    <DataCollectors>\r\n      <DataCollector friendlyName=\"blame\" enabled=\"True\">\r\n        <Configuration>\r\n          <ResultsDirectory>C:\\Users\\Laurynas\\source\\repos\\NasdaqBaltic\\NasdaqBaltic\\NasdaqBalticServices\\FoniniaiProcesai_Tests\\bin\\Debug\\netcoreapp3.1\\fine-code-coverage</ResultsDirectory>\r\n        </Configuration>\r\n      </DataCollector>\r\n    </DataCollectors>\r\n  </DataCollectionRunSettings>\r\n</RunSettings>","TestExecutionContext":{"FrequencyOfRunStatsChangeEvent":10,"RunStatsChangeEventTimeout":"00:00:01.5000000","InIsolation":false,"KeepAlive":false,"AreTestCaseLevelEventsRequired":false,"IsDebug":false,"TestCaseFilter":null,"FilterOptions":null},"Package":null}}
TpTrace Verbose: 0 : 1160, 4, 2021/01/13, 11:11:49.300, 97443473058, vstest.console.dll, TcpClientExtensions.MessageLoopAsync: NotifyDataAvailable remoteEndPoint: 127.0.0.1:53376 localEndPoint: 127.0.0.1:53375
TpTrace Verbose: 0 : 1160, 4, 2021/01/13, 11:11:49.301, 97443475187, vstest.console.dll, TestRequestSender.OnExecutionMessageReceived: Received message: {"Version":2,"MessageType":"TestSession.Message","Payload":{"MessageLevel":0,"Message":"Logging TestHost Diagnostics in file: C:\\Users\\Laurynas\\source\\repos\\NasdaqBaltic\\NasdaqBaltic\\NasdaqBalticServices\\FoniniaiProcesai_Tests\\bin\\Debug\\netcoreapp3.1\\fine-code-coverage\\diagnostics.host.21-01-13_11-11-48_99606_6.log"}}
TpTrace Verbose: 0 : 1160, 4, 2021/01/13, 11:11:49.302, 97443490079, vstest.console.dll, TestRunRequest:SendTestRunMessage: Starting.
TpTrace Information: 0 : 1160, 4, 2021/01/13, 11:11:49.302, 97443491285, vstest.console.dll, TestRunRequest:SendTestRunMessage: Completed.
TpTrace Verbose: 0 : 1160, 4, 2021/01/13, 11:11:49.302, 97443492194, vstest.console.dll, TcpClientExtensions.MessageLoopAsync: Polling on remoteEndPoint: 127.0.0.1:53376 localEndPoint: 127.0.0.1:53375
TpTrace Verbose: 0 : 1160, 4, 2021/01/13, 11:11:49.437, 97444839061, vstest.console.dll, TcpClientExtensions.MessageLoopAsync: NotifyDataAvailable remoteEndPoint: 127.0.0.1:53376 localEndPoint: 127.0.0.1:53375
TpTrace Verbose: 0 : 1160, 4, 2021/01/13, 11:11:49.437, 97444841137, vstest.console.dll, TestRequestSender.OnExecutionMessageReceived: Received message: {"Version":2,"MessageType":"TestSession.Message","Payload":{"MessageLevel":0,"Message":"NUnit Adapter 3.16.1.0: Test execution started"}}
TpTrace Verbose: 0 : 1160, 4, 2021/01/13, 11:11:49.437, 97444844190, vstest.console.dll, TestRunRequest:SendTestRunMessage: Starting.
TpTrace Information: 0 : 1160, 4, 2021/01/13, 11:11:49.438, 97444845301, vstest.console.dll, TestRunRequest:SendTestRunMessage: Completed.
TpTrace Verbose: 0 : 1160, 4, 2021/01/13, 11:11:49.438, 97444846238, vstest.console.dll, TcpClientExtensions.MessageLoopAsync: Polling on remoteEndPoint: 127.0.0.1:53376 localEndPoint: 127.0.0.1:53375
TpTrace Verbose: 0 : 1160, 4, 2021/01/13, 11:11:49.444, 97444909914, vstest.console.dll, TcpClientExtensions.MessageLoopAsync: NotifyDataAvailable remoteEndPoint: 127.0.0.1:53376 localEndPoint: 127.0.0.1:53375
TpTrace Verbose: 0 : 1160, 4, 2021/01/13, 11:11:49.444, 97444911921, vstest.console.dll, TestRequestSender.OnExecutionMessageReceived: Received message: {"Version":2,"MessageType":"TestSession.Message","Payload":{"MessageLevel":0,"Message":"Running all tests in C:\\Users\\Laurynas\\source\\repos\\NasdaqBaltic\\NasdaqBaltic\\NasdaqBalticServices\\FoniniaiProcesai_Tests\\bin\\Debug\\netcoreapp3.1\\FoniniaiProcesai_Tests.dll"}}
TpTrace Verbose: 0 : 1160, 4, 2021/01/13, 11:11:49.445, 97444915393, vstest.console.dll, TestRunRequest:SendTestRunMessage: Starting.
TpTrace Information: 0 : 1160, 4, 2021/01/13, 11:11:49.445, 97444916412, vstest.console.dll, TestRunRequest:SendTestRunMessage: Completed.
TpTrace Verbose: 0 : 1160, 4, 2021/01/13, 11:11:49.445, 97444917372, vstest.console.dll, TcpClientExtensions.MessageLoopAsync: Polling on remoteEndPoint: 127.0.0.1:53376 localEndPoint: 127.0.0.1:53375
TpTrace Verbose: 0 : 1160, 4, 2021/01/13, 11:11:49.591, 97446383157, vstest.console.dll, TcpClientExtensions.MessageLoopAsync: NotifyDataAvailable remoteEndPoint: 127.0.0.1:53376 localEndPoint: 127.0.0.1:53375
TpTrace Verbose: 0 : 1160, 4, 2021/01/13, 11:11:49.592, 97446384703, vstest.console.dll, TestRequestSender.OnExecutionMessageReceived: Received message: {"Version":2,"MessageType":"TestSession.Message","Payload":{"MessageLevel":0,"Message":"   NUnit3TestExecutor converted 7 of 7 NUnit test cases"}}
TpTrace Verbose: 0 : 1160, 4, 2021/01/13, 11:11:49.592, 97446386959, vstest.console.dll, TestRunRequest:SendTestRunMessage: Starting.
TpTrace Information: 0 : 1160, 4, 2021/01/13, 11:11:49.592, 97446387993, vstest.console.dll, TestRunRequest:SendTestRunMessage: Completed.
TpTrace Verbose: 0 : 1160, 4, 2021/01/13, 11:11:49.592, 97446388859, vstest.console.dll, TcpClientExtensions.MessageLoopAsync: Polling on remoteEndPoint: 127.0.0.1:53376 localEndPoint: 127.0.0.1:53375
TpTrace Verbose: 0 : 1160, 4, 2021/01/13, 11:11:50.592, 97456391637, vstest.console.dll, TcpClientExtensions.MessageLoopAsync: Polling on remoteEndPoint: 127.0.0.1:53376 localEndPoint: 127.0.0.1:53375
TpTrace Verbose: 0 : 1160, 4, 2021/01/13, 11:11:50.891, 97459375684, vstest.console.dll, TcpClientExtensions.MessageLoopAsync: NotifyDataAvailable remoteEndPoint: 127.0.0.1:53376 localEndPoint: 127.0.0.1:53375
TpTrace Verbose: 0 : 1160, 4, 2021/01/13, 11:11:50.891, 97459378903, vstest.console.dll, TestRequestSender.OnExecutionMessageReceived: Received message: {"Version":2,"MessageType":"TestExecution.StatsChange","Payload":{"NewTestResults":[{"TestCase":{"Id":"a0570948-8a55-dbac-4379-ce6c3b3af839","FullyQualifiedName":"FoniniaiProcesai_Tests.InformacijosGavimoFunkcijosTests.GautiAkcijuSarasa__rezultatas_GautasNuskaitytasAkcijuSarasas","DisplayName":"GautiAkcijuSarasa__rezultatas_GautasNuskaitytasAkcijuSarasas","ExecutorUri":"executor://NUnit3TestExecutor","Source":"C:\\Users\\Laurynas\\source\\repos\\NasdaqBaltic\\NasdaqBaltic\\NasdaqBalticServices\\FoniniaiProcesai_Tests\\bin\\Debug\\netcoreapp3.1\\FoniniaiProcesai_Tests.dll","CodeFilePath":null,"LineNumber":0,"Properties":[]},"Attachments":[],"Outcome":1,"ErrorMessage":null,"ErrorStackTrace":null,"DisplayName":"GautiAkcijuSarasa__rezultatas_GautasNuskaitytasAkcijuSarasas","Messages":[],"ComputerName":"DESKTOP-KBBI7BR","Duration":"00:00:00.5550429","StartTime":"2021-01-13T09:11:49+00:00","EndTime":"2021-01-13T09:11:50+00:00","Properties":[]},{"TestCase":{"Id":"415dabd3-0d3e-f2e8-8454-99aef46cecfb","FullyQualifiedName":"FoniniaiProcesai_Tests.InformacijosGavimoFunkcijosTests.GautiHTML_google_rezultatas_GautasHTML","DisplayName":"GautiHTML_google_rezultatas_GautasHTML","ExecutorUri":"executor://NUnit3TestExecutor","Source":"C:\\Users\\Laurynas\\source\\repos\\NasdaqBaltic\\NasdaqBaltic\\NasdaqBalticServices\\FoniniaiProcesai_Tests\\bin\\Debug\\netcoreapp3.1\\FoniniaiProcesai_Tests.dll","CodeFilePath":null,"LineNumber":0,"Properties":[]},"Attachments":[],"Outcome":1,"ErrorMessage":null,"ErrorStackTrace":null,"DisplayName":"GautiHTML_google_rezultatas_GautasHTML","Messages":[],"ComputerName":"DESKTOP-KBBI7BR","Duration":"00:00:00.3499460","StartTime":"2021-01-13T09:11:50+00:00","EndTime":"2021-01-13T09:11:50+00:00","Properties":[]},{"TestCase":{"Id":"e8fba97b-b54a-bf17-4980-8bb22a3d0b31","FullyQualifiedName":"FoniniaiProcesai_Tests.InformacijosGavimoFunkcijosTests.GautiPapildomaInformacija__rezultatas_GautaNuskaitytaPapildomaInformacija","DisplayName":"GautiPapildomaInformacija__rezultatas_GautaNuskaitytaPapildomaInformacija","ExecutorUri":"executor://NUnit3TestExecutor","Source":"C:\\Users\\Laurynas\\source\\repos\\NasdaqBaltic\\NasdaqBaltic\\NasdaqBalticServices\\FoniniaiProcesai_Tests\\bin\\Debug\\netcoreapp3.1\\FoniniaiProcesai_Tests.dll","CodeFilePath":null,"LineNumber":0,"Properties":[]},"Attachments":[],"Outcome":2,"ErrorMessage":"  Expected: True\r\n  But was:  False\r\n","ErrorStackTrace":"   at FoniniaiProcesai_Tests.InformacijosGavimoFunkcijosTests.GautiPapildomaInformacija__rezultatas_GautaNuskaitytaPapildomaInformacija() in C:\\Users\\Laurynas\\source\\repos\\NasdaqBaltic\\NasdaqBaltic\\NasdaqBalticServices\\FoniniaiProcesai_Tests\\InformacijosGavimoFunkcijosTests.cs:line 28\r\n","DisplayName":"GautiPapildomaInformacija__rezultatas_GautaNuskaitytaPapildomaInformacija","Messages":[],"ComputerName":"DESKTOP-KBBI7BR","Duration":"00:00:00.0361650","StartTime":"2021-01-13T09:11:50+00:00","EndTime":"2021-01-13T09:11:50+00:00","Properties":[]}],"TestRunStatistics":{"ExecutedTests":3,"Stats":{"Passed":2,"Failed":1}},"ActiveTests":[{"Id":"d7d4286e-2323-f144-c68d-1bebb3557d17","FullyQualifiedName":"FoniniaiProcesai_Tests.InformacijosGavimoFunkcijosTests.IrasytiNaujaFinansineInformacija__rezultatas_PridetaNaujaFinansineInformacija","DisplayName":"IrasytiNaujaFinansineInformacija__rezultatas_PridetaNaujaFinansineInformacija","ExecutorUri":"executor://NUnit3TestExecutor","Source":"C:\\Users\\Laurynas\\source\\repos\\NasdaqBaltic\\NasdaqBaltic\\NasdaqBalticServices\\FoniniaiProcesai_Tests\\bin\\Debug\\netcoreapp3.1\\FoniniaiProcesai_Tests.dll","CodeFilePath":null,"LineNumber":0,"Properties":[]}]}}
TpTrace Verbose: 0 : 1160, 4, 2021/01/13, 11:11:50.909, 97459557862, vstest.console.dll, TestRunRequest:SendTestRunStatsChange: Starting.
TpTrace Verbose: 0 : 1160, 4, 2021/01/13, 11:11:50.909, 97459559363, vstest.console.dll, InProgress is IrasytiNaujaFinansineInformacija__rezultatas_PridetaNaujaFinansineInformacija
TpTrace Information: 0 : 1160, 4, 2021/01/13, 11:11:50.909, 97459561140, vstest.console.dll, TestRunRequest:SendTestRunStatsChange: Completed.
TpTrace Verbose: 0 : 1160, 4, 2021/01/13, 11:11:50.909, 97459562118, vstest.console.dll, TcpClientExtensions.MessageLoopAsync: Polling on remoteEndPoint: 127.0.0.1:53376 localEndPoint: 127.0.0.1:53375
TpTrace Verbose: 0 : 1160, 4, 2021/01/13, 11:11:51.910, 97469567460, vstest.console.dll, TcpClientExtensions.MessageLoopAsync: Polling on remoteEndPoint: 127.0.0.1:53376 localEndPoint: 127.0.0.1:53375
TpTrace Verbose: 0 : 1160, 4, 2021/01/13, 11:11:52.910, 97479571495, vstest.console.dll, TcpClientExtensions.MessageLoopAsync: Polling on remoteEndPoint: 127.0.0.1:53376 localEndPoint: 127.0.0.1:53375
TpTrace Verbose: 0 : 1160, 4, 2021/01/13, 11:11:53.910, 97489573362, vstest.console.dll, TcpClientExtensions.MessageLoopAsync: Polling on remoteEndPoint: 127.0.0.1:53376 localEndPoint: 127.0.0.1:53375
TpTrace Verbose: 0 : 1160, 4, 2021/01/13, 11:11:54.593, 97496399769, vstest.console.dll, TcpClientExtensions.MessageLoopAsync: NotifyDataAvailable remoteEndPoint: 127.0.0.1:53376 localEndPoint: 127.0.0.1:53375
TpTrace Verbose: 0 : 1160, 4, 2021/01/13, 11:11:54.593, 97496402933, vstest.console.dll, TestRequestSender.OnExecutionMessageReceived: Received message: {"Version":2,"MessageType":"TestExecution.StatsChange","Payload":{"NewTestResults":[{"TestCase":{"Id":"d7d4286e-2323-f144-c68d-1bebb3557d17","FullyQualifiedName":"FoniniaiProcesai_Tests.InformacijosGavimoFunkcijosTests.IrasytiNaujaFinansineInformacija__rezultatas_PridetaNaujaFinansineInformacija","DisplayName":"IrasytiNaujaFinansineInformacija__rezultatas_PridetaNaujaFinansineInformacija","ExecutorUri":"executor://NUnit3TestExecutor","Source":"C:\\Users\\Laurynas\\source\\repos\\NasdaqBaltic\\NasdaqBaltic\\NasdaqBalticServices\\FoniniaiProcesai_Tests\\bin\\Debug\\netcoreapp3.1\\FoniniaiProcesai_Tests.dll","CodeFilePath":null,"LineNumber":0,"Properties":[]},"Attachments":[],"Outcome":1,"ErrorMessage":null,"ErrorStackTrace":null,"DisplayName":"IrasytiNaujaFinansineInformacija__rezultatas_PridetaNaujaFinansineInformacija","Messages":[],"ComputerName":"DESKTOP-KBBI7BR","Duration":"00:00:03.7674030","StartTime":"2021-01-13T09:11:50+00:00","EndTime":"2021-01-13T09:11:54+00:00","Properties":[]}],"TestRunStatistics":{"ExecutedTests":4,"Stats":{"Passed":3,"Failed":1}},"ActiveTests":[{"Id":"5f1f908f-cbd6-1a7c-1e22-1e880cee70b3","FullyQualifiedName":"FoniniaiProcesai_Tests.InformacijosGavimoFunkcijosTests.IrasytiNaujaPapildomaInformacija__rezultatas_AtnaujintaPapildomaInformacija","DisplayName":"IrasytiNaujaPapildomaInformacija__rezultatas_AtnaujintaPapildomaInformacija","ExecutorUri":"executor://NUnit3TestExecutor","Source":"C:\\Users\\Laurynas\\source\\repos\\NasdaqBaltic\\NasdaqBaltic\\NasdaqBalticServices\\FoniniaiProcesai_Tests\\bin\\Debug\\netcoreapp3.1\\FoniniaiProcesai_Tests.dll","CodeFilePath":null,"LineNumber":0,"Properties":[]}]}}
TpTrace Verbose: 0 : 1160, 4, 2021/01/13, 11:11:54.595, 97496417894, vstest.console.dll, TestRunRequest:SendTestRunStatsChange: Starting.
TpTrace Verbose: 0 : 1160, 4, 2021/01/13, 11:11:54.595, 97496419586, vstest.console.dll, InProgress is IrasytiNaujaPapildomaInformacija__rezultatas_AtnaujintaPapildomaInformacija
TpTrace Information: 0 : 1160, 4, 2021/01/13, 11:11:54.595, 97496420934, vstest.console.dll, TestRunRequest:SendTestRunStatsChange: Completed.
TpTrace Verbose: 0 : 1160, 4, 2021/01/13, 11:11:54.595, 97496421957, vstest.console.dll, TcpClientExtensions.MessageLoopAsync: Polling on remoteEndPoint: 127.0.0.1:53376 localEndPoint: 127.0.0.1:53375
TpTrace Verbose: 0 : 1160, 4, 2021/01/13, 11:11:55.451, 97504981667, vstest.console.dll, TcpClientExtensions.MessageLoopAsync: NotifyDataAvailable remoteEndPoint: 127.0.0.1:53376 localEndPoint: 127.0.0.1:53375
TpTrace Verbose: 0 : 1160, 4, 2021/01/13, 11:11:55.451, 97504983273, vstest.console.dll, TestRequestSender.OnExecutionMessageReceived: Received message: {"Version":2,"MessageType":"TestSession.Message","Payload":{"MessageLevel":0,"Message":"NUnit Adapter 3.16.1.0: Test execution complete"}}
TpTrace Verbose: 0 : 1160, 4, 2021/01/13, 11:11:55.452, 97504985423, vstest.console.dll, TestRunRequest:SendTestRunMessage: Starting.
TpTrace Information: 0 : 1160, 4, 2021/01/13, 11:11:55.452, 97504986809, vstest.console.dll, TestRunRequest:SendTestRunMessage: Completed.
TpTrace Verbose: 0 : 1160, 4, 2021/01/13, 11:11:55.452, 97504988288, vstest.console.dll, TcpClientExtensions.MessageLoopAsync: Polling on remoteEndPoint: 127.0.0.1:53376 localEndPoint: 127.0.0.1:53375
TpTrace Verbose: 0 : 1160, 4, 2021/01/13, 11:11:55.468, 97505152409, vstest.console.dll, TcpClientExtensions.MessageLoopAsync: NotifyDataAvailable remoteEndPoint: 127.0.0.1:53376 localEndPoint: 127.0.0.1:53375
TpTrace Verbose: 0 : 1160, 4, 2021/01/13, 11:11:55.469, 97505154833, vstest.console.dll, TestRequestSender.OnExecutionMessageReceived: Received message: {"Version":2,"MessageType":"TestExecution.Completed","Payload":{"TestRunCompleteArgs":{"TestRunStatistics":{"ExecutedTests":7,"Stats":{"Passed":5,"Failed":2}},"IsCanceled":false,"IsAborted":false,"Error":null,"AttachmentSets":[],"ElapsedTimeInRunningTests":"00:00:06.0339848","Metrics":{}},"LastRunTests":{"NewTestResults":[{"TestCase":{"Id":"5f1f908f-cbd6-1a7c-1e22-1e880cee70b3","FullyQualifiedName":"FoniniaiProcesai_Tests.InformacijosGavimoFunkcijosTests.IrasytiNaujaPapildomaInformacija__rezultatas_AtnaujintaPapildomaInformacija","DisplayName":"IrasytiNaujaPapildomaInformacija__rezultatas_AtnaujintaPapildomaInformacija","ExecutorUri":"executor://NUnit3TestExecutor","Source":"C:\\Users\\Laurynas\\source\\repos\\NasdaqBaltic\\NasdaqBaltic\\NasdaqBalticServices\\FoniniaiProcesai_Tests\\bin\\Debug\\netcoreapp3.1\\FoniniaiProcesai_Tests.dll","CodeFilePath":null,"LineNumber":0,"Properties":[]},"Attachments":[],"Outcome":2,"ErrorMessage":"System.ArgumentOutOfRangeException : Index was out of range. Must be non-negative and less than the size of the collection. (Parameter 'index')","ErrorStackTrace":"   at System.Collections.Generic.List`1.get_Item(Int32 index)\r\n   at FoniniaiProcesai_Tests.InformacijosGavimoFunkcijosTests.IrasytiNaujaPapildomaInformacija__rezultatas_AtnaujintaPapildomaInformacija() in C:\\Users\\Laurynas\\source\\repos\\NasdaqBaltic\\NasdaqBaltic\\NasdaqBalticServices\\FoniniaiProcesai_Tests\\InformacijosGavimoFunkcijosTests.cs:line 72","DisplayName":"IrasytiNaujaPapildomaInformacija__rezultatas_AtnaujintaPapildomaInformacija","Messages":[],"ComputerName":"DESKTOP-KBBI7BR","Duration":"00:00:00.0261790","StartTime":"2021-01-13T09:11:54+00:00","EndTime":"2021-01-13T09:11:54+00:00","Properties":[]},{"TestCase":{"Id":"9b591a06-31ae-ba74-2291-887c62e9bea6","FullyQualifiedName":"FoniniaiProcesai_Tests.InformacijosGavimoFunkcijosTests.IrasytiNaujasAkcijas__rezultatas_AtnaujintosAkcijos","DisplayName":"IrasytiNaujasAkcijas__rezultatas_AtnaujintosAkcijos","ExecutorUri":"executor://NUnit3TestExecutor","Source":"C:\\Users\\Laurynas\\source\\repos\\NasdaqBaltic\\NasdaqBaltic\\NasdaqBalticServices\\FoniniaiProcesai_Tests\\bin\\Debug\\netcoreapp3.1\\FoniniaiProcesai_Tests.dll","CodeFilePath":null,"LineNumber":0,"Properties":[]},"Attachments":[],"Outcome":1,"ErrorMessage":null,"ErrorStackTrace":null,"DisplayName":"IrasytiNaujasAkcijas__rezultatas_AtnaujintosAkcijos","Messages":[],"ComputerName":"DESKTOP-KBBI7BR","Duration":"00:00:00.5760100","StartTime":"2021-01-13T09:11:54+00:00","EndTime":"2021-01-13T09:11:55+00:00","Properties":[]},{"TestCase":{"Id":"05870d6d-ce31-73d6-6f46-5dd7eb53b2f2","FullyQualifiedName":"FoniniaiProcesai_Tests.Tests.TikrintiMinimaliaMara_SukurtaVartotojoAkcijaZemiauMinimaliosMarzos_rezultatas_UzdarytaVartotojoAkcijaZemiauMinMarzos","DisplayName":"TikrintiMinimaliaMara_SukurtaVartotojoAkcijaZemiauMinimaliosMarzos_rezultatas_UzdarytaVartotojoAkcijaZemiauMinMarzos","ExecutorUri":"executor://NUnit3TestExecutor","Source":"C:\\Users\\Laurynas\\source\\repos\\NasdaqBaltic\\NasdaqBaltic\\NasdaqBalticServices\\FoniniaiProcesai_Tests\\bin\\Debug\\netcoreapp3.1\\FoniniaiProcesai_Tests.dll","CodeFilePath":null,"LineNumber":0,"Properties":[]},"Attachments":[],"Outcome":1,"ErrorMessage":null,"ErrorStackTrace":null,"DisplayName":"TikrintiMinimaliaMara_SukurtaVartotojoAkcijaZemiauMinimaliosMarzos_rezultatas_UzdarytaVartotojoAkcijaZemiauMinMarzos","Messages":[],"ComputerName":"DESKTOP-KBBI7BR","Duration":"00:00:00.2484330","StartTime":"2021-01-13T09:11:55+00:00","EndTime":"2021-01-13T09:11:55+00:00","Properties":[]}],"TestRunStatistics":{"ExecutedTests":7,"Stats":{"Passed":5,"Failed":2}},"ActiveTests":[]},"RunAttachments":[],"ExecutorUris":["executor://nunit3testexecutor/"]}}
TpTrace Verbose: 0 : 1160, 4, 2021/01/13, 11:11:55.469, 97505157622, vstest.console.dll, TestRequestSender.EndSession: Sending end session.
TpTrace Verbose: 0 : 1160, 4, 2021/01/13, 11:11:55.469, 97505159063, vstest.console.dll, ProxyOperationManager.Close: waiting for test host to exit for 100 ms
TpTrace Warning: 0 : 1160, 12, 2021/01/13, 11:11:55.545, 97505918946, vstest.console.dll, TestHostManagerCallbacks.ErrorReceivedCallback Test host standard error line: 
TpTrace Verbose: 0 : 1160, 7, 2021/01/13, 11:11:55.564, 97506110719, vstest.console.dll, TestHostProvider.ExitCallBack: Host exited starting callback.
TpTrace Information: 0 : 1160, 7, 2021/01/13, 11:11:55.565, 97506116445, vstest.console.dll, TestHostManagerCallbacks.ExitCallBack: Testhost processId: 18616 exited with exitcode: 0 error: ''
TpTrace Verbose: 0 : 1160, 7, 2021/01/13, 11:11:55.565, 97506117542, vstest.console.dll, DotnetTestHostManager.OnHostExited: invoking OnHostExited callback
TpTrace Verbose: 0 : 1160, 7, 2021/01/13, 11:11:55.565, 97506118627, vstest.console.dll, CrossPlatEngine.TestHostManagerHostExited: calling on client process exit callback.
TpTrace Information: 0 : 1160, 7, 2021/01/13, 11:11:55.565, 97506119763, vstest.console.dll, TestRequestSender.OnClientProcessExit: Test host process exited. Standard error: 
TpTrace Information: 0 : 1160, 7, 2021/01/13, 11:11:55.565, 97506120847, vstest.console.dll, SocketServer.Stop: Stop server endPoint: 127.0.0.1:53375
TpTrace Warning: 0 : 1160, 4, 2021/01/13, 11:11:55.565, 97506120127, vstest.console.dll, ProxyOperationManager: Timed out waiting for test host to exit. Will terminate process.
TpTrace Information: 0 : 1160, 7, 2021/01/13, 11:11:55.565, 97506121909, vstest.console.dll, SocketServer.Stop: Cancellation requested. Stopping message loop.
TpTrace Verbose: 0 : 1160, 4, 2021/01/13, 11:11:55.566, 97506129516, vstest.console.dll, ProxyDataCollectionManager.InvokeDataCollectionServiceAction: Starting.
TpTrace Information: 0 : 1160, 4, 2021/01/13, 11:11:55.566, 97506130711, vstest.console.dll, ProxyDataCollectionManager.AfterTestRunEnd: Get attachment set for datacollector processId: 22484 port: 53372
TpTrace Verbose: 0 : 1160, 4, 2021/01/13, 11:11:55.566, 97506131957, vstest.console.dll, DataCollectionRequestSender.SendAfterTestRunStartAndGetResult : Send AfterTestRunEnd message with isCancelled: False
TpTrace Verbose: 0 : 1160, 4, 2021/01/13, 11:11:55.568, 97506154658, vstest.console.dll, DataCollectionRequestSender.SendAfterTestRunStartAndGetResult : Received message: (DataCollection.AfterTestRunEndResult) -> []
TpTrace Information: 0 : 1160, 4, 2021/01/13, 11:11:55.570, 97506166895, vstest.console.dll, ProxyDataCollectionManager.InvokeDataCollectionServiceAction: Completed.
TpTrace Warning: 0 : 1160, 9, 2021/01/13, 11:11:55.580, 97506271719, vstest.console.dll, DataCollectionLauncher.ErrorReceivedCallback datacollector standard error line: 
TpTrace Information: 0 : 1160, 7, 2021/01/13, 11:11:55.587, 97506335497, vstest.console.dll, DataCollectionLauncher.ExitCallBack: Data collector exited with exitcode: 0 error: ''
TpTrace Verbose: 0 : 1160, 4, 2021/01/13, 11:11:55.595, 97506414750, vstest.console.dll, TestRunRequest:SendTestRunStatsChange: Starting.
TpTrace Information: 0 : 1160, 4, 2021/01/13, 11:11:55.595, 97506416091, vstest.console.dll, TestRunRequest:SendTestRunStatsChange: Completed.
TpTrace Verbose: 0 : 1160, 4, 2021/01/13, 11:11:55.595, 97506418024, vstest.console.dll, ParallelProxyExecutionManager: HandlePartialRunComplete: Total completed clients = 1, Run complete = True, Run canceled: False.
TpTrace Verbose: 0 : 1160, 4, 2021/01/13, 11:11:55.609, 97506564437, vstest.console.dll, TestRunRequest:TestRunComplete: Starting. IsAborted:False IsCanceled:False.
TpTrace Verbose: 0 : 1160, 4, 2021/01/13, 11:11:55.610, 97506567057, vstest.console.dll, TestLoggerManager.HandleTestRunComplete: Ignoring as the object is disposed.
TpTrace Information: 0 : 1160, 4, 2021/01/13, 11:11:55.610, 97506569776, vstest.console.dll, TestRunRequest:TestRunComplete: Completed.
TpTrace Verbose: 0 : 1160, 1, 2021/01/13, 11:11:55.610, 97506569958, vstest.console.dll, TestRunRequest.Dispose: Starting.
TpTrace Information: 0 : 1160, 1, 2021/01/13, 11:11:55.610, 97506572015, vstest.console.dll, TestRunRequest.Dispose: Completed.
TpTrace Verbose: 0 : 1160, 4, 2021/01/13, 11:11:55.610, 97506570943, vstest.console.dll, TestRequestSender.SetOperationComplete: Setting operation complete.
TpTrace Information: 0 : 1160, 1, 2021/01/13, 11:11:55.610, 97506573933, vstest.console.dll, TestRequestManager.RunTests: run tests completed.
TpTrace Information: 0 : 1160, 4, 2021/01/13, 11:11:55.611, 97506574662, vstest.console.dll, SocketServer.Stop: Stop server endPoint: 127.0.0.1:53375
TpTrace Information: 0 : 1160, 1, 2021/01/13, 11:11:55.611, 97506577413, vstest.console.dll, RunTestsArgumentProcessor:Execute: Test run is completed.
TpTrace Verbose: 0 : 1160, 1, 2021/01/13, 11:11:55.611, 97506579063, vstest.console.dll, Executor.Execute: Exiting with exit code of 1
TpTrace Information: 0 : 1160, 4, 2021/01/13, 11:11:55.611, 97506577522, vstest.console.dll, SocketServer.Stop: Cancellation requested. Stopping message loop.
TpTrace Information: 0 : 1160, 4, 2021/01/13, 11:11:55.611, 97506582138, vstest.console.dll, SocketServer.PrivateStop: Stop server endPoint: 127.0.0.1:53375 error: 
TpTrace Verbose: 0 : 1160, 4, 2021/01/13, 11:11:55.612, 97506588410, vstest.console.dll, LengthPrefixCommunicationChannel.Dispose: Dispose reader and writer.
TpTrace Information: 0 : 1160, 4, 2021/01/13, 11:11:55.612, 97506589976, vstest.console.dll, SocketServer.Stop: Raise disconnected event endPoint: 127.0.0.1:53375 error: 
TpTrace Verbose: 0 : 1160, 4, 2021/01/13, 11:11:55.612, 97506591538, vstest.console.dll, TestRequestSender: OnTestRunAbort: Operation is already complete. Skip error message.
TpTrace Verbose: 0 : 1160, 4, 2021/01/13, 11:11:55.612, 97506592773, vstest.console.dll, TcpClientExtensions.MessageLoopAsync: exiting MessageLoopAsync remoteEndPoint: 127.0.0.1:53376 localEndPoint: 127.0.0.1:53375
