TpTrace Verbose: 0 : 21676, 1, 2021/01/13, 11:07:29.819, 94848682285, vstest.console.dll, Version: 16.8.1-release-20201119-07
TpTrace Information: 0 : 21676, 1, 2021/01/13, 11:07:29.829, 94848755664, vstest.console.dll, FilePatternParser: The given file C:\Users\Laurynas\source\repos\NasdaqBaltic\NasdaqBaltic\NasdaqBalticServices\DALs_Tests\bin\Debug\netcoreapp3.1\DALs_Tests.dll is a full path.
TpTrace Verbose: 0 : 21676, 1, 2021/01/13, 11:07:29.841, 94848879308, vstest.console.dll, TestPluginCache.DiscoverTestExtensions: finding test extensions in assemblies ends with: RuntimeProvider.dll TPluginInfo: Microsoft.VisualStudio.TestPlatform.Common.ExtensionFramework.Utilities.TestRuntimePluginInformation TExtension: Microsoft.VisualStudio.TestPlatform.ObjectModel.Host.ITestRuntimeProvider
TpTrace Verbose: 0 : 21676, 1, 2021/01/13, 11:07:29.841, 94848882547, vstest.console.dll, TestPluginCache.GetExtensionPaths: Filtered extension paths: 
TpTrace Verbose: 0 : 21676, 1, 2021/01/13, 11:07:29.841, 94848883742, vstest.console.dll, TestPluginCache.GetExtensionPaths: Added default extension paths: C:\Program Files\dotnet\sdk\5.0.101\Extensions\Microsoft.Diagnostics.NETCore.Client.dll
C:\Program Files\dotnet\sdk\5.0.101\Extensions\Microsoft.TestPlatform.Extensions.BlameDataCollector.dll
C:\Program Files\dotnet\sdk\5.0.101\Extensions\Microsoft.TestPlatform.Extensions.EventLogCollector.dll
C:\Program Files\dotnet\sdk\5.0.101\Extensions\Microsoft.TestPlatform.TestHostRuntimeProvider.dll
C:\Program Files\dotnet\sdk\5.0.101\Extensions\Microsoft.VisualStudio.TestPlatform.Extensions.Html.TestLogger.dll
C:\Program Files\dotnet\sdk\5.0.101\Extensions\Microsoft.VisualStudio.TestPlatform.Extensions.Trx.TestLogger.dll
TpTrace Verbose: 0 : 21676, 1, 2021/01/13, 11:07:29.841, 94848884650, vstest.console.dll, TestPluginCache.GetExtensionPaths: Added unfilterableExtensionPaths: 
TpTrace Information: 0 : 21676, 1, 2021/01/13, 11:07:29.842, 94848892115, vstest.console.dll, AssemblyResolver.ctor: Creating AssemblyResolver with searchDirectories C:\Program Files\dotnet\sdk\5.0.101\Extensions,C:\Program Files\dotnet\sdk\5.0.101
TpTrace Verbose: 0 : 21676, 1, 2021/01/13, 11:07:29.843, 94848899360, vstest.console.dll, TestPluginCache.DiscoverTestExtensions: Discovering the extensions using extension path.
TpTrace Verbose: 0 : 21676, 1, 2021/01/13, 11:07:29.843, 94848900695, vstest.console.dll, TestPluginCache.GetExtensionPaths: Filtered extension paths: 
TpTrace Verbose: 0 : 21676, 1, 2021/01/13, 11:07:29.843, 94848901576, vstest.console.dll, TestPluginCache.GetExtensionPaths: Added default extension paths: C:\Program Files\dotnet\sdk\5.0.101\Extensions\Microsoft.Diagnostics.NETCore.Client.dll
C:\Program Files\dotnet\sdk\5.0.101\Extensions\Microsoft.TestPlatform.Extensions.BlameDataCollector.dll
C:\Program Files\dotnet\sdk\5.0.101\Extensions\Microsoft.TestPlatform.Extensions.EventLogCollector.dll
C:\Program Files\dotnet\sdk\5.0.101\Extensions\Microsoft.TestPlatform.TestHostRuntimeProvider.dll
C:\Program Files\dotnet\sdk\5.0.101\Extensions\Microsoft.VisualStudio.TestPlatform.Extensions.Html.TestLogger.dll
C:\Program Files\dotnet\sdk\5.0.101\Extensions\Microsoft.VisualStudio.TestPlatform.Extensions.Trx.TestLogger.dll
TpTrace Verbose: 0 : 21676, 1, 2021/01/13, 11:07:29.843, 94848902405, vstest.console.dll, TestPluginCache.GetExtensionPaths: Added unfilterableExtensionPaths: 
TpTrace Verbose: 0 : 21676, 1, 2021/01/13, 11:07:29.843, 94848903401, vstest.console.dll, TestPluginCache.DiscoverTestExtensions: Discovering the extensions using allExtensionPaths: C:\Program Files\dotnet\sdk\5.0.101\Extensions\Microsoft.Diagnostics.NETCore.Client.dll
C:\Program Files\dotnet\sdk\5.0.101\Extensions\Microsoft.TestPlatform.Extensions.BlameDataCollector.dll
C:\Program Files\dotnet\sdk\5.0.101\Extensions\Microsoft.TestPlatform.Extensions.EventLogCollector.dll
C:\Program Files\dotnet\sdk\5.0.101\Extensions\Microsoft.TestPlatform.TestHostRuntimeProvider.dll
C:\Program Files\dotnet\sdk\5.0.101\Extensions\Microsoft.VisualStudio.TestPlatform.Extensions.Html.TestLogger.dll
C:\Program Files\dotnet\sdk\5.0.101\Extensions\Microsoft.VisualStudio.TestPlatform.Extensions.Trx.TestLogger.dll
TpTrace Information: 0 : 21676, 1, 2021/01/13, 11:07:29.844, 94848904928, vstest.console.dll, AssemblyResolver.AddSearchDirectories: Adding more searchDirectories C:\Program Files\dotnet\sdk\5.0.101\Extensions,C:\Program Files\dotnet\sdk\5.0.101
TpTrace Information: 0 : 21676, 1, 2021/01/13, 11:07:29.844, 94848905943, vstest.console.dll, AssemblyResolver.AddSearchDirectories: Adding more searchDirectories C:\Program Files\dotnet\sdk\5.0.101\Extensions,C:\Program Files\dotnet\sdk\5.0.101
TpTrace Information: 0 : 21676, 1, 2021/01/13, 11:07:29.844, 94848906828, vstest.console.dll, AssemblyResolver.AddSearchDirectories: Adding more searchDirectories C:\Program Files\dotnet\sdk\5.0.101\Extensions,C:\Program Files\dotnet\sdk\5.0.101
TpTrace Information: 0 : 21676, 1, 2021/01/13, 11:07:29.844, 94848907640, vstest.console.dll, AssemblyResolver.AddSearchDirectories: Adding more searchDirectories C:\Program Files\dotnet\sdk\5.0.101\Extensions,C:\Program Files\dotnet\sdk\5.0.101
TpTrace Information: 0 : 21676, 1, 2021/01/13, 11:07:29.844, 94848908439, vstest.console.dll, AssemblyResolver.AddSearchDirectories: Adding more searchDirectories C:\Program Files\dotnet\sdk\5.0.101\Extensions,C:\Program Files\dotnet\sdk\5.0.101
TpTrace Information: 0 : 21676, 1, 2021/01/13, 11:07:29.844, 94848909214, vstest.console.dll, AssemblyResolver.AddSearchDirectories: Adding more searchDirectories C:\Program Files\dotnet\sdk\5.0.101\Extensions,C:\Program Files\dotnet\sdk\5.0.101
TpTrace Information: 0 : 21676, 1, 2021/01/13, 11:07:29.845, 94848914674, vstest.console.dll, AssemblyResolver.OnResolve: Microsoft.Diagnostics.NETCore.Client: Resolving assembly.
TpTrace Information: 0 : 21676, 1, 2021/01/13, 11:07:29.847, 94848936658, vstest.console.dll, AssemblyResolver.OnResolve: Resolved assembly: Microsoft.Diagnostics.NETCore.Client, from path: C:\Program Files\dotnet\sdk\5.0.101\Extensions\Microsoft.Diagnostics.NETCore.Client.dll
TpTrace Information: 0 : 21676, 1, 2021/01/13, 11:07:29.848, 94848951502, vstest.console.dll, AssemblyResolver.OnResolve: Microsoft.Bcl.AsyncInterfaces: Resolving assembly.
TpTrace Information: 0 : 21676, 1, 2021/01/13, 11:07:29.848, 94848953460, vstest.console.dll, AssemblyResolver.OnResolve: Microsoft.Bcl.AsyncInterfaces: Failed to load assembly.
TpTrace Verbose: 0 : 21676, 1, 2021/01/13, 11:07:29.848, 94848954410, vstest.console.dll, CurrentDomain_AssemblyResolve: Resolving assembly 'Microsoft.Bcl.AsyncInterfaces'.
TpTrace Information: 0 : 21676, 1, 2021/01/13, 11:07:29.849, 94848955644, vstest.console.dll, AssemblyResolver.OnResolve: Microsoft.Bcl.AsyncInterfaces: Resolving assembly.
TpTrace Information: 0 : 21676, 1, 2021/01/13, 11:07:29.849, 94848956537, vstest.console.dll, AssemblyResolver.OnResolve: Microsoft.Bcl.AsyncInterfaces: Resolved from cache.
TpTrace Verbose: 0 : 21676, 1, 2021/01/13, 11:07:29.849, 94848957346, vstest.console.dll, CurrentDomain_AssemblyResolve: Resolving assembly 'Microsoft.Bcl.AsyncInterfaces'.
TpTrace Verbose: 0 : 21676, 1, 2021/01/13, 11:07:29.849, 94848958202, vstest.console.dll, CurrentDomainAssemblyResolve: Failed to resolve assembly 'Microsoft.Bcl.AsyncInterfaces'.
TpTrace Verbose: 0 : 21676, 1, 2021/01/13, 11:07:29.850, 94848970163, vstest.console.dll, CurrentDomainAssemblyResolve: Failed to resolve assembly 'Microsoft.Bcl.AsyncInterfaces'.
TpTrace Warning: 0 : 21676, 1, 2021/01/13, 11:07:29.869, 94849160009, vstest.console.dll, TestPluginDiscoverer: Failed to get types from assembly 'Microsoft.Diagnostics.NETCore.Client, Version=0.2.2.41902, Culture=neutral, PublicKeyToken=31bf3856ad364e35'.  Skipping test extension scan for this assembly.  Error: System.Reflection.ReflectionTypeLoadException: Unable to load one or more of the requested types.
Could not load file or assembly 'Microsoft.Bcl.AsyncInterfaces, Version=1.0.0.0, Culture=neutral, PublicKeyToken=cc7b13ffcd2ddd51'. The system cannot find the file specified.
   at System.Reflection.RuntimeModule.GetTypes(RuntimeModule module)
   at System.Reflection.RuntimeModule.GetTypes()
   at System.Reflection.Assembly.GetTypes()
   at Microsoft.VisualStudio.TestPlatform.Common.ExtensionFramework.TestPluginDiscoverer.GetTestExtensionsFromAssembly[TPluginInfo,TExtension](Assembly assembly, Dictionary`2 pluginInfos)
System.IO.FileNotFoundException: Could not load file or assembly 'Microsoft.Bcl.AsyncInterfaces, Version=1.0.0.0, Culture=neutral, PublicKeyToken=cc7b13ffcd2ddd51'. The system cannot find the file specified.
File name: 'Microsoft.Bcl.AsyncInterfaces, Version=1.0.0.0, Culture=neutral, PublicKeyToken=cc7b13ffcd2ddd51'
TpTrace Warning: 0 : 21676, 1, 2021/01/13, 11:07:29.869, 94849161819, vstest.console.dll, LoaderExceptions: System.IO.FileNotFoundException: Could not load file or assembly 'Microsoft.Bcl.AsyncInterfaces, Version=1.0.0.0, Culture=neutral, PublicKeyToken=cc7b13ffcd2ddd51'. The system cannot find the file specified.
File name: 'Microsoft.Bcl.AsyncInterfaces, Version=1.0.0.0, Culture=neutral, PublicKeyToken=cc7b13ffcd2ddd51'
TpTrace Information: 0 : 21676, 1, 2021/01/13, 11:07:29.870, 94849165420, vstest.console.dll, AssemblyResolver.OnResolve: Microsoft.TestPlatform.Extensions.BlameDataCollector: Resolving assembly.
TpTrace Information: 0 : 21676, 1, 2021/01/13, 11:07:29.873, 94849195815, vstest.console.dll, AssemblyResolver.OnResolve: Resolved assembly: Microsoft.TestPlatform.Extensions.BlameDataCollector, from path: C:\Program Files\dotnet\sdk\5.0.101\Extensions\Microsoft.TestPlatform.Extensions.BlameDataCollector.dll
TpTrace Information: 0 : 21676, 1, 2021/01/13, 11:07:29.873, 94849201712, vstest.console.dll, AssemblyResolver.OnResolve: Microsoft.TestPlatform.Extensions.EventLogCollector: Resolving assembly.
TpTrace Information: 0 : 21676, 1, 2021/01/13, 11:07:29.874, 94849214575, vstest.console.dll, AssemblyResolver.OnResolve: Resolved assembly: Microsoft.TestPlatform.Extensions.EventLogCollector, from path: C:\Program Files\dotnet\sdk\5.0.101\Extensions\Microsoft.TestPlatform.Extensions.EventLogCollector.dll
TpTrace Information: 0 : 21676, 1, 2021/01/13, 11:07:29.877, 94849243135, vstest.console.dll, AssemblyResolver.OnResolve: Microsoft.TestPlatform.TestHostRuntimeProvider: Resolving assembly.
TpTrace Information: 0 : 21676, 1, 2021/01/13, 11:07:29.879, 94849261558, vstest.console.dll, AssemblyResolver.OnResolve: Resolved assembly: Microsoft.TestPlatform.TestHostRuntimeProvider, from path: C:\Program Files\dotnet\sdk\5.0.101\Extensions\Microsoft.TestPlatform.TestHostRuntimeProvider.dll
TpTrace Information: 0 : 21676, 1, 2021/01/13, 11:07:29.880, 94849271201, vstest.console.dll, AssemblyResolver.OnResolve: Microsoft.VisualStudio.TestPlatform.Extensions.Html.TestLogger: Resolving assembly.
TpTrace Information: 0 : 21676, 1, 2021/01/13, 11:07:29.882, 94849286718, vstest.console.dll, AssemblyResolver.OnResolve: Resolved assembly: Microsoft.VisualStudio.TestPlatform.Extensions.Html.TestLogger, from path: C:\Program Files\dotnet\sdk\5.0.101\Extensions\Microsoft.VisualStudio.TestPlatform.Extensions.Html.TestLogger.dll
TpTrace Information: 0 : 21676, 1, 2021/01/13, 11:07:29.882, 94849289567, vstest.console.dll, AssemblyResolver.OnResolve: Microsoft.VisualStudio.TestPlatform.Extensions.Trx.TestLogger: Resolving assembly.
TpTrace Information: 0 : 21676, 1, 2021/01/13, 11:07:29.885, 94849321676, vstest.console.dll, AssemblyResolver.OnResolve: Resolved assembly: Microsoft.VisualStudio.TestPlatform.Extensions.Trx.TestLogger, from path: C:\Program Files\dotnet\sdk\5.0.101\Extensions\Microsoft.VisualStudio.TestPlatform.Extensions.Trx.TestLogger.dll
TpTrace Verbose: 0 : 21676, 1, 2021/01/13, 11:07:29.886, 94849332369, vstest.console.dll, TestPluginCache: Discovered the extensions using extension path ''.
TpTrace Verbose: 0 : 21676, 1, 2021/01/13, 11:07:29.886, 94849333696, vstest.console.dll, TestPluginCache: Discoverers are ''.
TpTrace Verbose: 0 : 21676, 1, 2021/01/13, 11:07:29.886, 94849334447, vstest.console.dll, TestPluginCache: Executors are ''.
TpTrace Verbose: 0 : 21676, 1, 2021/01/13, 11:07:29.887, 94849335167, vstest.console.dll, TestPluginCache: Executors2 are ''.
TpTrace Verbose: 0 : 21676, 1, 2021/01/13, 11:07:29.887, 94849335909, vstest.console.dll, TestPluginCache: Setting providers are ''.
TpTrace Verbose: 0 : 21676, 1, 2021/01/13, 11:07:29.887, 94849336660, vstest.console.dll, TestPluginCache: Loggers are ''.
TpTrace Information: 0 : 21676, 1, 2021/01/13, 11:07:29.891, 94849379307, vstest.console.dll, RunTestsArgumentProcessor:Execute: Test run is starting.
TpTrace Verbose: 0 : 21676, 1, 2021/01/13, 11:07:29.891, 94849380658, vstest.console.dll, RunTestsArgumentProcessor:Execute: Queuing Test run.
TpTrace Information: 0 : 21676, 1, 2021/01/13, 11:07:29.891, 94849382523, vstest.console.dll, TestRequestManager.RunTests: run tests started.
TpTrace Information: 0 : 21676, 1, 2021/01/13, 11:07:29.895, 94849416245, vstest.console.dll, AssemblyMetadataProvider.GetFrameWork: Determined framework:'.NETCoreApp,Version=v3.1' for source: 'C:\Users\Laurynas\source\repos\NasdaqBaltic\NasdaqBaltic\NasdaqBalticServices\DALs_Tests\bin\Debug\netcoreapp3.1\DALs_Tests.dll'
TpTrace Information: 0 : 21676, 1, 2021/01/13, 11:07:29.895, 94849417938, vstest.console.dll, Determined framework for all sources: .NETCoreApp,Version=v3.1
TpTrace Information: 0 : 21676, 1, 2021/01/13, 11:07:29.895, 94849421548, vstest.console.dll, AssemblyMetadataProvider.GetArchitecture: Determined architecture:AnyCPU info for assembly: C:\Users\Laurynas\source\repos\NasdaqBaltic\NasdaqBaltic\NasdaqBalticServices\DALs_Tests\bin\Debug\netcoreapp3.1\DALs_Tests.dll
TpTrace Information: 0 : 21676, 1, 2021/01/13, 11:07:29.897, 94849436601, vstest.console.dll, Determined platform for all sources: X64
TpTrace Information: 0 : 21676, 1, 2021/01/13, 11:07:29.899, 94849458961, vstest.console.dll, Compatible sources list : 
TpTrace Information: 0 : 21676, 1, 2021/01/13, 11:07:29.899, 94849460021, vstest.console.dll, C:\Users\Laurynas\source\repos\NasdaqBaltic\NasdaqBaltic\NasdaqBalticServices\DALs_Tests\bin\Debug\netcoreapp3.1\DALs_Tests.dll
TpTrace Information: 0 : 21676, 1, 2021/01/13, 11:07:29.901, 94849480254, vstest.console.dll, InferRunSettingsHelper.IsTestSettingsEnabled: Unable to navigate to RunSettings/MSTest. Current node: RunSettings
TpTrace Information: 0 : 21676, 1, 2021/01/13, 11:07:29.902, 94849486943, vstest.console.dll, AssemblyResolver.OnResolve: Microsoft.VisualStudio.TestPlatform.Fakes: Resolving assembly.
TpTrace Information: 0 : 21676, 1, 2021/01/13, 11:07:29.902, 94849489149, vstest.console.dll, AssemblyResolver.OnResolve: Microsoft.VisualStudio.TestPlatform.Fakes: Failed to load assembly.
TpTrace Information: 0 : 21676, 1, 2021/01/13, 11:07:29.903, 94849495117, vstest.console.dll, Failed to create newly implemented Fakes Configurator. Reason:System.IO.FileNotFoundException: Could not load file or assembly 'Microsoft.VisualStudio.TestPlatform.Fakes, Version=16.0.0.0, Culture=neutral, PublicKeyToken=null'. The system cannot find the file specified.
File name: 'Microsoft.VisualStudio.TestPlatform.Fakes, Version=16.0.0.0, Culture=neutral, PublicKeyToken=null'
   at System.Reflection.RuntimeAssembly.InternalLoad(ObjectHandleOnStack assemblyName, ObjectHandleOnStack requestingAssembly, StackCrawlMarkHandle stackMark, Boolean throwOnFileNotFound, ObjectHandleOnStack assemblyLoadContext, ObjectHandleOnStack retAssembly)
   at System.Reflection.RuntimeAssembly.InternalLoad(AssemblyName assemblyName, RuntimeAssembly requestingAssembly, StackCrawlMark& stackMark, Boolean throwOnFileNotFound, AssemblyLoadContext assemblyLoadContext)
   at System.Reflection.Assembly.Load(String assemblyString)
   at Microsoft.VisualStudio.TestPlatform.Common.Utilities.FakesUtilities.TryGetFakesCrossPlatformDataCollectorConfigurator() 
TpTrace Verbose: 0 : 21676, 1, 2021/01/13, 11:07:29.906, 94849534156, vstest.console.dll, TestPluginCache.DiscoverTestExtensions: finding test extensions in assemblies ends with: TestLogger.dll TPluginInfo: Microsoft.VisualStudio.TestPlatform.Common.ExtensionFramework.Utilities.TestLoggerPluginInformation TExtension: Microsoft.VisualStudio.TestPlatform.ObjectModel.Client.ITestLogger
TpTrace Verbose: 0 : 21676, 1, 2021/01/13, 11:07:29.907, 94849535702, vstest.console.dll, TestPluginCache.GetExtensionPaths: Filtered extension paths: 
TpTrace Verbose: 0 : 21676, 1, 2021/01/13, 11:07:29.907, 94849536565, vstest.console.dll, TestPluginCache.GetExtensionPaths: Added default extension paths: C:\Program Files\dotnet\sdk\5.0.101\Extensions\Microsoft.Diagnostics.NETCore.Client.dll
C:\Program Files\dotnet\sdk\5.0.101\Extensions\Microsoft.TestPlatform.Extensions.BlameDataCollector.dll
C:\Program Files\dotnet\sdk\5.0.101\Extensions\Microsoft.TestPlatform.Extensions.EventLogCollector.dll
C:\Program Files\dotnet\sdk\5.0.101\Extensions\Microsoft.TestPlatform.TestHostRuntimeProvider.dll
C:\Program Files\dotnet\sdk\5.0.101\Extensions\Microsoft.VisualStudio.TestPlatform.Extensions.Html.TestLogger.dll
C:\Program Files\dotnet\sdk\5.0.101\Extensions\Microsoft.VisualStudio.TestPlatform.Extensions.Trx.TestLogger.dll
TpTrace Verbose: 0 : 21676, 1, 2021/01/13, 11:07:29.907, 94849537409, vstest.console.dll, TestPluginCache.GetExtensionPaths: Added unfilterableExtensionPaths: 
TpTrace Information: 0 : 21676, 1, 2021/01/13, 11:07:29.907, 94849538924, vstest.console.dll, AssemblyResolver.AddSearchDirectories: Adding more searchDirectories C:\Program Files\dotnet\sdk\5.0.101\Extensions,C:\Program Files\dotnet\sdk\5.0.101
TpTrace Verbose: 0 : 21676, 1, 2021/01/13, 11:07:29.907, 94849539849, vstest.console.dll, TestPluginCache.DiscoverTestExtensions: Discovering the extensions using extension path.
TpTrace Verbose: 0 : 21676, 1, 2021/01/13, 11:07:29.907, 94849540613, vstest.console.dll, TestPluginCache.GetExtensionPaths: Filtered extension paths: 
TpTrace Verbose: 0 : 21676, 1, 2021/01/13, 11:07:29.907, 94849541355, vstest.console.dll, TestPluginCache.GetExtensionPaths: Added default extension paths: C:\Program Files\dotnet\sdk\5.0.101\Extensions\Microsoft.Diagnostics.NETCore.Client.dll
C:\Program Files\dotnet\sdk\5.0.101\Extensions\Microsoft.TestPlatform.Extensions.BlameDataCollector.dll
C:\Program Files\dotnet\sdk\5.0.101\Extensions\Microsoft.TestPlatform.Extensions.EventLogCollector.dll
C:\Program Files\dotnet\sdk\5.0.101\Extensions\Microsoft.TestPlatform.TestHostRuntimeProvider.dll
C:\Program Files\dotnet\sdk\5.0.101\Extensions\Microsoft.VisualStudio.TestPlatform.Extensions.Html.TestLogger.dll
C:\Program Files\dotnet\sdk\5.0.101\Extensions\Microsoft.VisualStudio.TestPlatform.Extensions.Trx.TestLogger.dll
TpTrace Verbose: 0 : 21676, 1, 2021/01/13, 11:07:29.907, 94849542141, vstest.console.dll, TestPluginCache.GetExtensionPaths: Added unfilterableExtensionPaths: 
TpTrace Verbose: 0 : 21676, 1, 2021/01/13, 11:07:29.907, 94849542895, vstest.console.dll, TestPluginCache.DiscoverTestExtensions: Discovering the extensions using allExtensionPaths: C:\Program Files\dotnet\sdk\5.0.101\Extensions\Microsoft.Diagnostics.NETCore.Client.dll
C:\Program Files\dotnet\sdk\5.0.101\Extensions\Microsoft.TestPlatform.Extensions.BlameDataCollector.dll
C:\Program Files\dotnet\sdk\5.0.101\Extensions\Microsoft.TestPlatform.Extensions.EventLogCollector.dll
C:\Program Files\dotnet\sdk\5.0.101\Extensions\Microsoft.TestPlatform.TestHostRuntimeProvider.dll
C:\Program Files\dotnet\sdk\5.0.101\Extensions\Microsoft.VisualStudio.TestPlatform.Extensions.Html.TestLogger.dll
C:\Program Files\dotnet\sdk\5.0.101\Extensions\Microsoft.VisualStudio.TestPlatform.Extensions.Trx.TestLogger.dll
TpTrace Information: 0 : 21676, 1, 2021/01/13, 11:07:29.907, 94849543779, vstest.console.dll, AssemblyResolver.AddSearchDirectories: Adding more searchDirectories C:\Program Files\dotnet\sdk\5.0.101\Extensions,C:\Program Files\dotnet\sdk\5.0.101
TpTrace Information: 0 : 21676, 1, 2021/01/13, 11:07:29.907, 94849544567, vstest.console.dll, AssemblyResolver.AddSearchDirectories: Adding more searchDirectories C:\Program Files\dotnet\sdk\5.0.101\Extensions,C:\Program Files\dotnet\sdk\5.0.101
TpTrace Information: 0 : 21676, 1, 2021/01/13, 11:07:29.908, 94849545332, vstest.console.dll, AssemblyResolver.AddSearchDirectories: Adding more searchDirectories C:\Program Files\dotnet\sdk\5.0.101\Extensions,C:\Program Files\dotnet\sdk\5.0.101
TpTrace Information: 0 : 21676, 1, 2021/01/13, 11:07:29.908, 94849546141, vstest.console.dll, AssemblyResolver.AddSearchDirectories: Adding more searchDirectories C:\Program Files\dotnet\sdk\5.0.101\Extensions,C:\Program Files\dotnet\sdk\5.0.101
TpTrace Information: 0 : 21676, 1, 2021/01/13, 11:07:29.908, 94849546938, vstest.console.dll, AssemblyResolver.AddSearchDirectories: Adding more searchDirectories C:\Program Files\dotnet\sdk\5.0.101\Extensions,C:\Program Files\dotnet\sdk\5.0.101
TpTrace Information: 0 : 21676, 1, 2021/01/13, 11:07:29.908, 94849547701, vstest.console.dll, AssemblyResolver.AddSearchDirectories: Adding more searchDirectories C:\Program Files\dotnet\sdk\5.0.101\Extensions,C:\Program Files\dotnet\sdk\5.0.101
TpTrace Information: 0 : 21676, 1, 2021/01/13, 11:07:29.908, 94849549735, vstest.console.dll, AssemblyResolver.OnResolve: Microsoft.Bcl.AsyncInterfaces: Resolving assembly.
TpTrace Information: 0 : 21676, 1, 2021/01/13, 11:07:29.908, 94849550555, vstest.console.dll, AssemblyResolver.OnResolve: Microsoft.Bcl.AsyncInterfaces: Resolved from cache.
TpTrace Verbose: 0 : 21676, 1, 2021/01/13, 11:07:29.908, 94849551315, vstest.console.dll, CurrentDomain_AssemblyResolve: Resolving assembly 'Microsoft.Bcl.AsyncInterfaces'.
TpTrace Information: 0 : 21676, 1, 2021/01/13, 11:07:29.908, 94849552231, vstest.console.dll, AssemblyResolver.OnResolve: Microsoft.Bcl.AsyncInterfaces: Resolving assembly.
TpTrace Information: 0 : 21676, 1, 2021/01/13, 11:07:29.908, 94849552989, vstest.console.dll, AssemblyResolver.OnResolve: Microsoft.Bcl.AsyncInterfaces: Resolved from cache.
TpTrace Verbose: 0 : 21676, 1, 2021/01/13, 11:07:29.908, 94849553788, vstest.console.dll, CurrentDomain_AssemblyResolve: Resolving assembly 'Microsoft.Bcl.AsyncInterfaces'.
TpTrace Verbose: 0 : 21676, 1, 2021/01/13, 11:07:29.908, 94849554523, vstest.console.dll, CurrentDomainAssemblyResolve: Failed to resolve assembly 'Microsoft.Bcl.AsyncInterfaces'.
TpTrace Verbose: 0 : 21676, 1, 2021/01/13, 11:07:29.909, 94849557285, vstest.console.dll, CurrentDomainAssemblyResolve: Failed to resolve assembly 'Microsoft.Bcl.AsyncInterfaces'.
TpTrace Warning: 0 : 21676, 1, 2021/01/13, 11:07:29.909, 94849561700, vstest.console.dll, TestPluginDiscoverer: Failed to get types from assembly 'Microsoft.Diagnostics.NETCore.Client, Version=0.2.2.41902, Culture=neutral, PublicKeyToken=31bf3856ad364e35'.  Skipping test extension scan for this assembly.  Error: System.Reflection.ReflectionTypeLoadException: Unable to load one or more of the requested types.
Could not load file or assembly 'Microsoft.Bcl.AsyncInterfaces, Version=1.0.0.0, Culture=neutral, PublicKeyToken=cc7b13ffcd2ddd51'. The system cannot find the file specified.
   at System.Reflection.RuntimeModule.GetTypes(RuntimeModule module)
   at System.Reflection.RuntimeModule.GetTypes()
   at System.Reflection.Assembly.GetTypes()
   at Microsoft.VisualStudio.TestPlatform.Common.ExtensionFramework.TestPluginDiscoverer.GetTestExtensionsFromAssembly[TPluginInfo,TExtension](Assembly assembly, Dictionary`2 pluginInfos)
System.IO.FileNotFoundException: Could not load file or assembly 'Microsoft.Bcl.AsyncInterfaces, Version=1.0.0.0, Culture=neutral, PublicKeyToken=cc7b13ffcd2ddd51'. The system cannot find the file specified.
File name: 'Microsoft.Bcl.AsyncInterfaces, Version=1.0.0.0, Culture=neutral, PublicKeyToken=cc7b13ffcd2ddd51'
TpTrace Warning: 0 : 21676, 1, 2021/01/13, 11:07:29.909, 94849562643, vstest.console.dll, LoaderExceptions: System.IO.FileNotFoundException: Could not load file or assembly 'Microsoft.Bcl.AsyncInterfaces, Version=1.0.0.0, Culture=neutral, PublicKeyToken=cc7b13ffcd2ddd51'. The system cannot find the file specified.
File name: 'Microsoft.Bcl.AsyncInterfaces, Version=1.0.0.0, Culture=neutral, PublicKeyToken=cc7b13ffcd2ddd51'
TpTrace Verbose: 0 : 21676, 1, 2021/01/13, 11:07:29.910, 94849565409, vstest.console.dll, TestPluginCache: Discovered the extensions using extension path ''.
TpTrace Verbose: 0 : 21676, 1, 2021/01/13, 11:07:29.910, 94849566287, vstest.console.dll, TestPluginCache: Discoverers are ''.
TpTrace Verbose: 0 : 21676, 1, 2021/01/13, 11:07:29.910, 94849567033, vstest.console.dll, TestPluginCache: Executors are ''.
TpTrace Verbose: 0 : 21676, 1, 2021/01/13, 11:07:29.910, 94849567752, vstest.console.dll, TestPluginCache: Executors2 are ''.
TpTrace Verbose: 0 : 21676, 1, 2021/01/13, 11:07:29.910, 94849568464, vstest.console.dll, TestPluginCache: Setting providers are ''.
TpTrace Verbose: 0 : 21676, 1, 2021/01/13, 11:07:29.910, 94849569500, vstest.console.dll, TestPluginCache: Loggers are 'logger://Microsoft/TestPlatform/Extensions/Blame/v1,logger://Microsoft/TestPlatform/HtmlLogger/v1,logger://Microsoft/TestPlatform/TrxLogger/v1'.
TpTrace Information: 0 : 21676, 1, 2021/01/13, 11:07:29.911, 94849574931, vstest.console.dll, TestPluginManager.CreateTestExtension: Attempting to load test extension: Microsoft.TestPlatform.Extensions.BlameDataCollector.BlameLogger
TpTrace Information: 0 : 21676, 1, 2021/01/13, 11:07:29.918, 94849648852, vstest.console.dll, TestPluginManager.CreateTestExtension: Attempting to load test extension: Microsoft.VisualStudio.TestPlatform.CrossPlatEngine.Hosting.DefaultTestHostManager
TpTrace Information: 0 : 21676, 1, 2021/01/13, 11:07:29.918, 94849651660, vstest.console.dll, TestPluginManager.CreateTestExtension: Attempting to load test extension: Microsoft.VisualStudio.TestPlatform.CrossPlatEngine.Hosting.DotnetTestHostManager
TpTrace Verbose: 0 : 21676, 1, 2021/01/13, 11:07:29.919, 94849656047, vstest.console.dll, TestEngine: Initializing Parallel Execution as MaxCpuCount is set to: 1
TpTrace Information: 0 : 21676, 1, 2021/01/13, 11:07:29.919, 94849660473, vstest.console.dll, InferRunSettingsHelper.IsTestSettingsEnabled: Unable to navigate to RunSettings/MSTest. Current node: RunSettings
TpTrace Verbose: 0 : 21676, 1, 2021/01/13, 11:07:29.931, 94849775898, vstest.console.dll, TestRequestSender is acting as server
TpTrace Verbose: 0 : 21676, 4, 2021/01/13, 11:07:29.933, 94849804197, vstest.console.dll, DataCollectionRequestSender.InitializeCommunication : Initialize communication. 
TpTrace Information: 0 : 21676, 4, 2021/01/13, 11:07:29.943, 94849902055, vstest.console.dll, Listening on Endpoint : 127.0.0.1:52883
TpTrace Verbose: 0 : 21676, 4, 2021/01/13, 11:07:29.951, 94849982735, vstest.console.dll, DotnetDataCollectionLauncher: Full path of dotnet.exe is C:\Program Files\dotnet\dotnet.exe
TpTrace Verbose: 0 : 21676, 4, 2021/01/13, 11:07:29.952, 94849984866, vstest.console.dll, DotnetDataCollectionLauncher: Adding  --runtimeconfig "C:\Program Files\dotnet\sdk\5.0.101\datacollector.runtimeconfig.json" in args
TpTrace Verbose: 0 : 21676, 4, 2021/01/13, 11:07:29.952, 94849986337, vstest.console.dll, DotnetDataCollectionLauncher: Adding  --depsfile "C:\Program Files\dotnet\sdk\5.0.101\datacollector.deps.json" in args
TpTrace Information: 0 : 21676, 4, 2021/01/13, 11:07:29.959, 94850062157, vstest.console.dll, ProxyDataCollectionManager.Initialize: Launched datacollector processId: 15052 port: 52883
TpTrace Information: 0 : 21676, 4, 2021/01/13, 11:07:29.960, 94850065407, vstest.console.dll, ProxyDataCollectionManager.Initialize: waiting for connection with timeout: 90 seconds
TpTrace Verbose: 0 : 21676, 4, 2021/01/13, 11:07:29.960, 94850066940, vstest.console.dll, DataCollectionRequestSender.WaitForRequestHandlerConnection : Waiting for connection with timeout: 90000
TpTrace Information: 0 : 21676, 7, 2021/01/13, 11:07:30.085, 94851316370, vstest.console.dll, Using the buffer size of 16384 bytes
TpTrace Information: 0 : 21676, 7, 2021/01/13, 11:07:30.085, 94851317649, vstest.console.dll, Accepted Client request and set the flag
TpTrace Verbose: 0 : 21676, 4, 2021/01/13, 11:07:30.085, 94851317266, vstest.console.dll, ProxyDataCollectionManager.InvokeDataCollectionServiceAction: Starting.
TpTrace Information: 0 : 21676, 4, 2021/01/13, 11:07:30.085, 94851320034, vstest.console.dll, ProxyDataCollectionManager.BeforeTestRunStart: Get environment variable and port for datacollector processId: 15052 port: 52883
TpTrace Verbose: 0 : 21676, 4, 2021/01/13, 11:07:30.085, 94851321414, vstest.console.dll, DataCollectionRequestSender.SendBeforeTestRunStartAndGetResult : Send BeforeTestRunStart message with settingsXml <RunSettings><RunConfiguration><ResultsDirectory>C:\Users\Laurynas\source\repos\NasdaqBaltic\NasdaqBaltic\NasdaqBalticServices\DALs_Tests\bin\Debug\netcoreapp3.1\fine-code-coverage</ResultsDirectory><TargetPlatform>X64</TargetPlatform><TargetFrameworkVersion>.NETCoreApp,Version=v3.1</TargetFrameworkVersion><DesignMode>False</DesignMode><CollectSourceInformation>False</CollectSourceInformation><TestAdaptersPaths>C:\Program Files\dotnet\sdk\5.0.101\Extensions</TestAdaptersPaths></RunConfiguration><LoggerRunSettings><Loggers><Logger friendlyName="blame" enabled="True" /><Logger friendlyName="Console" uri="logger://microsoft/TestPlatform/ConsoleLogger/v1" assemblyQualifiedName="Microsoft.VisualStudio.TestPlatform.CommandLine.Internal.ConsoleLogger, vstest.console, Version=15.0.0.0, Culture=neutral, PublicKeyToken=b03f5f7f11d50a3a" codeBase="C:\Program Files\dotnet\sdk\5.0.101\vstest.console.dll" enabled="True" /></Loggers></LoggerRunSettings><DataCollectionRunSettings><DataCollectors><DataCollector friendlyName="blame" enabled="True"><Configuration><ResultsDirectory>C:\Users\Laurynas\source\repos\NasdaqBaltic\NasdaqBaltic\NasdaqBalticServices\DALs_Tests\bin\Debug\netcoreapp3.1\fine-code-coverage</ResultsDirectory></Configuration></DataCollector></DataCollectors></DataCollectionRunSettings></RunSettings> and sources System.Linq.Enumerable+Concat2Iterator`1[System.String]: 
TpTrace Verbose: 0 : 21676, 4, 2021/01/13, 11:07:30.144, 94851912578, vstest.console.dll, DataCollectionRequestSender.SendBeforeTestRunStartAndGetResult : Received message: (DataCollection.SendMessage) -> {
  "FriendlyName": null,
  "Uri": null,
  "TestCaseId": "00000000-0000-0000-0000-000000000000",
  "Message": "Logging DataCollector Diagnostics in file: C:\\Users\\Laurynas\\source\\repos\\NasdaqBaltic\\NasdaqBaltic\\NasdaqBalticServices\\DALs_Tests\\bin\\Debug\\netcoreapp3.1\\fine-code-coverage\\diagnostics.datacollector.21-01-13_11-07-29_94840_4.log",
  "Level": 0
}
TpTrace Verbose: 0 : 21676, 4, 2021/01/13, 11:07:30.200, 94852465786, vstest.console.dll, DataCollectionRequestSender.SendBeforeTestRunStartAndGetResult : Received message: (DataCollection.BeforeTestRunStartResult) -> {
  "EnvironmentVariables": {},
  "DataCollectionEventsPort": 52885
}
TpTrace Information: 0 : 21676, 4, 2021/01/13, 11:07:30.203, 94852494833, vstest.console.dll, ProxyDataCollectionManager.BeforeTestRunStart: SendBeforeTestRunStartAndGetResult successful, env variable from datacollector:   and testhost port: 52885
TpTrace Information: 0 : 21676, 4, 2021/01/13, 11:07:30.203, 94852495942, vstest.console.dll, ProxyDataCollectionManager.InvokeDataCollectionServiceAction: Completed.
TpTrace Verbose: 0 : 21676, 1, 2021/01/13, 11:07:30.203, 94852497734, vstest.console.dll, TestRunRequest.ExecuteAsync: Creating test run request.
TpTrace Verbose: 0 : 21676, 1, 2021/01/13, 11:07:30.203, 94852501224, vstest.console.dll, TestRunRequest.ExecuteAsync: Starting.
TpTrace Information: 0 : 21676, 1, 2021/01/13, 11:07:30.204, 94852505399, vstest.console.dll, TestRunRequest.ExecuteAsync: Starting run with settings:TestRunCriteria:
   KeepAlive=False,FrequencyOfRunStatsChangeEvent=10,RunStatsChangeEventTimeout=00:00:01.5000000,TestCaseFilter=,TestExecutorLauncher=
   Settingsxml=<RunSettings>
  <RunConfiguration>
    <ResultsDirectory>C:\Users\Laurynas\source\repos\NasdaqBaltic\NasdaqBaltic\NasdaqBalticServices\DALs_Tests\bin\Debug\netcoreapp3.1\fine-code-coverage</ResultsDirectory>
    <TargetPlatform>X64</TargetPlatform>
    <TargetFrameworkVersion>.NETCoreApp,Version=v3.1</TargetFrameworkVersion>
    <DesignMode>False</DesignMode>
    <CollectSourceInformation>False</CollectSourceInformation>
  </RunConfiguration>
  <LoggerRunSettings>
    <Loggers>
      <Logger friendlyName="blame" enabled="True" />
      <Logger friendlyName="Console" uri="logger://microsoft/TestPlatform/ConsoleLogger/v1" assemblyQualifiedName="Microsoft.VisualStudio.TestPlatform.CommandLine.Internal.ConsoleLogger, vstest.console, Version=15.0.0.0, Culture=neutral, PublicKeyToken=b03f5f7f11d50a3a" codeBase="C:\Program Files\dotnet\sdk\5.0.101\vstest.console.dll" enabled="True" />
    </Loggers>
  </LoggerRunSettings>
  <DataCollectionRunSettings>
    <DataCollectors>
      <DataCollector friendlyName="blame" enabled="True">
        <Configuration>
          <ResultsDirectory>C:\Users\Laurynas\source\repos\NasdaqBaltic\NasdaqBaltic\NasdaqBalticServices\DALs_Tests\bin\Debug\netcoreapp3.1\fine-code-coverage</ResultsDirectory>
        </Configuration>
      </DataCollector>
    </DataCollectors>
  </DataCollectionRunSettings>
</RunSettings>

TpTrace Verbose: 0 : 21676, 1, 2021/01/13, 11:07:30.204, 94852506753, vstest.console.dll, TestRunRequest.ExecuteAsync: Wait for the first run request is over.
TpTrace Verbose: 0 : 21676, 1, 2021/01/13, 11:07:30.204, 94852510273, vstest.console.dll, ParallelProxyExecutionManager: Start execution. Total sources: 1
TpTrace Information: 0 : 21676, 1, 2021/01/13, 11:07:30.205, 94852515508, vstest.console.dll, ProxyParallelExecutionManager: Triggering test run for next source: C:\Users\Laurynas\source\repos\NasdaqBaltic\NasdaqBaltic\NasdaqBalticServices\DALs_Tests\bin\Debug\netcoreapp3.1\DALs_Tests.dll
TpTrace Verbose: 0 : 21676, 4, 2021/01/13, 11:07:30.205, 94852517225, vstest.console.dll, ParallelProxyExecutionManager: Execution started. Started clients: 1
TpTrace Verbose: 0 : 21676, 1, 2021/01/13, 11:07:30.205, 94852517556, vstest.console.dll, ProxyParallelExecutionManager: No sources available for execution.
TpTrace Information: 0 : 21676, 1, 2021/01/13, 11:07:30.205, 94852519875, vstest.console.dll, TestRunRequest.ExecuteAsync: Started.
TpTrace Verbose: 0 : 21676, 4, 2021/01/13, 11:07:30.205, 94852520826, vstest.console.dll, TestRunRequest:SendTestRunMessage: Starting.
TpTrace Verbose: 0 : 21676, 1, 2021/01/13, 11:07:30.205, 94852522107, vstest.console.dll, TestRunRequest.WaitForCompletion: Waiting with timeout -1.
TpTrace Information: 0 : 21676, 4, 2021/01/13, 11:07:30.205, 94852522286, vstest.console.dll, TestRunRequest:SendTestRunMessage: Completed.
TpTrace Verbose: 0 : 21676, 4, 2021/01/13, 11:07:30.206, 94852525730, vstest.console.dll, ProxyExecutionManager: Test host is always Lazy initialize.
TpTrace Verbose: 0 : 21676, 4, 2021/01/13, 11:07:30.206, 94852528120, vstest.console.dll, TestRequestSender.InitializeCommunication: initialize communication. 
TpTrace Information: 0 : 21676, 4, 2021/01/13, 11:07:30.206, 94852531981, vstest.console.dll, SocketServer.Start: Listening on endpoint : 127.0.0.1:52887
TpTrace Verbose: 0 : 21676, 4, 2021/01/13, 11:07:30.207, 94852537648, vstest.console.dll, DotnetTestHostmanager: Adding  --runtimeconfig "C:\Users\Laurynas\source\repos\NasdaqBaltic\NasdaqBaltic\NasdaqBalticServices\DALs_Tests\bin\Debug\netcoreapp3.1\DALs_Tests.runtimeconfig.json" in args
TpTrace Verbose: 0 : 21676, 4, 2021/01/13, 11:07:30.207, 94852538913, vstest.console.dll, DotnetTestHostmanager: Adding  --depsfile "C:\Users\Laurynas\source\repos\NasdaqBaltic\NasdaqBaltic\NasdaqBalticServices\DALs_Tests\bin\Debug\netcoreapp3.1\DALs_Tests.deps.json" in args
TpTrace Information: 0 : 21676, 4, 2021/01/13, 11:07:30.207, 94852541395, vstest.console.dll, AssemblyResolver.OnResolve: Microsoft.Extensions.DependencyModel: Resolving assembly.
TpTrace Information: 0 : 21676, 4, 2021/01/13, 11:07:30.209, 94852559721, vstest.console.dll, AssemblyResolver.OnResolve: Resolved assembly: Microsoft.Extensions.DependencyModel, from path: C:\Program Files\dotnet\sdk\5.0.101\Microsoft.Extensions.DependencyModel.dll
TpTrace Verbose: 0 : 21676, 4, 2021/01/13, 11:07:30.209, 94852562493, vstest.console.dll, DotnetTestHostmanager: Reading file C:\Users\Laurynas\source\repos\NasdaqBaltic\NasdaqBaltic\NasdaqBalticServices\DALs_Tests\bin\Debug\netcoreapp3.1\DALs_Tests.deps.json to get path of testhost.dll
TpTrace Verbose: 0 : 21676, 4, 2021/01/13, 11:07:30.228, 94852754645, vstest.console.dll, DotnetTestHostmanager: Relative path of testhost.dll with respect to package folder is microsoft.testplatform.testhost/16.5.0\lib/netcoreapp2.1/testhost.dll
TpTrace Verbose: 0 : 21676, 4, 2021/01/13, 11:07:30.229, 94852760253, vstest.console.dll, DotnetTestHostmanager: Looking for path microsoft.testplatform.testhost/16.5.0\lib/netcoreapp2.1/testhost.dll in folder C:\Users\Laurynas\.dotnet\store\|arch|\|tfm|
TpTrace Verbose: 0 : 21676, 4, 2021/01/13, 11:07:30.229, 94852761638, vstest.console.dll, DotnetTestHostmanager: Looking for path microsoft.testplatform.testhost/16.5.0\lib/netcoreapp2.1/testhost.dll in folder C:\Users\Laurynas\.nuget\packages
TpTrace Verbose: 0 : 21676, 4, 2021/01/13, 11:07:30.229, 94852763534, vstest.console.dll, DotnetTestHostManager: Testhost.exe/testhost.x86.exe found at path: C:\Users\Laurynas\.nuget\packages\microsoft.testplatform.testhost\16.5.0\build\netcoreapp2.1\x64\testhost.exe
TpTrace Verbose: 0 : 21676, 4, 2021/01/13, 11:07:30.229, 94852764449, vstest.console.dll, DotnetTestHostmanager: Full path of host exe is C:\Users\Laurynas\.nuget\packages\microsoft.testplatform.testhost\16.5.0\build\netcoreapp2.1\x64\testhost.exe
TpTrace Verbose: 0 : 21676, 6, 2021/01/13, 11:07:30.230, 94852771638, vstest.console.dll, DotnetTestHostManager: Starting process 'C:\Users\Laurynas\.nuget\packages\microsoft.testplatform.testhost\16.5.0\build\netcoreapp2.1\x64\testhost.exe' with command line ' --runtimeconfig "C:\Users\Laurynas\source\repos\NasdaqBaltic\NasdaqBaltic\NasdaqBalticServices\DALs_Tests\bin\Debug\netcoreapp3.1\DALs_Tests.runtimeconfig.json" --depsfile "C:\Users\Laurynas\source\repos\NasdaqBaltic\NasdaqBaltic\NasdaqBalticServices\DALs_Tests\bin\Debug\netcoreapp3.1\DALs_Tests.deps.json" --port 52887 --endpoint 127.0.0.1:052887 --role client --parentprocessid 21676 --diag "C:\Users\Laurynas\source\repos\NasdaqBaltic\NasdaqBaltic\NasdaqBalticServices\DALs_Tests\bin\Debug\netcoreapp3.1\fine-code-coverage\diagnostics.host.21-01-13_11-07-30_20699_4.log" --tracelevel 4 --datacollectionport 52885 --telemetryoptedin false'
TpTrace Verbose: 0 : 21676, 6, 2021/01/13, 11:07:30.233, 94852803390, vstest.console.dll, Test Runtime launched
TpTrace Verbose: 0 : 21676, 4, 2021/01/13, 11:07:30.234, 94852809590, vstest.console.dll, TestRequestSender.WaitForRequestHandlerConnection: waiting for connection with timeout: 90000
TpTrace Verbose: 0 : 21676, 6, 2021/01/13, 11:07:30.379, 94854255102, vstest.console.dll, SocketServer.OnClientConnected: Client connected for endPoint: 127.0.0.1:52887, starting MessageLoopAsync:
TpTrace Verbose: 0 : 21676, 6, 2021/01/13, 11:07:30.379, 94854257720, vstest.console.dll, TcpClientExtensions.MessageLoopAsync: Polling on remoteEndPoint: 127.0.0.1:52888 localEndPoint: 127.0.0.1:52887
TpTrace Verbose: 0 : 21676, 6, 2021/01/13, 11:07:30.521, 94855680170, vstest.console.dll, TcpClientExtensions.MessageLoopAsync: NotifyDataAvailable remoteEndPoint: 127.0.0.1:52888 localEndPoint: 127.0.0.1:52887
TpTrace Verbose: 0 : 21676, 6, 2021/01/13, 11:07:30.521, 94855683443, vstest.console.dll, TestRequestSender.CheckVersionWithTestHost: onMessageReceived received message: (ProtocolVersion) -> 2
TpTrace Verbose: 0 : 21676, 6, 2021/01/13, 11:07:30.522, 94855688464, vstest.console.dll, TcpClientExtensions.MessageLoopAsync: Polling on remoteEndPoint: 127.0.0.1:52888 localEndPoint: 127.0.0.1:52887
TpTrace Verbose: 0 : 21676, 4, 2021/01/13, 11:07:30.522, 94855689710, vstest.console.dll, TestPluginCache.GetExtensionPaths: Filtered extension paths: 
TpTrace Verbose: 0 : 21676, 4, 2021/01/13, 11:07:30.522, 94855690803, vstest.console.dll, TestPluginCache.GetExtensionPaths: Added default extension paths: C:\Program Files\dotnet\sdk\5.0.101\Extensions\Microsoft.Diagnostics.NETCore.Client.dll
C:\Program Files\dotnet\sdk\5.0.101\Extensions\Microsoft.TestPlatform.Extensions.BlameDataCollector.dll
C:\Program Files\dotnet\sdk\5.0.101\Extensions\Microsoft.TestPlatform.Extensions.EventLogCollector.dll
C:\Program Files\dotnet\sdk\5.0.101\Extensions\Microsoft.TestPlatform.TestHostRuntimeProvider.dll
C:\Program Files\dotnet\sdk\5.0.101\Extensions\Microsoft.VisualStudio.TestPlatform.Extensions.Html.TestLogger.dll
C:\Program Files\dotnet\sdk\5.0.101\Extensions\Microsoft.VisualStudio.TestPlatform.Extensions.Trx.TestLogger.dll
TpTrace Verbose: 0 : 21676, 4, 2021/01/13, 11:07:30.522, 94855691703, vstest.console.dll, TestPluginCache.GetExtensionPaths: Added unfilterableExtensionPaths: 
TpTrace Verbose: 0 : 21676, 4, 2021/01/13, 11:07:30.525, 94855717006, vstest.console.dll, TestRequestSender.InitializeExecution: Sending initializing execution with message: {"Version":2,"MessageType":"TestExecution.Initialize","Payload":["C:\\Users\\Laurynas\\source\\repos\\NasdaqBaltic\\NasdaqBaltic\\NasdaqBalticServices\\DALs_Tests\\bin\\Debug\\netcoreapp3.1\\NUnit3.TestAdapter.dll"]}
TpTrace Verbose: 0 : 21676, 4, 2021/01/13, 11:07:30.532, 94855786197, vstest.console.dll, TestRequestSender.StartTestRun: Sending test run with message: {"Version":2,"MessageType":"TestExecution.StartWithSources","Payload":{"AdapterSourceMap":{"_none_":["C:\\Users\\Laurynas\\source\\repos\\NasdaqBaltic\\NasdaqBaltic\\NasdaqBalticServices\\DALs_Tests\\bin\\Debug\\netcoreapp3.1\\DALs_Tests.dll"]},"RunSettings":"<RunSettings>\r\n  <RunConfiguration>\r\n    <ResultsDirectory>C:\\Users\\Laurynas\\source\\repos\\NasdaqBaltic\\NasdaqBaltic\\NasdaqBalticServices\\DALs_Tests\\bin\\Debug\\netcoreapp3.1\\fine-code-coverage</ResultsDirectory>\r\n    <TargetPlatform>X64</TargetPlatform>\r\n    <TargetFrameworkVersion>.NETCoreApp,Version=v3.1</TargetFrameworkVersion>\r\n    <DesignMode>False</DesignMode>\r\n    <CollectSourceInformation>False</CollectSourceInformation>\r\n  </RunConfiguration>\r\n  <LoggerRunSettings>\r\n    <Loggers>\r\n      <Logger friendlyName=\"blame\" enabled=\"True\" />\r\n      <Logger friendlyName=\"Console\" uri=\"logger://microsoft/TestPlatform/ConsoleLogger/v1\" assemblyQualifiedName=\"Microsoft.VisualStudio.TestPlatform.CommandLine.Internal.ConsoleLogger, vstest.console, Version=15.0.0.0, Culture=neutral, PublicKeyToken=b03f5f7f11d50a3a\" codeBase=\"C:\\Program Files\\dotnet\\sdk\\5.0.101\\vstest.console.dll\" enabled=\"True\" />\r\n    </Loggers>\r\n  </LoggerRunSettings>\r\n  <DataCollectionRunSettings>\r\n    <DataCollectors>\r\n      <DataCollector friendlyName=\"blame\" enabled=\"True\">\r\n        <Configuration>\r\n          <ResultsDirectory>C:\\Users\\Laurynas\\source\\repos\\NasdaqBaltic\\NasdaqBaltic\\NasdaqBalticServices\\DALs_Tests\\bin\\Debug\\netcoreapp3.1\\fine-code-coverage</ResultsDirectory>\r\n        </Configuration>\r\n      </DataCollector>\r\n    </DataCollectors>\r\n  </DataCollectionRunSettings>\r\n</RunSettings>","TestExecutionContext":{"FrequencyOfRunStatsChangeEvent":10,"RunStatsChangeEventTimeout":"00:00:01.5000000","InIsolation":false,"KeepAlive":false,"AreTestCaseLevelEventsRequired":false,"IsDebug":false,"TestCaseFilter":null,"FilterOptions":null},"Package":null}}
TpTrace Verbose: 0 : 21676, 6, 2021/01/13, 11:07:30.532, 94855792975, vstest.console.dll, TcpClientExtensions.MessageLoopAsync: NotifyDataAvailable remoteEndPoint: 127.0.0.1:52888 localEndPoint: 127.0.0.1:52887
TpTrace Verbose: 0 : 21676, 6, 2021/01/13, 11:07:30.532, 94855794596, vstest.console.dll, TestRequestSender.OnExecutionMessageReceived: Received message: {"Version":2,"MessageType":"TestSession.Message","Payload":{"MessageLevel":0,"Message":"Logging TestHost Diagnostics in file: C:\\Users\\Laurynas\\source\\repos\\NasdaqBaltic\\NasdaqBaltic\\NasdaqBalticServices\\DALs_Tests\\bin\\Debug\\netcoreapp3.1\\fine-code-coverage\\diagnostics.host.21-01-13_11-07-30_20699_4.log"}}
TpTrace Verbose: 0 : 21676, 6, 2021/01/13, 11:07:30.534, 94855813475, vstest.console.dll, TestRunRequest:SendTestRunMessage: Starting.
TpTrace Information: 0 : 21676, 6, 2021/01/13, 11:07:30.535, 94855815264, vstest.console.dll, TestRunRequest:SendTestRunMessage: Completed.
TpTrace Verbose: 0 : 21676, 6, 2021/01/13, 11:07:30.535, 94855816273, vstest.console.dll, TcpClientExtensions.MessageLoopAsync: Polling on remoteEndPoint: 127.0.0.1:52888 localEndPoint: 127.0.0.1:52887
TpTrace Verbose: 0 : 21676, 6, 2021/01/13, 11:07:30.672, 94857188257, vstest.console.dll, TcpClientExtensions.MessageLoopAsync: NotifyDataAvailable remoteEndPoint: 127.0.0.1:52888 localEndPoint: 127.0.0.1:52887
TpTrace Verbose: 0 : 21676, 6, 2021/01/13, 11:07:30.672, 94857190696, vstest.console.dll, TestRequestSender.OnExecutionMessageReceived: Received message: {"Version":2,"MessageType":"TestSession.Message","Payload":{"MessageLevel":0,"Message":"NUnit Adapter 3.16.1.0: Test execution started"}}
TpTrace Verbose: 0 : 21676, 6, 2021/01/13, 11:07:30.672, 94857194394, vstest.console.dll, TestRunRequest:SendTestRunMessage: Starting.
TpTrace Information: 0 : 21676, 6, 2021/01/13, 11:07:30.673, 94857195918, vstest.console.dll, TestRunRequest:SendTestRunMessage: Completed.
TpTrace Verbose: 0 : 21676, 6, 2021/01/13, 11:07:30.673, 94857197016, vstest.console.dll, TcpClientExtensions.MessageLoopAsync: Polling on remoteEndPoint: 127.0.0.1:52888 localEndPoint: 127.0.0.1:52887
TpTrace Verbose: 0 : 21676, 6, 2021/01/13, 11:07:30.680, 94857272791, vstest.console.dll, TcpClientExtensions.MessageLoopAsync: NotifyDataAvailable remoteEndPoint: 127.0.0.1:52888 localEndPoint: 127.0.0.1:52887
TpTrace Verbose: 0 : 21676, 6, 2021/01/13, 11:07:30.681, 94857274666, vstest.console.dll, TestRequestSender.OnExecutionMessageReceived: Received message: {"Version":2,"MessageType":"TestSession.Message","Payload":{"MessageLevel":0,"Message":"Running all tests in C:\\Users\\Laurynas\\source\\repos\\NasdaqBaltic\\NasdaqBaltic\\NasdaqBalticServices\\DALs_Tests\\bin\\Debug\\netcoreapp3.1\\DALs_Tests.dll"}}
TpTrace Verbose: 0 : 21676, 6, 2021/01/13, 11:07:30.681, 94857277187, vstest.console.dll, TestRunRequest:SendTestRunMessage: Starting.
TpTrace Information: 0 : 21676, 6, 2021/01/13, 11:07:30.681, 94857278302, vstest.console.dll, TestRunRequest:SendTestRunMessage: Completed.
TpTrace Verbose: 0 : 21676, 6, 2021/01/13, 11:07:30.681, 94857279344, vstest.console.dll, TcpClientExtensions.MessageLoopAsync: Polling on remoteEndPoint: 127.0.0.1:52888 localEndPoint: 127.0.0.1:52887
TpTrace Verbose: 0 : 21676, 6, 2021/01/13, 11:07:30.830, 94858774491, vstest.console.dll, TcpClientExtensions.MessageLoopAsync: NotifyDataAvailable remoteEndPoint: 127.0.0.1:52888 localEndPoint: 127.0.0.1:52887
TpTrace Verbose: 0 : 21676, 6, 2021/01/13, 11:07:30.831, 94858776195, vstest.console.dll, TestRequestSender.OnExecutionMessageReceived: Received message: {"Version":2,"MessageType":"TestSession.Message","Payload":{"MessageLevel":0,"Message":"   NUnit3TestExecutor converted 28 of 28 NUnit test cases"}}
TpTrace Verbose: 0 : 21676, 6, 2021/01/13, 11:07:30.831, 94858778547, vstest.console.dll, TestRunRequest:SendTestRunMessage: Starting.
TpTrace Information: 0 : 21676, 6, 2021/01/13, 11:07:30.831, 94858780030, vstest.console.dll, TestRunRequest:SendTestRunMessage: Completed.
TpTrace Verbose: 0 : 21676, 6, 2021/01/13, 11:07:30.831, 94858781426, vstest.console.dll, TcpClientExtensions.MessageLoopAsync: Polling on remoteEndPoint: 127.0.0.1:52888 localEndPoint: 127.0.0.1:52887
TpTrace Verbose: 0 : 21676, 6, 2021/01/13, 11:07:31.831, 94868783141, vstest.console.dll, TcpClientExtensions.MessageLoopAsync: Polling on remoteEndPoint: 127.0.0.1:52888 localEndPoint: 127.0.0.1:52887
TpTrace Verbose: 0 : 21676, 6, 2021/01/13, 11:07:32.146, 94871929928, vstest.console.dll, TcpClientExtensions.MessageLoopAsync: NotifyDataAvailable remoteEndPoint: 127.0.0.1:52888 localEndPoint: 127.0.0.1:52887
TpTrace Verbose: 0 : 21676, 6, 2021/01/13, 11:07:32.147, 94871937042, vstest.console.dll, TestRequestSender.OnExecutionMessageReceived: Received message: {"Version":2,"MessageType":"TestExecution.StatsChange","Payload":{"NewTestResults":[{"TestCase":{"Id":"392fae92-74a2-0937-e4e6-1ffd5e8c20e7","FullyQualifiedName":"DALs_Tests.AkcijuDALTests.Atnaujinti_Akcija_rezultatas_AtnaujintiAkcijaVisuAkcijuSarase","DisplayName":"Atnaujinti_Akcija_rezultatas_AtnaujintiAkcijaVisuAkcijuSarase","ExecutorUri":"executor://NUnit3TestExecutor","Source":"C:\\Users\\Laurynas\\source\\repos\\NasdaqBaltic\\NasdaqBaltic\\NasdaqBalticServices\\DALs_Tests\\bin\\Debug\\netcoreapp3.1\\DALs_Tests.dll","CodeFilePath":null,"LineNumber":0,"Properties":[]},"Attachments":[],"Outcome":1,"ErrorMessage":null,"ErrorStackTrace":null,"DisplayName":"Atnaujinti_Akcija_rezultatas_AtnaujintiAkcijaVisuAkcijuSarase","Messages":[],"ComputerName":"DESKTOP-KBBI7BR","Duration":"00:00:00.2339160","StartTime":"2021-01-13T09:07:31+00:00","EndTime":"2021-01-13T09:07:31+00:00","Properties":[]},{"TestCase":{"Id":"8e6c2d4d-fa60-8974-4e53-0737512ee7f4","FullyQualifiedName":"DALs_Tests.AkcijuDALTests.GautiPagalAkcijosKoda_PirmasVisuAkcijuElementas_rezultatas_AkcijaSurasta","DisplayName":"GautiPagalAkcijosKoda_PirmasVisuAkcijuElementas_rezultatas_AkcijaSurasta","ExecutorUri":"executor://NUnit3TestExecutor","Source":"C:\\Users\\Laurynas\\source\\repos\\NasdaqBaltic\\NasdaqBaltic\\NasdaqBalticServices\\DALs_Tests\\bin\\Debug\\netcoreapp3.1\\DALs_Tests.dll","CodeFilePath":null,"LineNumber":0,"Properties":[]},"Attachments":[],"Outcome":1,"ErrorMessage":null,"ErrorStackTrace":null,"DisplayName":"GautiPagalAkcijosKoda_PirmasVisuAkcijuElementas_rezultatas_AkcijaSurasta","Messages":[],"ComputerName":"DESKTOP-KBBI7BR","Duration":"00:00:00.0887810","StartTime":"2021-01-13T09:07:31+00:00","EndTime":"2021-01-13T09:07:31+00:00","Properties":[]},{"TestCase":{"Id":"e4da0255-f258-90aa-0938-16dcb6820688","FullyQualifiedName":"DALs_Tests.AkcijuDALTests.GautiVisus__rezultatas_GautosVisosAkcijos","DisplayName":"GautiVisus__rezultatas_GautosVisosAkcijos","ExecutorUri":"executor://NUnit3TestExecutor","Source":"C:\\Users\\Laurynas\\source\\repos\\NasdaqBaltic\\NasdaqBaltic\\NasdaqBalticServices\\DALs_Tests\\bin\\Debug\\netcoreapp3.1\\DALs_Tests.dll","CodeFilePath":null,"LineNumber":0,"Properties":[]},"Attachments":[],"Outcome":1,"ErrorMessage":null,"ErrorStackTrace":null,"DisplayName":"GautiVisus__rezultatas_GautosVisosAkcijos","Messages":[],"ComputerName":"DESKTOP-KBBI7BR","Duration":"00:00:00.0650930","StartTime":"2021-01-13T09:07:31+00:00","EndTime":"2021-01-13T09:07:31+00:00","Properties":[]},{"TestCase":{"Id":"7f01570a-54b1-171a-05b4-963f09dbad95","FullyQualifiedName":"DALs_Tests.AkcijuDALTests.Istrinti_Akcija_rezultatas_AkcijuSaraseNeberaTosAkcijos","DisplayName":"Istrinti_Akcija_rezultatas_AkcijuSaraseNeberaTosAkcijos","ExecutorUri":"executor://NUnit3TestExecutor","Source":"C:\\Users\\Laurynas\\source\\repos\\NasdaqBaltic\\NasdaqBaltic\\NasdaqBalticServices\\DALs_Tests\\bin\\Debug\\netcoreapp3.1\\DALs_Tests.dll","CodeFilePath":null,"LineNumber":0,"Properties":[]},"Attachments":[],"Outcome":1,"ErrorMessage":null,"ErrorStackTrace":null,"DisplayName":"Istrinti_Akcija_rezultatas_AkcijuSaraseNeberaTosAkcijos","Messages":[],"ComputerName":"DESKTOP-KBBI7BR","Duration":"00:00:00.2630100","StartTime":"2021-01-13T09:07:31+00:00","EndTime":"2021-01-13T09:07:31+00:00","Properties":[]},{"TestCase":{"Id":"74685823-6f53-7bbc-2289-109976e7344e","FullyQualifiedName":"DALs_Tests.AkcijuDALTests.Ivesti_Akcija_rezultatas_AkcijaVisuAkcijuSarase","DisplayName":"Ivesti_Akcija_rezultatas_AkcijaVisuAkcijuSarase","ExecutorUri":"executor://NUnit3TestExecutor","Source":"C:\\Users\\Laurynas\\source\\repos\\NasdaqBaltic\\NasdaqBaltic\\NasdaqBalticServices\\DALs_Tests\\bin\\Debug\\netcoreapp3.1\\DALs_Tests.dll","CodeFilePath":null,"LineNumber":0,"Properties":[]},"Attachments":[],"Outcome":1,"ErrorMessage":null,"ErrorStackTrace":null,"DisplayName":"Ivesti_Akcija_rezultatas_AkcijaVisuAkcijuSarase","Messages":[],"ComputerName":"DESKTOP-KBBI7BR","Duration":"00:00:00.1630480","StartTime":"2021-01-13T09:07:31+00:00","EndTime":"2021-01-13T09:07:31+00:00","Properties":[]}],"TestRunStatistics":{"ExecutedTests":5,"Stats":{"Passed":5}},"ActiveTests":[{"Id":"02081c37-b582-2127-30ad-fa9c429a0084","FullyQualifiedName":"DALs_Tests.FinansinesInformacijosDALTests.Atnaujinti_NaujausiaFinansineInformacija_rezultatas_AtnaujintiFinansineInformacijaVisuFinansiniuInformacijuSarase","DisplayName":"Atnaujinti_NaujausiaFinansineInformacija_rezultatas_AtnaujintiFinansineInformacijaVisuFinansiniuInformacijuSarase","ExecutorUri":"executor://NUnit3TestExecutor","Source":"C:\\Users\\Laurynas\\source\\repos\\NasdaqBaltic\\NasdaqBaltic\\NasdaqBalticServices\\DALs_Tests\\bin\\Debug\\netcoreapp3.1\\DALs_Tests.dll","CodeFilePath":null,"LineNumber":0,"Properties":[]}]}}
TpTrace Verbose: 0 : 21676, 6, 2021/01/13, 11:07:32.184, 94872308331, vstest.console.dll, TestRunRequest:SendTestRunStatsChange: Starting.
TpTrace Verbose: 0 : 21676, 6, 2021/01/13, 11:07:32.184, 94872310110, vstest.console.dll, InProgress is Atnaujinti_NaujausiaFinansineInformacija_rezultatas_AtnaujintiFinansineInformacijaVisuFinansiniuInformacijuSarase
TpTrace Information: 0 : 21676, 6, 2021/01/13, 11:07:32.184, 94872312424, vstest.console.dll, TestRunRequest:SendTestRunStatsChange: Completed.
TpTrace Verbose: 0 : 21676, 6, 2021/01/13, 11:07:32.184, 94872313624, vstest.console.dll, TcpClientExtensions.MessageLoopAsync: Polling on remoteEndPoint: 127.0.0.1:52888 localEndPoint: 127.0.0.1:52887
TpTrace Verbose: 0 : 21676, 6, 2021/01/13, 11:07:33.185, 94882315123, vstest.console.dll, TcpClientExtensions.MessageLoopAsync: Polling on remoteEndPoint: 127.0.0.1:52888 localEndPoint: 127.0.0.1:52887
TpTrace Verbose: 0 : 21676, 6, 2021/01/13, 11:07:34.185, 94892319766, vstest.console.dll, TcpClientExtensions.MessageLoopAsync: Polling on remoteEndPoint: 127.0.0.1:52888 localEndPoint: 127.0.0.1:52887
TpTrace Verbose: 0 : 21676, 6, 2021/01/13, 11:07:35.186, 94902328454, vstest.console.dll, TcpClientExtensions.MessageLoopAsync: Polling on remoteEndPoint: 127.0.0.1:52888 localEndPoint: 127.0.0.1:52887
TpTrace Verbose: 0 : 21676, 6, 2021/01/13, 11:07:35.312, 94903592865, vstest.console.dll, TcpClientExtensions.MessageLoopAsync: NotifyDataAvailable remoteEndPoint: 127.0.0.1:52888 localEndPoint: 127.0.0.1:52887
TpTrace Verbose: 0 : 21676, 6, 2021/01/13, 11:07:35.312, 94903594598, vstest.console.dll, TestRequestSender.OnExecutionMessageReceived: Received message: {"Version":2,"MessageType":"TestExecution.StatsChange","Payload":{"NewTestResults":[{"TestCase":{"Id":"02081c37-b582-2127-30ad-fa9c429a0084","FullyQualifiedName":"DALs_Tests.FinansinesInformacijosDALTests.Atnaujinti_NaujausiaFinansineInformacija_rezultatas_AtnaujintiFinansineInformacijaVisuFinansiniuInformacijuSarase","DisplayName":"Atnaujinti_NaujausiaFinansineInformacija_rezultatas_AtnaujintiFinansineInformacijaVisuFinansiniuInformacijuSarase","ExecutorUri":"executor://NUnit3TestExecutor","Source":"C:\\Users\\Laurynas\\source\\repos\\NasdaqBaltic\\NasdaqBaltic\\NasdaqBalticServices\\DALs_Tests\\bin\\Debug\\netcoreapp3.1\\DALs_Tests.dll","CodeFilePath":null,"LineNumber":0,"Properties":[]},"Attachments":[],"Outcome":1,"ErrorMessage":null,"ErrorStackTrace":null,"DisplayName":"Atnaujinti_NaujausiaFinansineInformacija_rezultatas_AtnaujintiFinansineInformacijaVisuFinansiniuInformacijuSarase","Messages":[],"ComputerName":"DESKTOP-KBBI7BR","Duration":"00:00:03.3930900","StartTime":"2021-01-13T09:07:31+00:00","EndTime":"2021-01-13T09:07:35+00:00","Properties":[]}],"TestRunStatistics":{"ExecutedTests":6,"Stats":{"Passed":6}},"ActiveTests":[{"Id":"db505c88-17da-05f6-fe84-e7a07421b39a","FullyQualifiedName":"DALs_Tests.FinansinesInformacijosDALTests.GautiPagalId_PirmasVisuFinansiniuInformacijuElementas_rezultatas_FinansineInformacijaSurasta","DisplayName":"GautiPagalId_PirmasVisuFinansiniuInformacijuElementas_rezultatas_FinansineInformacijaSurasta","ExecutorUri":"executor://NUnit3TestExecutor","Source":"C:\\Users\\Laurynas\\source\\repos\\NasdaqBaltic\\NasdaqBaltic\\NasdaqBalticServices\\DALs_Tests\\bin\\Debug\\netcoreapp3.1\\DALs_Tests.dll","CodeFilePath":null,"LineNumber":0,"Properties":[]}]}}
TpTrace Verbose: 0 : 21676, 6, 2021/01/13, 11:07:35.313, 94903600596, vstest.console.dll, TestRunRequest:SendTestRunStatsChange: Starting.
TpTrace Verbose: 0 : 21676, 6, 2021/01/13, 11:07:35.313, 94903601683, vstest.console.dll, InProgress is GautiPagalId_PirmasVisuFinansiniuInformacijuElementas_rezultatas_FinansineInformacijaSurasta
TpTrace Information: 0 : 21676, 6, 2021/01/13, 11:07:35.313, 94903602920, vstest.console.dll, TestRunRequest:SendTestRunStatsChange: Completed.
TpTrace Verbose: 0 : 21676, 6, 2021/01/13, 11:07:35.313, 94903604059, vstest.console.dll, TcpClientExtensions.MessageLoopAsync: Polling on remoteEndPoint: 127.0.0.1:52888 localEndPoint: 127.0.0.1:52887
TpTrace Verbose: 0 : 21676, 6, 2021/01/13, 11:07:36.313, 94913601492, vstest.console.dll, TcpClientExtensions.MessageLoopAsync: Polling on remoteEndPoint: 127.0.0.1:52888 localEndPoint: 127.0.0.1:52887
TpTrace Verbose: 0 : 21676, 6, 2021/01/13, 11:07:37.141, 94921875003, vstest.console.dll, TcpClientExtensions.MessageLoopAsync: NotifyDataAvailable remoteEndPoint: 127.0.0.1:52888 localEndPoint: 127.0.0.1:52887
TpTrace Verbose: 0 : 21676, 6, 2021/01/13, 11:07:37.141, 94921878848, vstest.console.dll, TestRequestSender.OnExecutionMessageReceived: Received message: {"Version":2,"MessageType":"TestExecution.StatsChange","Payload":{"NewTestResults":[{"TestCase":{"Id":"db505c88-17da-05f6-fe84-e7a07421b39a","FullyQualifiedName":"DALs_Tests.FinansinesInformacijosDALTests.GautiPagalId_PirmasVisuFinansiniuInformacijuElementas_rezultatas_FinansineInformacijaSurasta","DisplayName":"GautiPagalId_PirmasVisuFinansiniuInformacijuElementas_rezultatas_FinansineInformacijaSurasta","ExecutorUri":"executor://NUnit3TestExecutor","Source":"C:\\Users\\Laurynas\\source\\repos\\NasdaqBaltic\\NasdaqBaltic\\NasdaqBalticServices\\DALs_Tests\\bin\\Debug\\netcoreapp3.1\\DALs_Tests.dll","CodeFilePath":null,"LineNumber":0,"Properties":[]},"Attachments":[],"Outcome":1,"ErrorMessage":null,"ErrorStackTrace":null,"DisplayName":"GautiPagalId_PirmasVisuFinansiniuInformacijuElementas_rezultatas_FinansineInformacijaSurasta","Messages":[],"ComputerName":"DESKTOP-KBBI7BR","Duration":"00:00:01.8218970","StartTime":"2021-01-13T09:07:35+00:00","EndTime":"2021-01-13T09:07:37+00:00","Properties":[]}],"TestRunStatistics":{"ExecutedTests":7,"Stats":{"Passed":7}},"ActiveTests":[{"Id":"1544cb31-8794-9abe-b11f-47eac98770f3","FullyQualifiedName":"DALs_Tests.FinansinesInformacijosDALTests.GautiPagalKodaNaujausia_NaujausiasVisuFinansiniuInformacijuElementas_rezultatas_FinansineInformacijaSurasta","DisplayName":"GautiPagalKodaNaujausia_NaujausiasVisuFinansiniuInformacijuElementas_rezultatas_FinansineInformacijaSurasta","ExecutorUri":"executor://NUnit3TestExecutor","Source":"C:\\Users\\Laurynas\\source\\repos\\NasdaqBaltic\\NasdaqBaltic\\NasdaqBalticServices\\DALs_Tests\\bin\\Debug\\netcoreapp3.1\\DALs_Tests.dll","CodeFilePath":null,"LineNumber":0,"Properties":[]}]}}
TpTrace Verbose: 0 : 21676, 6, 2021/01/13, 11:07:37.150, 94921974418, vstest.console.dll, TestRunRequest:SendTestRunStatsChange: Starting.
TpTrace Verbose: 0 : 21676, 6, 2021/01/13, 11:07:37.151, 94921976449, vstest.console.dll, InProgress is GautiPagalKodaNaujausia_NaujausiasVisuFinansiniuInformacijuElementas_rezultatas_FinansineInformacijaSurasta
TpTrace Information: 0 : 21676, 6, 2021/01/13, 11:07:37.151, 94921977412, vstest.console.dll, TestRunRequest:SendTestRunStatsChange: Completed.
TpTrace Verbose: 0 : 21676, 6, 2021/01/13, 11:07:37.151, 94921978305, vstest.console.dll, TcpClientExtensions.MessageLoopAsync: Polling on remoteEndPoint: 127.0.0.1:52888 localEndPoint: 127.0.0.1:52887
TpTrace Verbose: 0 : 21676, 6, 2021/01/13, 11:07:38.151, 94931979707, vstest.console.dll, TcpClientExtensions.MessageLoopAsync: Polling on remoteEndPoint: 127.0.0.1:52888 localEndPoint: 127.0.0.1:52887
TpTrace Verbose: 0 : 21676, 6, 2021/01/13, 11:07:38.850, 94938964979, vstest.console.dll, TcpClientExtensions.MessageLoopAsync: NotifyDataAvailable remoteEndPoint: 127.0.0.1:52888 localEndPoint: 127.0.0.1:52887
TpTrace Verbose: 0 : 21676, 6, 2021/01/13, 11:07:38.850, 94938966700, vstest.console.dll, TestRequestSender.OnExecutionMessageReceived: Received message: {"Version":2,"MessageType":"TestExecution.StatsChange","Payload":{"NewTestResults":[{"TestCase":{"Id":"1544cb31-8794-9abe-b11f-47eac98770f3","FullyQualifiedName":"DALs_Tests.FinansinesInformacijosDALTests.GautiPagalKodaNaujausia_NaujausiasVisuFinansiniuInformacijuElementas_rezultatas_FinansineInformacijaSurasta","DisplayName":"GautiPagalKodaNaujausia_NaujausiasVisuFinansiniuInformacijuElementas_rezultatas_FinansineInformacijaSurasta","ExecutorUri":"executor://NUnit3TestExecutor","Source":"C:\\Users\\Laurynas\\source\\repos\\NasdaqBaltic\\NasdaqBaltic\\NasdaqBalticServices\\DALs_Tests\\bin\\Debug\\netcoreapp3.1\\DALs_Tests.dll","CodeFilePath":null,"LineNumber":0,"Properties":[]},"Attachments":[],"Outcome":1,"ErrorMessage":null,"ErrorStackTrace":null,"DisplayName":"GautiPagalKodaNaujausia_NaujausiasVisuFinansiniuInformacijuElementas_rezultatas_FinansineInformacijaSurasta","Messages":[],"ComputerName":"DESKTOP-KBBI7BR","Duration":"00:00:01.7154720","StartTime":"2021-01-13T09:07:37+00:00","EndTime":"2021-01-13T09:07:38+00:00","Properties":[]}],"TestRunStatistics":{"ExecutedTests":8,"Stats":{"Passed":8}},"ActiveTests":[{"Id":"7f650ebf-2bf0-356d-b7b8-4ae983eecaf6","FullyQualifiedName":"DALs_Tests.FinansinesInformacijosDALTests.GautiStatistikas_NaujausiaFinansineInformacija_rezultatas_GrazinamosTrysStatistikos","DisplayName":"GautiStatistikas_NaujausiaFinansineInformacija_rezultatas_GrazinamosTrysStatistikos","ExecutorUri":"executor://NUnit3TestExecutor","Source":"C:\\Users\\Laurynas\\source\\repos\\NasdaqBaltic\\NasdaqBaltic\\NasdaqBalticServices\\DALs_Tests\\bin\\Debug\\netcoreapp3.1\\DALs_Tests.dll","CodeFilePath":null,"LineNumber":0,"Properties":[]}]}}
TpTrace Verbose: 0 : 21676, 6, 2021/01/13, 11:07:38.850, 94938972204, vstest.console.dll, TestRunRequest:SendTestRunStatsChange: Starting.
TpTrace Verbose: 0 : 21676, 6, 2021/01/13, 11:07:38.850, 94938973438, vstest.console.dll, InProgress is GautiStatistikas_NaujausiaFinansineInformacija_rezultatas_GrazinamosTrysStatistikos
TpTrace Information: 0 : 21676, 6, 2021/01/13, 11:07:38.851, 94938974703, vstest.console.dll, TestRunRequest:SendTestRunStatsChange: Completed.
TpTrace Verbose: 0 : 21676, 6, 2021/01/13, 11:07:38.851, 94938976405, vstest.console.dll, TcpClientExtensions.MessageLoopAsync: Polling on remoteEndPoint: 127.0.0.1:52888 localEndPoint: 127.0.0.1:52887
TpTrace Verbose: 0 : 21676, 6, 2021/01/13, 11:07:39.852, 94948985712, vstest.console.dll, TcpClientExtensions.MessageLoopAsync: Polling on remoteEndPoint: 127.0.0.1:52888 localEndPoint: 127.0.0.1:52887
TpTrace Verbose: 0 : 21676, 6, 2021/01/13, 11:07:40.616, 94956628387, vstest.console.dll, TcpClientExtensions.MessageLoopAsync: NotifyDataAvailable remoteEndPoint: 127.0.0.1:52888 localEndPoint: 127.0.0.1:52887
TpTrace Verbose: 0 : 21676, 6, 2021/01/13, 11:07:40.616, 94956630055, vstest.console.dll, TestRequestSender.OnExecutionMessageReceived: Received message: {"Version":2,"MessageType":"TestExecution.StatsChange","Payload":{"NewTestResults":[{"TestCase":{"Id":"7f650ebf-2bf0-356d-b7b8-4ae983eecaf6","FullyQualifiedName":"DALs_Tests.FinansinesInformacijosDALTests.GautiStatistikas_NaujausiaFinansineInformacija_rezultatas_GrazinamosTrysStatistikos","DisplayName":"GautiStatistikas_NaujausiaFinansineInformacija_rezultatas_GrazinamosTrysStatistikos","ExecutorUri":"executor://NUnit3TestExecutor","Source":"C:\\Users\\Laurynas\\source\\repos\\NasdaqBaltic\\NasdaqBaltic\\NasdaqBalticServices\\DALs_Tests\\bin\\Debug\\netcoreapp3.1\\DALs_Tests.dll","CodeFilePath":null,"LineNumber":0,"Properties":[]},"Attachments":[],"Outcome":1,"ErrorMessage":null,"ErrorStackTrace":null,"DisplayName":"GautiStatistikas_NaujausiaFinansineInformacija_rezultatas_GrazinamosTrysStatistikos","Messages":[],"ComputerName":"DESKTOP-KBBI7BR","Duration":"00:00:01.7654630","StartTime":"2021-01-13T09:07:38+00:00","EndTime":"2021-01-13T09:07:40+00:00","Properties":[]}],"TestRunStatistics":{"ExecutedTests":9,"Stats":{"Passed":9}},"ActiveTests":[{"Id":"529b28f2-e715-9519-2f9d-c4228f9b03a6","FullyQualifiedName":"DALs_Tests.FinansinesInformacijosDALTests.GautiVisus__rezultatas_GautiVisiFinansinesInformacijosIrasai","DisplayName":"GautiVisus__rezultatas_GautiVisiFinansinesInformacijosIrasai","ExecutorUri":"executor://NUnit3TestExecutor","Source":"C:\\Users\\Laurynas\\source\\repos\\NasdaqBaltic\\NasdaqBaltic\\NasdaqBalticServices\\DALs_Tests\\bin\\Debug\\netcoreapp3.1\\DALs_Tests.dll","CodeFilePath":null,"LineNumber":0,"Properties":[]}]}}
TpTrace Verbose: 0 : 21676, 6, 2021/01/13, 11:07:40.617, 94956634843, vstest.console.dll, TestRunRequest:SendTestRunStatsChange: Starting.
TpTrace Verbose: 0 : 21676, 6, 2021/01/13, 11:07:40.617, 94956635824, vstest.console.dll, InProgress is GautiVisus__rezultatas_GautiVisiFinansinesInformacijosIrasai
TpTrace Information: 0 : 21676, 6, 2021/01/13, 11:07:40.617, 94956636714, vstest.console.dll, TestRunRequest:SendTestRunStatsChange: Completed.
TpTrace Verbose: 0 : 21676, 6, 2021/01/13, 11:07:40.617, 94956637557, vstest.console.dll, TcpClientExtensions.MessageLoopAsync: Polling on remoteEndPoint: 127.0.0.1:52888 localEndPoint: 127.0.0.1:52887
TpTrace Verbose: 0 : 21676, 6, 2021/01/13, 11:07:41.616, 94966634343, vstest.console.dll, TcpClientExtensions.MessageLoopAsync: Polling on remoteEndPoint: 127.0.0.1:52888 localEndPoint: 127.0.0.1:52887
TpTrace Verbose: 0 : 21676, 6, 2021/01/13, 11:07:42.328, 94973749395, vstest.console.dll, TcpClientExtensions.MessageLoopAsync: NotifyDataAvailable remoteEndPoint: 127.0.0.1:52888 localEndPoint: 127.0.0.1:52887
TpTrace Verbose: 0 : 21676, 6, 2021/01/13, 11:07:42.328, 94973751744, vstest.console.dll, TestRequestSender.OnExecutionMessageReceived: Received message: {"Version":2,"MessageType":"TestExecution.StatsChange","Payload":{"NewTestResults":[{"TestCase":{"Id":"529b28f2-e715-9519-2f9d-c4228f9b03a6","FullyQualifiedName":"DALs_Tests.FinansinesInformacijosDALTests.GautiVisus__rezultatas_GautiVisiFinansinesInformacijosIrasai","DisplayName":"GautiVisus__rezultatas_GautiVisiFinansinesInformacijosIrasai","ExecutorUri":"executor://NUnit3TestExecutor","Source":"C:\\Users\\Laurynas\\source\\repos\\NasdaqBaltic\\NasdaqBaltic\\NasdaqBalticServices\\DALs_Tests\\bin\\Debug\\netcoreapp3.1\\DALs_Tests.dll","CodeFilePath":null,"LineNumber":0,"Properties":[]},"Attachments":[],"Outcome":1,"ErrorMessage":null,"ErrorStackTrace":null,"DisplayName":"GautiVisus__rezultatas_GautiVisiFinansinesInformacijosIrasai","Messages":[],"ComputerName":"DESKTOP-KBBI7BR","Duration":"00:00:01.7118110","StartTime":"2021-01-13T09:07:40+00:00","EndTime":"2021-01-13T09:07:42+00:00","Properties":[]}],"TestRunStatistics":{"ExecutedTests":10,"Stats":{"Passed":10}},"ActiveTests":[{"Id":"4c206080-4c94-2290-444f-4d589d22c579","FullyQualifiedName":"DALs_Tests.FinansinesInformacijosDALTests.Istrinti_FinansineInformacija_rezultatas_FinansinesInformacijosNeberaVisuFISarase","DisplayName":"Istrinti_FinansineInformacija_rezultatas_FinansinesInformacijosNeberaVisuFISarase","ExecutorUri":"executor://NUnit3TestExecutor","Source":"C:\\Users\\Laurynas\\source\\repos\\NasdaqBaltic\\NasdaqBaltic\\NasdaqBalticServices\\DALs_Tests\\bin\\Debug\\netcoreapp3.1\\DALs_Tests.dll","CodeFilePath":null,"LineNumber":0,"Properties":[]}]}}
TpTrace Verbose: 0 : 21676, 6, 2021/01/13, 11:07:42.329, 94973757664, vstest.console.dll, TestRunRequest:SendTestRunStatsChange: Starting.
TpTrace Verbose: 0 : 21676, 6, 2021/01/13, 11:07:42.329, 94973759399, vstest.console.dll, InProgress is Istrinti_FinansineInformacija_rezultatas_FinansinesInformacijosNeberaVisuFISarase
TpTrace Information: 0 : 21676, 6, 2021/01/13, 11:07:42.329, 94973760452, vstest.console.dll, TestRunRequest:SendTestRunStatsChange: Completed.
TpTrace Verbose: 0 : 21676, 6, 2021/01/13, 11:07:42.329, 94973761345, vstest.console.dll, TcpClientExtensions.MessageLoopAsync: Polling on remoteEndPoint: 127.0.0.1:52888 localEndPoint: 127.0.0.1:52887
TpTrace Verbose: 0 : 21676, 6, 2021/01/13, 11:07:43.330, 94983764687, vstest.console.dll, TcpClientExtensions.MessageLoopAsync: Polling on remoteEndPoint: 127.0.0.1:52888 localEndPoint: 127.0.0.1:52887
TpTrace Verbose: 0 : 21676, 6, 2021/01/13, 11:07:44.330, 94993767217, vstest.console.dll, TcpClientExtensions.MessageLoopAsync: Polling on remoteEndPoint: 127.0.0.1:52888 localEndPoint: 127.0.0.1:52887
TpTrace Verbose: 0 : 21676, 6, 2021/01/13, 11:07:45.330, 95003768233, vstest.console.dll, TcpClientExtensions.MessageLoopAsync: Polling on remoteEndPoint: 127.0.0.1:52888 localEndPoint: 127.0.0.1:52887
TpTrace Verbose: 0 : 21676, 6, 2021/01/13, 11:07:46.330, 95013774204, vstest.console.dll, TcpClientExtensions.MessageLoopAsync: Polling on remoteEndPoint: 127.0.0.1:52888 localEndPoint: 127.0.0.1:52887
TpTrace Verbose: 0 : 21676, 6, 2021/01/13, 11:07:46.826, 95018725812, vstest.console.dll, TcpClientExtensions.MessageLoopAsync: NotifyDataAvailable remoteEndPoint: 127.0.0.1:52888 localEndPoint: 127.0.0.1:52887
TpTrace Verbose: 0 : 21676, 6, 2021/01/13, 11:07:46.826, 95018728050, vstest.console.dll, TestRequestSender.OnExecutionMessageReceived: Received message: {"Version":2,"MessageType":"TestExecution.StatsChange","Payload":{"NewTestResults":[{"TestCase":{"Id":"4c206080-4c94-2290-444f-4d589d22c579","FullyQualifiedName":"DALs_Tests.FinansinesInformacijosDALTests.Istrinti_FinansineInformacija_rezultatas_FinansinesInformacijosNeberaVisuFISarase","DisplayName":"Istrinti_FinansineInformacija_rezultatas_FinansinesInformacijosNeberaVisuFISarase","ExecutorUri":"executor://NUnit3TestExecutor","Source":"C:\\Users\\Laurynas\\source\\repos\\NasdaqBaltic\\NasdaqBaltic\\NasdaqBalticServices\\DALs_Tests\\bin\\Debug\\netcoreapp3.1\\DALs_Tests.dll","CodeFilePath":null,"LineNumber":0,"Properties":[]},"Attachments":[],"Outcome":1,"ErrorMessage":null,"ErrorStackTrace":null,"DisplayName":"Istrinti_FinansineInformacija_rezultatas_FinansinesInformacijosNeberaVisuFISarase","Messages":[],"ComputerName":"DESKTOP-KBBI7BR","Duration":"00:00:04.4941630","StartTime":"2021-01-13T09:07:42+00:00","EndTime":"2021-01-13T09:07:46+00:00","Properties":[]}],"TestRunStatistics":{"ExecutedTests":11,"Stats":{"Passed":11}},"ActiveTests":[{"Id":"1cfba4ad-8c3a-6f6a-8ac3-175abd6e87e4","FullyQualifiedName":"DALs_Tests.FinansinesInformacijosDALTests.Ivesti_NaujausiaFinansineInformacija_rezultatas_FinansineInformacijaVisuFiNSarase","DisplayName":"Ivesti_NaujausiaFinansineInformacija_rezultatas_FinansineInformacijaVisuFiNSarase","ExecutorUri":"executor://NUnit3TestExecutor","Source":"C:\\Users\\Laurynas\\source\\repos\\NasdaqBaltic\\NasdaqBaltic\\NasdaqBalticServices\\DALs_Tests\\bin\\Debug\\netcoreapp3.1\\DALs_Tests.dll","CodeFilePath":null,"LineNumber":0,"Properties":[]}]}}
TpTrace Verbose: 0 : 21676, 6, 2021/01/13, 11:07:46.826, 95018734048, vstest.console.dll, TestRunRequest:SendTestRunStatsChange: Starting.
TpTrace Verbose: 0 : 21676, 6, 2021/01/13, 11:07:46.827, 95018735477, vstest.console.dll, InProgress is Ivesti_NaujausiaFinansineInformacija_rezultatas_FinansineInformacijaVisuFiNSarase
TpTrace Information: 0 : 21676, 6, 2021/01/13, 11:07:46.827, 95018737412, vstest.console.dll, TestRunRequest:SendTestRunStatsChange: Completed.
TpTrace Verbose: 0 : 21676, 6, 2021/01/13, 11:07:46.827, 95018739996, vstest.console.dll, TcpClientExtensions.MessageLoopAsync: Polling on remoteEndPoint: 127.0.0.1:52888 localEndPoint: 127.0.0.1:52887
TpTrace Verbose: 0 : 21676, 6, 2021/01/13, 11:07:47.827, 95028739632, vstest.console.dll, TcpClientExtensions.MessageLoopAsync: Polling on remoteEndPoint: 127.0.0.1:52888 localEndPoint: 127.0.0.1:52887
TpTrace Verbose: 0 : 21676, 6, 2021/01/13, 11:07:48.827, 95038742596, vstest.console.dll, TcpClientExtensions.MessageLoopAsync: Polling on remoteEndPoint: 127.0.0.1:52888 localEndPoint: 127.0.0.1:52887
TpTrace Verbose: 0 : 21676, 6, 2021/01/13, 11:07:49.828, 95048747848, vstest.console.dll, TcpClientExtensions.MessageLoopAsync: Polling on remoteEndPoint: 127.0.0.1:52888 localEndPoint: 127.0.0.1:52887
TpTrace Verbose: 0 : 21676, 6, 2021/01/13, 11:07:49.956, 95050027399, vstest.console.dll, TcpClientExtensions.MessageLoopAsync: NotifyDataAvailable remoteEndPoint: 127.0.0.1:52888 localEndPoint: 127.0.0.1:52887
TpTrace Verbose: 0 : 21676, 6, 2021/01/13, 11:07:49.956, 95050029490, vstest.console.dll, TestRequestSender.OnExecutionMessageReceived: Received message: {"Version":2,"MessageType":"TestExecution.StatsChange","Payload":{"NewTestResults":[{"TestCase":{"Id":"1cfba4ad-8c3a-6f6a-8ac3-175abd6e87e4","FullyQualifiedName":"DALs_Tests.FinansinesInformacijosDALTests.Ivesti_NaujausiaFinansineInformacija_rezultatas_FinansineInformacijaVisuFiNSarase","DisplayName":"Ivesti_NaujausiaFinansineInformacija_rezultatas_FinansineInformacijaVisuFiNSarase","ExecutorUri":"executor://NUnit3TestExecutor","Source":"C:\\Users\\Laurynas\\source\\repos\\NasdaqBaltic\\NasdaqBaltic\\NasdaqBalticServices\\DALs_Tests\\bin\\Debug\\netcoreapp3.1\\DALs_Tests.dll","CodeFilePath":null,"LineNumber":0,"Properties":[]},"Attachments":[],"Outcome":1,"ErrorMessage":null,"ErrorStackTrace":null,"DisplayName":"Ivesti_NaujausiaFinansineInformacija_rezultatas_FinansineInformacijaVisuFiNSarase","Messages":[],"ComputerName":"DESKTOP-KBBI7BR","Duration":"00:00:03.1329170","StartTime":"2021-01-13T09:07:46+00:00","EndTime":"2021-01-13T09:07:49+00:00","Properties":[]}],"TestRunStatistics":{"ExecutedTests":12,"Stats":{"Passed":12}},"ActiveTests":[{"Id":"ba61afe6-36b5-5308-1fde-49566eee4a53","FullyQualifiedName":"DALs_Tests.LoginIrRegistracijosDALTests.ArTeisingiLogin_Vartotojas_rezultatas_True","DisplayName":"ArTeisingiLogin_Vartotojas_rezultatas_True","ExecutorUri":"executor://NUnit3TestExecutor","Source":"C:\\Users\\Laurynas\\source\\repos\\NasdaqBaltic\\NasdaqBaltic\\NasdaqBalticServices\\DALs_Tests\\bin\\Debug\\netcoreapp3.1\\DALs_Tests.dll","CodeFilePath":null,"LineNumber":0,"Properties":[]}]}}
TpTrace Verbose: 0 : 21676, 6, 2021/01/13, 11:07:49.957, 95050034879, vstest.console.dll, TestRunRequest:SendTestRunStatsChange: Starting.
TpTrace Verbose: 0 : 21676, 6, 2021/01/13, 11:07:49.957, 95050036024, vstest.console.dll, InProgress is ArTeisingiLogin_Vartotojas_rezultatas_True
TpTrace Information: 0 : 21676, 6, 2021/01/13, 11:07:49.957, 95050037077, vstest.console.dll, TestRunRequest:SendTestRunStatsChange: Completed.
TpTrace Verbose: 0 : 21676, 6, 2021/01/13, 11:07:49.957, 95050038361, vstest.console.dll, TcpClientExtensions.MessageLoopAsync: Polling on remoteEndPoint: 127.0.0.1:52888 localEndPoint: 127.0.0.1:52887
TpTrace Verbose: 0 : 21676, 6, 2021/01/13, 11:07:50.124, 95051704829, vstest.console.dll, TcpClientExtensions.MessageLoopAsync: NotifyDataAvailable remoteEndPoint: 127.0.0.1:52888 localEndPoint: 127.0.0.1:52887
TpTrace Verbose: 0 : 21676, 6, 2021/01/13, 11:07:50.124, 95051707358, vstest.console.dll, TestRequestSender.OnExecutionMessageReceived: Received message: {"Version":2,"MessageType":"TestExecution.StatsChange","Payload":{"NewTestResults":[{"TestCase":{"Id":"ba61afe6-36b5-5308-1fde-49566eee4a53","FullyQualifiedName":"DALs_Tests.LoginIrRegistracijosDALTests.ArTeisingiLogin_Vartotojas_rezultatas_True","DisplayName":"ArTeisingiLogin_Vartotojas_rezultatas_True","ExecutorUri":"executor://NUnit3TestExecutor","Source":"C:\\Users\\Laurynas\\source\\repos\\NasdaqBaltic\\NasdaqBaltic\\NasdaqBalticServices\\DALs_Tests\\bin\\Debug\\netcoreapp3.1\\DALs_Tests.dll","CodeFilePath":null,"LineNumber":0,"Properties":[]},"Attachments":[],"Outcome":1,"ErrorMessage":null,"ErrorStackTrace":null,"DisplayName":"ArTeisingiLogin_Vartotojas_rezultatas_True","Messages":[],"ComputerName":"DESKTOP-KBBI7BR","Duration":"00:00:00.0064980","StartTime":"2021-01-13T09:07:49+00:00","EndTime":"2021-01-13T09:07:49+00:00","Properties":[]},{"TestCase":{"Id":"f1118dbc-0849-5ea1-7689-4735f0de8255","FullyQualifiedName":"DALs_Tests.LoginIrRegistracijosDALTests.Ivesti_Vartotojas_rezultatas_True","DisplayName":"Ivesti_Vartotojas_rezultatas_True","ExecutorUri":"executor://NUnit3TestExecutor","Source":"C:\\Users\\Laurynas\\source\\repos\\NasdaqBaltic\\NasdaqBaltic\\NasdaqBalticServices\\DALs_Tests\\bin\\Debug\\netcoreapp3.1\\DALs_Tests.dll","CodeFilePath":null,"LineNumber":0,"Properties":[]},"Attachments":[],"Outcome":2,"ErrorMessage":"  Expected: True\r\n  But was:  False\r\n","ErrorStackTrace":"   at DALs_Tests.LoginIrRegistracijosDALTests.Ivesti_Vartotojas_rezultatas_True() in C:\\Users\\Laurynas\\source\\repos\\NasdaqBaltic\\NasdaqBaltic\\NasdaqBalticServices\\DALs_Tests\\LoginIrRegistracijosDALTests.cs:line 20\r\n","DisplayName":"Ivesti_Vartotojas_rezultatas_True","Messages":[],"ComputerName":"DESKTOP-KBBI7BR","Duration":"00:00:00.0332519","StartTime":"2021-01-13T09:07:49+00:00","EndTime":"2021-01-13T09:07:49+00:00","Properties":[]},{"TestCase":{"Id":"90ce5fc2-74fa-dcaf-ab5b-3d9195ddaaa6","FullyQualifiedName":"DALs_Tests.PapildomosInformacijosDALTests.Atnaujinti_PapildomaInformacija_rezultatas_AtnaujintaInformacijaVisuPISarase","DisplayName":"Atnaujinti_PapildomaInformacija_rezultatas_AtnaujintaInformacijaVisuPISarase","ExecutorUri":"executor://NUnit3TestExecutor","Source":"C:\\Users\\Laurynas\\source\\repos\\NasdaqBaltic\\NasdaqBaltic\\NasdaqBalticServices\\DALs_Tests\\bin\\Debug\\netcoreapp3.1\\DALs_Tests.dll","CodeFilePath":null,"LineNumber":0,"Properties":[]},"Attachments":[],"Outcome":1,"ErrorMessage":null,"ErrorStackTrace":null,"DisplayName":"Atnaujinti_PapildomaInformacija_rezultatas_AtnaujintaInformacijaVisuPISarase","Messages":[],"ComputerName":"DESKTOP-KBBI7BR","Duration":"00:00:00.0141990","StartTime":"2021-01-13T09:07:49+00:00","EndTime":"2021-01-13T09:07:50+00:00","Properties":[]},{"TestCase":{"Id":"0b285f45-564f-d96a-7b9e-2ab2e1454506","FullyQualifiedName":"DALs_Tests.PapildomosInformacijosDALTests.GautiPagalAkcijosKoda_PirmasVisuPIElementas_rezultatas_PapildomaInformacijaSurasta","DisplayName":"GautiPagalAkcijosKoda_PirmasVisuPIElementas_rezultatas_PapildomaInformacijaSurasta","ExecutorUri":"executor://NUnit3TestExecutor","Source":"C:\\Users\\Laurynas\\source\\repos\\NasdaqBaltic\\NasdaqBaltic\\NasdaqBalticServices\\DALs_Tests\\bin\\Debug\\netcoreapp3.1\\DALs_Tests.dll","CodeFilePath":null,"LineNumber":0,"Properties":[]},"Attachments":[],"Outcome":1,"ErrorMessage":null,"ErrorStackTrace":null,"DisplayName":"GautiPagalAkcijosKoda_PirmasVisuPIElementas_rezultatas_PapildomaInformacijaSurasta","Messages":[],"ComputerName":"DESKTOP-KBBI7BR","Duration":"00:00:00.0072210","StartTime":"2021-01-13T09:07:50+00:00","EndTime":"2021-01-13T09:07:50+00:00","Properties":[]},{"TestCase":{"Id":"69d23612-0dd2-0723-04c0-f59396a3c9a0","FullyQualifiedName":"DALs_Tests.PapildomosInformacijosDALTests.GautiPagalId_PirmasVisuPIElementas_rezultatas_PapildomaInformacijaSurasta","DisplayName":"GautiPagalId_PirmasVisuPIElementas_rezultatas_PapildomaInformacijaSurasta","ExecutorUri":"executor://NUnit3TestExecutor","Source":"C:\\Users\\Laurynas\\source\\repos\\NasdaqBaltic\\NasdaqBaltic\\NasdaqBalticServices\\DALs_Tests\\bin\\Debug\\netcoreapp3.1\\DALs_Tests.dll","CodeFilePath":null,"LineNumber":0,"Properties":[]},"Attachments":[],"Outcome":1,"ErrorMessage":null,"ErrorStackTrace":null,"DisplayName":"GautiPagalId_PirmasVisuPIElementas_rezultatas_PapildomaInformacijaSurasta","Messages":[],"ComputerName":"DESKTOP-KBBI7BR","Duration":"00:00:00.0198190","StartTime":"2021-01-13T09:07:50+00:00","EndTime":"2021-01-13T09:07:50+00:00","Properties":[]},{"TestCase":{"Id":"3016b8ba-9163-6b88-ab30-c48e03db276f","FullyQualifiedName":"DALs_Tests.PapildomosInformacijosDALTests.GautiVisus__rezultatas_GautosVisosAkcijos","DisplayName":"GautiVisus__rezultatas_GautosVisosAkcijos","ExecutorUri":"executor://NUnit3TestExecutor","Source":"C:\\Users\\Laurynas\\source\\repos\\NasdaqBaltic\\NasdaqBaltic\\NasdaqBalticServices\\DALs_Tests\\bin\\Debug\\netcoreapp3.1\\DALs_Tests.dll","CodeFilePath":null,"LineNumber":0,"Properties":[]},"Attachments":[],"Outcome":1,"ErrorMessage":null,"ErrorStackTrace":null,"DisplayName":"GautiVisus__rezultatas_GautosVisosAkcijos","Messages":[],"ComputerName":"DESKTOP-KBBI7BR","Duration":"00:00:00.0089550","StartTime":"2021-01-13T09:07:50+00:00","EndTime":"2021-01-13T09:07:50+00:00","Properties":[]},{"TestCase":{"Id":"ba36a096-58f1-2a01-8972-4ecd1717591d","FullyQualifiedName":"DALs_Tests.PapildomosInformacijosDALTests.Istrinti_PapildomaInformacija_rezultatas_PapildomuInfromacijuSaraseNeberaTosPI","DisplayName":"Istrinti_PapildomaInformacija_rezultatas_PapildomuInfromacijuSaraseNeberaTosPI","ExecutorUri":"executor://NUnit3TestExecutor","Source":"C:\\Users\\Laurynas\\source\\repos\\NasdaqBaltic\\NasdaqBaltic\\NasdaqBalticServices\\DALs_Tests\\bin\\Debug\\netcoreapp3.1\\DALs_Tests.dll","CodeFilePath":null,"LineNumber":0,"Properties":[]},"Attachments":[],"Outcome":1,"ErrorMessage":null,"ErrorStackTrace":null,"DisplayName":"Istrinti_PapildomaInformacija_rezultatas_PapildomuInfromacijuSaraseNeberaTosPI","Messages":[],"ComputerName":"DESKTOP-KBBI7BR","Duration":"00:00:00.0228180","StartTime":"2021-01-13T09:07:50+00:00","EndTime":"2021-01-13T09:07:50+00:00","Properties":[]},{"TestCase":{"Id":"9e0f3d2c-20de-cc98-f5b0-8d021eb612f8","FullyQualifiedName":"DALs_Tests.PapildomosInformacijosDALTests.Ivesti_PapildomaInformacija_rezultatas_PapildomaInformacijaVisuAkcijuSarase","DisplayName":"Ivesti_PapildomaInformacija_rezultatas_PapildomaInformacijaVisuAkcijuSarase","ExecutorUri":"executor://NUnit3TestExecutor","Source":"C:\\Users\\Laurynas\\source\\repos\\NasdaqBaltic\\NasdaqBaltic\\NasdaqBalticServices\\DALs_Tests\\bin\\Debug\\netcoreapp3.1\\DALs_Tests.dll","CodeFilePath":null,"LineNumber":0,"Properties":[]},"Attachments":[],"Outcome":1,"ErrorMessage":null,"ErrorStackTrace":null,"DisplayName":"Ivesti_PapildomaInformacija_rezultatas_PapildomaInformacijaVisuAkcijuSarase","Messages":[],"ComputerName":"DESKTOP-KBBI7BR","Duration":"00:00:00.0339750","StartTime":"2021-01-13T09:07:50+00:00","EndTime":"2021-01-13T09:07:50+00:00","Properties":[]},{"TestCase":{"Id":"6efcbf19-0369-b9ec-8096-0e732c8ee48d","FullyQualifiedName":"DALs_Tests.VartotojasDALTests.Atnaujinti_Vartotojas_rezultatas_VartotojasAtnaujintasDuomBazeje","DisplayName":"Atnaujinti_Vartotojas_rezultatas_VartotojasAtnaujintasDuomBazeje","ExecutorUri":"executor://NUnit3TestExecutor","Source":"C:\\Users\\Laurynas\\source\\repos\\NasdaqBaltic\\NasdaqBaltic\\NasdaqBalticServices\\DALs_Tests\\bin\\Debug\\netcoreapp3.1\\DALs_Tests.dll","CodeFilePath":null,"LineNumber":0,"Properties":[]},"Attachments":[],"Outcome":1,"ErrorMessage":null,"ErrorStackTrace":null,"DisplayName":"Atnaujinti_Vartotojas_rezultatas_VartotojasAtnaujintasDuomBazeje","Messages":[],"ComputerName":"DESKTOP-KBBI7BR","Duration":"00:00:00.0041410","StartTime":"2021-01-13T09:07:50+00:00","EndTime":"2021-01-13T09:07:50+00:00","Properties":[]}],"TestRunStatistics":{"ExecutedTests":21,"Stats":{"Passed":20,"Failed":1}},"ActiveTests":[{"Id":"dbfb405a-56b0-e378-ab1c-b7eb1a81dde4","FullyQualifiedName":"DALs_Tests.VartotojasDALTests.AtnaujintiBalansa_Vartotojas_rezultatas_VartotojasAtnaujintasDuomBazeje","DisplayName":"AtnaujintiBalansa_Vartotojas_rezultatas_VartotojasAtnaujintasDuomBazeje","ExecutorUri":"executor://NUnit3TestExecutor","Source":"C:\\Users\\Laurynas\\source\\repos\\NasdaqBaltic\\NasdaqBaltic\\NasdaqBalticServices\\DALs_Tests\\bin\\Debug\\netcoreapp3.1\\DALs_Tests.dll","CodeFilePath":null,"LineNumber":0,"Properties":[]}]}}
TpTrace Verbose: 0 : 21676, 6, 2021/01/13, 11:07:50.125, 95051719543, vstest.console.dll, TestRunRequest:SendTestRunStatsChange: Starting.
TpTrace Verbose: 0 : 21676, 6, 2021/01/13, 11:07:50.125, 95051720673, vstest.console.dll, InProgress is AtnaujintiBalansa_Vartotojas_rezultatas_VartotojasAtnaujintasDuomBazeje
TpTrace Information: 0 : 21676, 6, 2021/01/13, 11:07:50.125, 95051721671, vstest.console.dll, TestRunRequest:SendTestRunStatsChange: Completed.
TpTrace Verbose: 0 : 21676, 6, 2021/01/13, 11:07:50.125, 95051722551, vstest.console.dll, TcpClientExtensions.MessageLoopAsync: Polling on remoteEndPoint: 127.0.0.1:52888 localEndPoint: 127.0.0.1:52887
TpTrace Verbose: 0 : 21676, 6, 2021/01/13, 11:07:50.187, 95052339679, vstest.console.dll, TcpClientExtensions.MessageLoopAsync: NotifyDataAvailable remoteEndPoint: 127.0.0.1:52888 localEndPoint: 127.0.0.1:52887
TpTrace Verbose: 0 : 21676, 6, 2021/01/13, 11:07:50.187, 95052341510, vstest.console.dll, TestRequestSender.OnExecutionMessageReceived: Received message: {"Version":2,"MessageType":"TestSession.Message","Payload":{"MessageLevel":0,"Message":"NUnit Adapter 3.16.1.0: Test execution complete"}}
TpTrace Verbose: 0 : 21676, 6, 2021/01/13, 11:07:50.187, 95052343014, vstest.console.dll, TestRunRequest:SendTestRunMessage: Starting.
TpTrace Information: 0 : 21676, 6, 2021/01/13, 11:07:50.187, 95052344154, vstest.console.dll, TestRunRequest:SendTestRunMessage: Completed.
TpTrace Verbose: 0 : 21676, 6, 2021/01/13, 11:07:50.188, 95052345012, vstest.console.dll, TcpClientExtensions.MessageLoopAsync: Polling on remoteEndPoint: 127.0.0.1:52888 localEndPoint: 127.0.0.1:52887
TpTrace Verbose: 0 : 21676, 6, 2021/01/13, 11:07:50.202, 95052487290, vstest.console.dll, TcpClientExtensions.MessageLoopAsync: NotifyDataAvailable remoteEndPoint: 127.0.0.1:52888 localEndPoint: 127.0.0.1:52887
TpTrace Verbose: 0 : 21676, 6, 2021/01/13, 11:07:50.202, 95052489433, vstest.console.dll, TestRequestSender.OnExecutionMessageReceived: Received message: {"Version":2,"MessageType":"TestExecution.Completed","Payload":{"TestRunCompleteArgs":{"TestRunStatistics":{"ExecutedTests":28,"Stats":{"Passed":27,"Failed":1}},"IsCanceled":false,"IsAborted":false,"Error":null,"AttachmentSets":[],"ElapsedTimeInRunningTests":"00:00:19.5341444","Metrics":{}},"LastRunTests":{"NewTestResults":[{"TestCase":{"Id":"dbfb405a-56b0-e378-ab1c-b7eb1a81dde4","FullyQualifiedName":"DALs_Tests.VartotojasDALTests.AtnaujintiBalansa_Vartotojas_rezultatas_VartotojasAtnaujintasDuomBazeje","DisplayName":"AtnaujintiBalansa_Vartotojas_rezultatas_VartotojasAtnaujintasDuomBazeje","ExecutorUri":"executor://NUnit3TestExecutor","Source":"C:\\Users\\Laurynas\\source\\repos\\NasdaqBaltic\\NasdaqBaltic\\NasdaqBalticServices\\DALs_Tests\\bin\\Debug\\netcoreapp3.1\\DALs_Tests.dll","CodeFilePath":null,"LineNumber":0,"Properties":[]},"Attachments":[],"Outcome":1,"ErrorMessage":null,"ErrorStackTrace":null,"DisplayName":"AtnaujintiBalansa_Vartotojas_rezultatas_VartotojasAtnaujintasDuomBazeje","Messages":[],"ComputerName":"DESKTOP-KBBI7BR","Duration":"00:00:00.0063220","StartTime":"2021-01-13T09:07:50+00:00","EndTime":"2021-01-13T09:07:50+00:00","Properties":[]},{"TestCase":{"Id":"1ab13429-3475-5399-f951-4ee3bf0e8433","FullyQualifiedName":"DALs_Tests.VartotojasDALTests.GautiPagalId_PirmasVisuVartotojuElementas_rezultatas_VartotojasSurastas","DisplayName":"GautiPagalId_PirmasVisuVartotojuElementas_rezultatas_VartotojasSurastas","ExecutorUri":"executor://NUnit3TestExecutor","Source":"C:\\Users\\Laurynas\\source\\repos\\NasdaqBaltic\\NasdaqBaltic\\NasdaqBalticServices\\DALs_Tests\\bin\\Debug\\netcoreapp3.1\\DALs_Tests.dll","CodeFilePath":null,"LineNumber":0,"Properties":[]},"Attachments":[],"Outcome":1,"ErrorMessage":null,"ErrorStackTrace":null,"DisplayName":"GautiPagalId_PirmasVisuVartotojuElementas_rezultatas_VartotojasSurastas","Messages":[],"ComputerName":"DESKTOP-KBBI7BR","Duration":"00:00:00.0021840","StartTime":"2021-01-13T09:07:50+00:00","EndTime":"2021-01-13T09:07:50+00:00","Properties":[]},{"TestCase":{"Id":"3964d9a8-c819-1c38-a58f-15de54cb9ba0","FullyQualifiedName":"DALs_Tests.VartotojasDALTests.GautiVisus__rezultatas_GautosVisiVartotojai","DisplayName":"GautiVisus__rezultatas_GautosVisiVartotojai","ExecutorUri":"executor://NUnit3TestExecutor","Source":"C:\\Users\\Laurynas\\source\\repos\\NasdaqBaltic\\NasdaqBaltic\\NasdaqBalticServices\\DALs_Tests\\bin\\Debug\\netcoreapp3.1\\DALs_Tests.dll","CodeFilePath":null,"LineNumber":0,"Properties":[]},"Attachments":[],"Outcome":1,"ErrorMessage":null,"ErrorStackTrace":null,"DisplayName":"GautiVisus__rezultatas_GautosVisiVartotojai","Messages":[],"ComputerName":"DESKTOP-KBBI7BR","Duration":"00:00:00.0015180","StartTime":"2021-01-13T09:07:50+00:00","EndTime":"2021-01-13T09:07:50+00:00","Properties":[]},{"TestCase":{"Id":"670c1c66-a545-e942-537b-84c8046d6674","FullyQualifiedName":"DALs_Tests.VartotojoAkcijaDALTests.Atnaujinti_PirmoVartotojoAkcijaBespokePirkimoKaina_rezultatas_InformacijaAtnaujinta","DisplayName":"Atnaujinti_PirmoVartotojoAkcijaBespokePirkimoKaina_rezultatas_InformacijaAtnaujinta","ExecutorUri":"executor://NUnit3TestExecutor","Source":"C:\\Users\\Laurynas\\source\\repos\\NasdaqBaltic\\NasdaqBaltic\\NasdaqBalticServices\\DALs_Tests\\bin\\Debug\\netcoreapp3.1\\DALs_Tests.dll","CodeFilePath":null,"LineNumber":0,"Properties":[]},"Attachments":[],"Outcome":1,"ErrorMessage":null,"ErrorStackTrace":null,"DisplayName":"Atnaujinti_PirmoVartotojoAkcijaBespokePirkimoKaina_rezultatas_InformacijaAtnaujinta","Messages":[],"ComputerName":"DESKTOP-KBBI7BR","Duration":"00:00:00.0153200","StartTime":"2021-01-13T09:07:50+00:00","EndTime":"2021-01-13T09:07:50+00:00","Properties":[]},{"TestCase":{"Id":"8127ac98-2e3f-bad0-6835-ff2a7f3169c7","FullyQualifiedName":"DALs_Tests.VartotojoAkcijaDALTests.GautiVartotojoAkcijas_PirmoVartotojoAkcijosId_rezultatas_PirmaVartotojoAkcijaListeRezultatu","DisplayName":"GautiVartotojoAkcijas_PirmoVartotojoAkcijosId_rezultatas_PirmaVartotojoAkcijaListeRezultatu","ExecutorUri":"executor://NUnit3TestExecutor","Source":"C:\\Users\\Laurynas\\source\\repos\\NasdaqBaltic\\NasdaqBaltic\\NasdaqBalticServices\\DALs_Tests\\bin\\Debug\\netcoreapp3.1\\DALs_Tests.dll","CodeFilePath":null,"LineNumber":0,"Properties":[]},"Attachments":[],"Outcome":1,"ErrorMessage":null,"ErrorStackTrace":null,"DisplayName":"GautiVartotojoAkcijas_PirmoVartotojoAkcijosId_rezultatas_PirmaVartotojoAkcijaListeRezultatu","Messages":[],"ComputerName":"DESKTOP-KBBI7BR","Duration":"00:00:00.0064020","StartTime":"2021-01-13T09:07:50+00:00","EndTime":"2021-01-13T09:07:50+00:00","Properties":[]},{"TestCase":{"Id":"4b163512-567d-f4ce-02bc-f95d0e223e0f","FullyQualifiedName":"DALs_Tests.VartotojoAkcijaDALTests.GautiVisus__rezultatas_GautosVisosVartotojuAkcijos","DisplayName":"GautiVisus__rezultatas_GautosVisosVartotojuAkcijos","ExecutorUri":"executor://NUnit3TestExecutor","Source":"C:\\Users\\Laurynas\\source\\repos\\NasdaqBaltic\\NasdaqBaltic\\NasdaqBalticServices\\DALs_Tests\\bin\\Debug\\netcoreapp3.1\\DALs_Tests.dll","CodeFilePath":null,"LineNumber":0,"Properties":[]},"Attachments":[],"Outcome":1,"ErrorMessage":null,"ErrorStackTrace":null,"DisplayName":"GautiVisus__rezultatas_GautosVisosVartotojuAkcijos","Messages":[],"ComputerName":"DESKTOP-KBBI7BR","Duration":"00:00:00.0029300","StartTime":"2021-01-13T09:07:50+00:00","EndTime":"2021-01-13T09:07:50+00:00","Properties":[]},{"TestCase":{"Id":"794100c3-9d1b-9109-2acc-8aedf64e961a","FullyQualifiedName":"DALs_Tests.VartotojoAkcijaDALTests.Ivesti_PirmoVartotojoAkcijaBespokePirkimoKaina_rezultatas_VartotojoAkcijaIvesta","DisplayName":"Ivesti_PirmoVartotojoAkcijaBespokePirkimoKaina_rezultatas_VartotojoAkcijaIvesta","ExecutorUri":"executor://NUnit3TestExecutor","Source":"C:\\Users\\Laurynas\\source\\repos\\NasdaqBaltic\\NasdaqBaltic\\NasdaqBalticServices\\DALs_Tests\\bin\\Debug\\netcoreapp3.1\\DALs_Tests.dll","CodeFilePath":null,"LineNumber":0,"Properties":[]},"Attachments":[],"Outcome":1,"ErrorMessage":null,"ErrorStackTrace":null,"DisplayName":"Ivesti_PirmoVartotojoAkcijaBespokePirkimoKaina_rezultatas_VartotojoAkcijaIvesta","Messages":[],"ComputerName":"DESKTOP-KBBI7BR","Duration":"00:00:00.0092690","StartTime":"2021-01-13T09:07:50+00:00","EndTime":"2021-01-13T09:07:50+00:00","Properties":[]}],"TestRunStatistics":{"ExecutedTests":28,"Stats":{"Passed":27,"Failed":1}},"ActiveTests":[]},"RunAttachments":[],"ExecutorUris":["executor://nunit3testexecutor/"]}}
TpTrace Verbose: 0 : 21676, 6, 2021/01/13, 11:07:50.202, 95052492515, vstest.console.dll, TestRequestSender.EndSession: Sending end session.
TpTrace Verbose: 0 : 21676, 6, 2021/01/13, 11:07:50.202, 95052493883, vstest.console.dll, ProxyOperationManager.Close: waiting for test host to exit for 100 ms
TpTrace Warning: 0 : 21676, 10, 2021/01/13, 11:07:50.261, 95053075693, vstest.console.dll, TestHostManagerCallbacks.ErrorReceivedCallback Test host standard error line: 
TpTrace Verbose: 0 : 21676, 7, 2021/01/13, 11:07:50.275, 95053222871, vstest.console.dll, TestHostProvider.ExitCallBack: Host exited starting callback.
TpTrace Information: 0 : 21676, 7, 2021/01/13, 11:07:50.276, 95053231208, vstest.console.dll, TestHostManagerCallbacks.ExitCallBack: Testhost processId: 18800 exited with exitcode: 0 error: ''
TpTrace Verbose: 0 : 21676, 7, 2021/01/13, 11:07:50.276, 95053232665, vstest.console.dll, DotnetTestHostManager.OnHostExited: invoking OnHostExited callback
TpTrace Verbose: 0 : 21676, 7, 2021/01/13, 11:07:50.276, 95053233728, vstest.console.dll, CrossPlatEngine.TestHostManagerHostExited: calling on client process exit callback.
TpTrace Information: 0 : 21676, 7, 2021/01/13, 11:07:50.277, 95053234713, vstest.console.dll, TestRequestSender.OnClientProcessExit: Test host process exited. Standard error: 
TpTrace Information: 0 : 21676, 7, 2021/01/13, 11:07:50.277, 95053235845, vstest.console.dll, SocketServer.Stop: Stop server endPoint: 127.0.0.1:52887
TpTrace Information: 0 : 21676, 7, 2021/01/13, 11:07:50.277, 95053236663, vstest.console.dll, SocketServer.Stop: Cancellation requested. Stopping message loop.
TpTrace Warning: 0 : 21676, 6, 2021/01/13, 11:07:50.277, 95053235316, vstest.console.dll, ProxyOperationManager: Timed out waiting for test host to exit. Will terminate process.
TpTrace Verbose: 0 : 21676, 6, 2021/01/13, 11:07:50.277, 95053242700, vstest.console.dll, ProxyDataCollectionManager.InvokeDataCollectionServiceAction: Starting.
TpTrace Information: 0 : 21676, 6, 2021/01/13, 11:07:50.277, 95053243607, vstest.console.dll, ProxyDataCollectionManager.AfterTestRunEnd: Get attachment set for datacollector processId: 15052 port: 52883
TpTrace Verbose: 0 : 21676, 6, 2021/01/13, 11:07:50.277, 95053244541, vstest.console.dll, DataCollectionRequestSender.SendAfterTestRunStartAndGetResult : Send AfterTestRunEnd message with isCancelled: False
TpTrace Verbose: 0 : 21676, 6, 2021/01/13, 11:07:50.280, 95053265216, vstest.console.dll, DataCollectionRequestSender.SendAfterTestRunStartAndGetResult : Received message: (DataCollection.AfterTestRunEndResult) -> []
TpTrace Information: 0 : 21676, 6, 2021/01/13, 11:07:50.280, 95053274555, vstest.console.dll, ProxyDataCollectionManager.InvokeDataCollectionServiceAction: Completed.
TpTrace Warning: 0 : 21676, 9, 2021/01/13, 11:07:50.294, 95053409866, vstest.console.dll, DataCollectionLauncher.ErrorReceivedCallback datacollector standard error line: 
TpTrace Information: 0 : 21676, 7, 2021/01/13, 11:07:50.302, 95053490452, vstest.console.dll, DataCollectionLauncher.ExitCallBack: Data collector exited with exitcode: 0 error: ''
TpTrace Verbose: 0 : 21676, 6, 2021/01/13, 11:07:50.307, 95053541497, vstest.console.dll, TestRunRequest:SendTestRunStatsChange: Starting.
TpTrace Information: 0 : 21676, 6, 2021/01/13, 11:07:50.307, 95053542898, vstest.console.dll, TestRunRequest:SendTestRunStatsChange: Completed.
TpTrace Verbose: 0 : 21676, 6, 2021/01/13, 11:07:50.308, 95053544804, vstest.console.dll, ParallelProxyExecutionManager: HandlePartialRunComplete: Total completed clients = 1, Run complete = True, Run canceled: False.
TpTrace Verbose: 0 : 21676, 6, 2021/01/13, 11:07:50.322, 95053690683, vstest.console.dll, TestRunRequest:TestRunComplete: Starting. IsAborted:False IsCanceled:False.
TpTrace Verbose: 0 : 21676, 6, 2021/01/13, 11:07:50.322, 95053692517, vstest.console.dll, TestLoggerManager.HandleTestRunComplete: Ignoring as the object is disposed.
TpTrace Information: 0 : 21676, 6, 2021/01/13, 11:07:50.323, 95053695009, vstest.console.dll, TestRunRequest:TestRunComplete: Completed.
TpTrace Verbose: 0 : 21676, 6, 2021/01/13, 11:07:50.323, 95053696010, vstest.console.dll, TestRequestSender.SetOperationComplete: Setting operation complete.
TpTrace Information: 0 : 21676, 6, 2021/01/13, 11:07:50.323, 95053696828, vstest.console.dll, SocketServer.Stop: Stop server endPoint: 127.0.0.1:52887
TpTrace Information: 0 : 21676, 6, 2021/01/13, 11:07:50.323, 95053697585, vstest.console.dll, SocketServer.Stop: Cancellation requested. Stopping message loop.
TpTrace Information: 0 : 21676, 6, 2021/01/13, 11:07:50.323, 95053698413, vstest.console.dll, SocketServer.PrivateStop: Stop server endPoint: 127.0.0.1:52887 error: 
TpTrace Verbose: 0 : 21676, 1, 2021/01/13, 11:07:50.323, 95053695479, vstest.console.dll, TestRunRequest.Dispose: Starting.
TpTrace Information: 0 : 21676, 1, 2021/01/13, 11:07:50.323, 95053700664, vstest.console.dll, TestRunRequest.Dispose: Completed.
TpTrace Information: 0 : 21676, 1, 2021/01/13, 11:07:50.323, 95053701600, vstest.console.dll, TestRequestManager.RunTests: run tests completed.
TpTrace Information: 0 : 21676, 1, 2021/01/13, 11:07:50.323, 95053702757, vstest.console.dll, RunTestsArgumentProcessor:Execute: Test run is completed.
TpTrace Verbose: 0 : 21676, 6, 2021/01/13, 11:07:50.323, 95053703124, vstest.console.dll, LengthPrefixCommunicationChannel.Dispose: Dispose reader and writer.
TpTrace Information: 0 : 21676, 6, 2021/01/13, 11:07:50.324, 95053704726, vstest.console.dll, SocketServer.Stop: Raise disconnected event endPoint: 127.0.0.1:52887 error: 
TpTrace Verbose: 0 : 21676, 6, 2021/01/13, 11:07:50.324, 95053705731, vstest.console.dll, TestRequestSender: OnTestRunAbort: Operation is already complete. Skip error message.
TpTrace Verbose: 0 : 21676, 6, 2021/01/13, 11:07:50.324, 95053706540, vstest.console.dll, TcpClientExtensions.MessageLoopAsync: exiting MessageLoopAsync remoteEndPoint: 127.0.0.1:52888 localEndPoint: 127.0.0.1:52887
TpTrace Verbose: 0 : 21676, 1, 2021/01/13, 11:07:50.323, 95053703658, vstest.console.dll, Executor.Execute: Exiting with exit code of 1
