<?xml version="1.0" encoding="utf-8"?>
<coverage line-rate="0.855" branch-rate="0.6481" version="1.9" timestamp="1610528870" lines-covered="1109" lines-valid="1297" branches-covered="315" branches-valid="486">
  <sources>
    <source>C:\Users\Laurynas\</source>
  </sources>
  <packages>
    <package name="DALs" line-rate="0.934" branch-rate="0.8437" complexity="185">
      <classes>
        <class name="DALs.AkcijuDAL" filename="source\repos\NasdaqBaltic\NasdaqBaltic\NasdaqBalticServices\Dals\AkcijuDAL.cs" line-rate="0.983" branch-rate="0.8332999999999999" complexity="17">
          <methods>
            <method name="Ivesti" signature="(Models.Akcijos)" line-rate="1" branch-rate="1" complexity="1">
              <lines>
                <line number="27" hits="5" branch="False" />
                <line number="28" hits="5" branch="False" />
                <line number="29" hits="5" branch="False" />
                <line number="30" hits="5" branch="False" />
                <line number="32" hits="5" branch="False" />
                <line number="34" hits="5" branch="False" />
                <line number="35" hits="5" branch="False" />
              </lines>
            </method>
            <method name="GautiVisus" signature="()" line-rate="1" branch-rate="1" complexity="4">
              <lines>
                <line number="38" hits="8" branch="False" />
                <line number="39" hits="8" branch="False" />
                <line number="40" hits="8" branch="False" />
                <line number="42" hits="1184" branch="True" condition-coverage="100% (2/2)">
                  <conditions>
                    <condition number="154" type="jump" coverage="100%" />
                  </conditions>
                </line>
                <line number="43" hits="580" branch="False" />
                <line number="44" hits="580" branch="True" condition-coverage="100% (2/2)">
                  <conditions>
                    <condition number="56" type="jump" coverage="100%" />
                  </conditions>
                </line>
                <line number="45" hits="580" branch="False" />
                <line number="46" hits="580" branch="False" />
                <line number="47" hits="580" branch="False" />
                <line number="48" hits="580" branch="False" />
                <line number="49" hits="580" branch="False" />
                <line number="51" hits="580" branch="False" />
                <line number="53" hits="8" branch="False" />
                <line number="54" hits="8" branch="False" />
              </lines>
            </method>
            <method name="GautiPagalKoda" signature="(System.String)" line-rate="0.9411" branch-rate="0.75" complexity="8">
              <lines>
                <line number="56" hits="1" branch="False" />
                <line number="57" hits="1" branch="True" condition-coverage="50% (1/2)">
                  <conditions>
                    <condition number="12" type="jump" coverage="50%" />
                  </conditions>
                </line>
                <line number="58" hits="1" branch="False" />
                <line number="59" hits="1" branch="False" />
                <line number="60" hits="1" branch="False" />
                <line number="61" hits="5" branch="True" condition-coverage="100% (2/2)">
                  <conditions>
                    <condition number="184" type="jump" coverage="100%" />
                  </conditions>
                </line>
                <line number="62" hits="1" branch="False" />
                <line number="63" hits="1" branch="True" condition-coverage="75% (3/4)">
                  <conditions>
                    <condition number="95" type="jump" coverage="50%" />
                    <condition number="115" type="jump" coverage="100%" />
                  </conditions>
                </line>
                <line number="64" hits="1" branch="False" />
                <line number="65" hits="1" branch="False" />
                <line number="66" hits="1" branch="False" />
                <line number="67" hits="1" branch="False" />
                <line number="68" hits="1" branch="False" />
                <line number="70" hits="1" branch="False" />
                <line number="71" hits="1" branch="False" />
                <line number="73" hits="0" branch="False" />
                <line number="74" hits="1" branch="False" />
              </lines>
            </method>
            <method name="Atnaujinti" signature="(Models.Akcijos)" line-rate="1" branch-rate="1" complexity="1">
              <lines>
                <line number="77" hits="1" branch="False" />
                <line number="78" hits="1" branch="False" />
                <line number="79" hits="1" branch="False" />
                <line number="80" hits="1" branch="False" />
                <line number="82" hits="1" branch="False" />
                <line number="84" hits="1" branch="False" />
                <line number="85" hits="1" branch="False" />
              </lines>
            </method>
            <method name="Istrinti" signature="(Models.Akcijos)" line-rate="1" branch-rate="1" complexity="1">
              <lines>
                <line number="88" hits="1" branch="False" />
                <line number="89" hits="1" branch="False" />
                <line number="90" hits="1" branch="False" />
              </lines>
            </method>
            <method name=".ctor" signature="()" line-rate="1" branch-rate="1" complexity="1">
              <lines>
                <line number="14" hits="7" branch="False" />
                <line number="15" hits="7" branch="False" />
                <line number="16" hits="7" branch="False" />
                <line number="18" hits="2" branch="False" />
                <line number="19" hits="2" branch="False" />
                <line number="20" hits="2" branch="False" />
                <line number="21" hits="2" branch="False" />
              </lines>
            </method>
            <method name=".ctor" signature="(System.String)" line-rate="1" branch-rate="1" complexity="1">
              <lines>
                <line number="22" hits="5" branch="False" />
                <line number="23" hits="5" branch="False" />
                <line number="24" hits="5" branch="False" />
                <line number="25" hits="5" branch="False" />
              </lines>
            </method>
          </methods>
          <lines>
            <line number="27" hits="5" branch="False" />
            <line number="28" hits="5" branch="False" />
            <line number="29" hits="5" branch="False" />
            <line number="30" hits="5" branch="False" />
            <line number="32" hits="5" branch="False" />
            <line number="34" hits="5" branch="False" />
            <line number="35" hits="5" branch="False" />
            <line number="38" hits="8" branch="False" />
            <line number="39" hits="8" branch="False" />
            <line number="40" hits="8" branch="False" />
            <line number="42" hits="1184" branch="True" condition-coverage="100% (2/2)">
              <conditions>
                <condition number="154" type="jump" coverage="100%" />
              </conditions>
            </line>
            <line number="43" hits="580" branch="False" />
            <line number="44" hits="580" branch="True" condition-coverage="100% (2/2)">
              <conditions>
                <condition number="56" type="jump" coverage="100%" />
              </conditions>
            </line>
            <line number="45" hits="580" branch="False" />
            <line number="46" hits="580" branch="False" />
            <line number="47" hits="580" branch="False" />
            <line number="48" hits="580" branch="False" />
            <line number="49" hits="580" branch="False" />
            <line number="51" hits="580" branch="False" />
            <line number="53" hits="8" branch="False" />
            <line number="54" hits="8" branch="False" />
            <line number="56" hits="1" branch="False" />
            <line number="57" hits="1" branch="True" condition-coverage="50% (1/2)">
              <conditions>
                <condition number="12" type="jump" coverage="50%" />
              </conditions>
            </line>
            <line number="58" hits="1" branch="False" />
            <line number="59" hits="1" branch="False" />
            <line number="60" hits="1" branch="False" />
            <line number="61" hits="5" branch="True" condition-coverage="100% (2/2)">
              <conditions>
                <condition number="184" type="jump" coverage="100%" />
              </conditions>
            </line>
            <line number="62" hits="1" branch="False" />
            <line number="63" hits="1" branch="True" condition-coverage="75% (3/4)">
              <conditions>
                <condition number="95" type="jump" coverage="50%" />
                <condition number="115" type="jump" coverage="100%" />
              </conditions>
            </line>
            <line number="64" hits="1" branch="False" />
            <line number="65" hits="1" branch="False" />
            <line number="66" hits="1" branch="False" />
            <line number="67" hits="1" branch="False" />
            <line number="68" hits="1" branch="False" />
            <line number="70" hits="1" branch="False" />
            <line number="71" hits="1" branch="False" />
            <line number="73" hits="0" branch="False" />
            <line number="74" hits="1" branch="False" />
            <line number="77" hits="1" branch="False" />
            <line number="78" hits="1" branch="False" />
            <line number="79" hits="1" branch="False" />
            <line number="80" hits="1" branch="False" />
            <line number="82" hits="1" branch="False" />
            <line number="84" hits="1" branch="False" />
            <line number="85" hits="1" branch="False" />
            <line number="88" hits="1" branch="False" />
            <line number="89" hits="1" branch="False" />
            <line number="90" hits="1" branch="False" />
            <line number="14" hits="7" branch="False" />
            <line number="15" hits="7" branch="False" />
            <line number="16" hits="7" branch="False" />
            <line number="18" hits="2" branch="False" />
            <line number="19" hits="2" branch="False" />
            <line number="20" hits="2" branch="False" />
            <line number="21" hits="2" branch="False" />
            <line number="22" hits="5" branch="False" />
            <line number="23" hits="5" branch="False" />
            <line number="24" hits="5" branch="False" />
            <line number="25" hits="5" branch="False" />
          </lines>
        </class>
        <class name="DALs.FinansinesInformacijosDAL" filename="source\repos\NasdaqBaltic\NasdaqBaltic\NasdaqBalticServices\Dals\FinansinesInformacijosDAL.cs" line-rate="0.9791" branch-rate="0.8787" complexity="71">
          <methods>
            <method name="GautiVisus" signature="()" line-rate="1" branch-rate="0.875" complexity="8">
              <lines>
                <line number="26" hits="11" branch="False" />
                <line number="27" hits="11" branch="False" />
                <line number="28" hits="11" branch="False" />
                <line number="29" hits="11" branch="True" condition-coverage="75% (3/4)">
                  <conditions>
                    <condition number="25" type="jump" coverage="50%" />
                    <condition number="41" type="jump" coverage="100%" />
                  </conditions>
                </line>
                <line number="30" hits="442179" branch="True" condition-coverage="100% (2/2)">
                  <conditions>
                    <condition number="108" type="jump" coverage="100%" />
                  </conditions>
                </line>
                <line number="31" hits="221073" branch="False" />
                <line number="32" hits="221073" branch="True" condition-coverage="100% (2/2)">
                  <conditions>
                    <condition number="77" type="jump" coverage="100%" />
                  </conditions>
                </line>
                <line number="33" hits="221073" branch="False" />
                <line number="34" hits="221073" branch="False" />
                <line number="35" hits="221073" branch="False" />
                <line number="37" hits="221073" branch="False" />
                <line number="39" hits="11" branch="False" />
                <line number="40" hits="11" branch="False" />
              </lines>
            </method>
            <method name="Ivesti" signature="(Models.FinansineInformacija)" line-rate="1" branch-rate="1" complexity="1">
              <lines>
                <line number="42" hits="3" branch="False" />
                <line number="43" hits="3" branch="False" />
                <line number="44" hits="3" branch="False" />
                <line number="46" hits="3" branch="False" />
                <line number="48" hits="3" branch="False" />
                <line number="49" hits="3" branch="False" />
              </lines>
            </method>
            <method name="Atnaujinti" signature="(Models.FinansineInformacija)" line-rate="1" branch-rate="1" complexity="1">
              <lines>
                <line number="51" hits="1" branch="False" />
                <line number="52" hits="1" branch="False" />
                <line number="53" hits="1" branch="False" />
                <line number="54" hits="1" branch="False" />
                <line number="56" hits="1" branch="False" />
                <line number="58" hits="1" branch="False" />
                <line number="59" hits="1" branch="False" />
              </lines>
            </method>
            <method name="Istrinti" signature="(Models.FinansineInformacija)" line-rate="1" branch-rate="1" complexity="1">
              <lines>
                <line number="62" hits="1" branch="False" />
                <line number="63" hits="1" branch="False" />
                <line number="64" hits="1" branch="False" />
              </lines>
            </method>
            <method name="GautiPagalKodaNaujausia" signature="(System.String)" line-rate="0.9375" branch-rate="0.75" complexity="12">
              <lines>
                <line number="66" hits="582" branch="False" />
                <line number="67" hits="582" branch="True" condition-coverage="50% (1/2)">
                  <conditions>
                    <condition number="12" type="jump" coverage="50%" />
                  </conditions>
                </line>
                <line number="68" hits="582" branch="False" />
                <line number="69" hits="582" branch="False" />
                <line number="70" hits="582" branch="False" />
                <line number="71" hits="582" branch="True" condition-coverage="75% (3/4)">
                  <conditions>
                    <condition number="72" type="jump" coverage="50%" />
                    <condition number="88" type="jump" coverage="100%" />
                  </conditions>
                </line>
                <line number="72" hits="2810" branch="True" condition-coverage="100% (2/2)">
                  <conditions>
                    <condition number="160" type="jump" coverage="100%" />
                  </conditions>
                </line>
                <line number="73" hits="562" branch="False" />
                <line number="74" hits="562" branch="True" condition-coverage="75% (3/4)">
                  <conditions>
                    <condition number="119" type="jump" coverage="50%" />
                    <condition number="139" type="jump" coverage="100%" />
                  </conditions>
                </line>
                <line number="75" hits="562" branch="False" />
                <line number="76" hits="562" branch="False" />
                <line number="77" hits="562" branch="False" />
                <line number="79" hits="562" branch="False" />
                <line number="80" hits="582" branch="False" />
                <line number="82" hits="0" branch="False" />
                <line number="83" hits="582" branch="False" />
              </lines>
            </method>
            <method name="GautiPagalId" signature="(System.String)" line-rate="0.9333" branch-rate="0.75" complexity="8">
              <lines>
                <line number="85" hits="1" branch="False" />
                <line number="86" hits="1" branch="True" condition-coverage="50% (1/2)">
                  <conditions>
                    <condition number="12" type="jump" coverage="50%" />
                  </conditions>
                </line>
                <line number="87" hits="1" branch="False" />
                <line number="88" hits="1" branch="False" />
                <line number="89" hits="1" branch="False" />
                <line number="90" hits="5" branch="True" condition-coverage="100% (2/2)">
                  <conditions>
                    <condition number="134" type="jump" coverage="100%" />
                  </conditions>
                </line>
                <line number="91" hits="1" branch="False" />
                <line number="92" hits="1" branch="True" condition-coverage="75% (3/4)">
                  <conditions>
                    <condition number="95" type="jump" coverage="50%" />
                    <condition number="113" type="jump" coverage="100%" />
                  </conditions>
                </line>
                <line number="93" hits="1" branch="False" />
                <line number="94" hits="1" branch="False" />
                <line number="95" hits="1" branch="False" />
                <line number="97" hits="1" branch="False" />
                <line number="98" hits="1" branch="False" />
                <line number="100" hits="0" branch="False" />
                <line number="101" hits="1" branch="False" />
              </lines>
            </method>
            <method name="GautiStatistikas" signature="(System.String)" line-rate="0.9865999999999999" branch-rate="0.9473" complexity="38">
              <lines>
                <line number="103" hits="1" branch="False" />
                <line number="104" hits="1" branch="True" condition-coverage="50% (1/2)">
                  <conditions>
                    <condition number="12" type="jump" coverage="50%" />
                  </conditions>
                </line>
                <line number="105" hits="1" branch="False" />
                <line number="106" hits="1" branch="False" />
                <line number="107" hits="1" branch="False" />
                <line number="108" hits="1" branch="False" />
                <line number="109" hits="1" branch="False" />
                <line number="110" hits="765" branch="True" condition-coverage="100% (2/2)">
                  <conditions>
                    <condition number="151" type="jump" coverage="100%" />
                  </conditions>
                </line>
                <line number="111" hits="381" branch="False" />
                <line number="112" hits="381" branch="True" condition-coverage="100% (2/2)">
                  <conditions>
                    <condition number="123" type="jump" coverage="100%" />
                  </conditions>
                </line>
                <line number="113" hits="381" branch="False" />
                <line number="114" hits="381" branch="False" />
                <line number="115" hits="381" branch="False" />
                <line number="117" hits="381" branch="False" />
                <line number="120" hits="765" branch="True" condition-coverage="100% (2/2)">
                  <conditions>
                    <condition number="394" type="jump" coverage="100%" />
                  </conditions>
                </line>
                <line number="121" hits="381" branch="False" />
                <line number="122" hits="2570" branch="True" condition-coverage="100% (2/2)">
                  <conditions>
                    <condition number="34" type="jump" coverage="100%" />
                  </conditions>
                </line>
                <line number="123" hits="381" branch="True" condition-coverage="100% (2/2)">
                  <conditions>
                    <condition number="263" type="jump" coverage="100%" />
                  </conditions>
                </line>
                <line number="124" hits="372" branch="False" />
                <line number="125" hits="372" branch="False" />
                <line number="126" hits="372" branch="False" />
                <line number="128" hits="9" branch="False" />
                <line number="129" hits="9" branch="True" condition-coverage="75% (3/4)">
                  <conditions>
                    <condition number="312" type="jump" coverage="50%" />
                    <condition number="345" type="jump" coverage="100%" />
                  </conditions>
                </line>
                <line number="130" hits="9" branch="False" />
                <line number="131" hits="9" branch="False" />
                <line number="133" hits="381" branch="False" />
                <line number="134" hits="1" branch="False" />
                <line number="135" hits="1" branch="False" />
                <line number="137" hits="21" branch="True" condition-coverage="100% (2/2)">
                  <conditions>
                    <condition number="762" type="jump" coverage="100%" />
                  </conditions>
                </line>
                <line number="138" hits="9" branch="False" />
                <line number="139" hits="9" branch="False" />
                <line number="140" hits="9" branch="False" />
                <line number="141" hits="9" branch="False" />
                <line number="142" hits="9" branch="False" />
                <line number="144" hits="789" branch="True" condition-coverage="100% (2/2)">
                  <conditions>
                    <condition number="605" type="jump" coverage="100%" />
                  </conditions>
                </line>
                <line number="145" hits="381" branch="False" />
                <line number="146" hits="381" branch="True" condition-coverage="100% (2/2)">
                  <conditions>
                    <condition number="531" type="jump" coverage="100%" />
                  </conditions>
                </line>
                <line number="147" hits="363" branch="False" />
                <line number="148" hits="363" branch="False" />
                <line number="149" hits="363" branch="False" />
                <line number="150" hits="363" branch="False" />
                <line number="151" hits="381" branch="True" condition-coverage="100% (2/2)">
                  <conditions>
                    <condition number="575" type="jump" coverage="100%" />
                  </conditions>
                </line>
                <line number="152" hits="363" branch="False" />
                <line number="153" hits="363" branch="False" />
                <line number="154" hits="363" branch="False" />
                <line number="155" hits="363" branch="False" />
                <line number="156" hits="381" branch="False" />
                <line number="157" hits="9" branch="True" condition-coverage="100% (4/4)">
                  <conditions>
                    <condition number="635" type="jump" coverage="100%" />
                    <condition number="649" type="jump" coverage="100%" />
                  </conditions>
                </line>
                <line number="158" hits="1" branch="False" />
                <line number="160" hits="8" branch="False" />
                <line number="161" hits="9" branch="True" condition-coverage="100% (4/4)">
                  <conditions>
                    <condition number="683" type="jump" coverage="100%" />
                    <condition number="697" type="jump" coverage="100%" />
                  </conditions>
                </line>
                <line number="162" hits="1" branch="False" />
                <line number="164" hits="8" branch="False" />
                <line number="166" hits="9" branch="False" />
                <line number="167" hits="9" branch="False" />
                <line number="168" hits="9" branch="False" />
                <line number="170" hits="1" branch="False" />
                <line number="171" hits="1" branch="False" />
                <line number="173" hits="1" branch="False" />
                <line number="175" hits="615" branch="True" condition-coverage="100% (4/4)">
                  <conditions>
                    <condition number="837" type="jump" coverage="100%" />
                    <condition number="1038" type="jump" coverage="100%" />
                  </conditions>
                </line>
                <line number="176" hits="77" branch="False" />
                <line number="177" hits="389" branch="True" condition-coverage="100% (2/2)">
                  <conditions>
                    <condition number="962" type="jump" coverage="100%" />
                  </conditions>
                </line>
                <line number="178" hits="8" branch="False" />
                <line number="179" hits="8" branch="False" />
                <line number="180" hits="8" branch="False" />
                <line number="181" hits="8" branch="False" />
                <line number="183" hits="77" branch="False" />
                <line number="185" hits="1" branch="False" />
                <line number="186" hits="1" branch="False" />
                <line number="187" hits="1" branch="False" />
                <line number="188" hits="1" branch="False" />
                <line number="189" hits="1" branch="False" />
                <line number="191" hits="1" branch="False" />
                <line number="193" hits="0" branch="False" />
                <line number="194" hits="1" branch="False" />
              </lines>
            </method>
            <method name=".ctor" signature="()" line-rate="1" branch-rate="1" complexity="1">
              <lines>
                <line number="15" hits="12" branch="False" />
                <line number="17" hits="9" branch="False" />
                <line number="18" hits="9" branch="False" />
                <line number="19" hits="9" branch="False" />
                <line number="20" hits="9" branch="False" />
              </lines>
            </method>
            <method name=".ctor" signature="(System.String)" line-rate="1" branch-rate="1" complexity="1">
              <lines>
                <line number="21" hits="3" branch="False" />
                <line number="22" hits="3" branch="False" />
                <line number="23" hits="3" branch="False" />
                <line number="24" hits="3" branch="False" />
              </lines>
            </method>
          </methods>
          <lines>
            <line number="26" hits="11" branch="False" />
            <line number="27" hits="11" branch="False" />
            <line number="28" hits="11" branch="False" />
            <line number="29" hits="11" branch="True" condition-coverage="75% (3/4)">
              <conditions>
                <condition number="25" type="jump" coverage="50%" />
                <condition number="41" type="jump" coverage="100%" />
              </conditions>
            </line>
            <line number="30" hits="442179" branch="True" condition-coverage="100% (2/2)">
              <conditions>
                <condition number="108" type="jump" coverage="100%" />
              </conditions>
            </line>
            <line number="31" hits="221073" branch="False" />
            <line number="32" hits="221073" branch="True" condition-coverage="100% (2/2)">
              <conditions>
                <condition number="77" type="jump" coverage="100%" />
              </conditions>
            </line>
            <line number="33" hits="221073" branch="False" />
            <line number="34" hits="221073" branch="False" />
            <line number="35" hits="221073" branch="False" />
            <line number="37" hits="221073" branch="False" />
            <line number="39" hits="11" branch="False" />
            <line number="40" hits="11" branch="False" />
            <line number="42" hits="3" branch="False" />
            <line number="43" hits="3" branch="False" />
            <line number="44" hits="3" branch="False" />
            <line number="46" hits="3" branch="False" />
            <line number="48" hits="3" branch="False" />
            <line number="49" hits="3" branch="False" />
            <line number="51" hits="1" branch="False" />
            <line number="52" hits="1" branch="False" />
            <line number="53" hits="1" branch="False" />
            <line number="54" hits="1" branch="False" />
            <line number="56" hits="1" branch="False" />
            <line number="58" hits="1" branch="False" />
            <line number="59" hits="1" branch="False" />
            <line number="62" hits="1" branch="False" />
            <line number="63" hits="1" branch="False" />
            <line number="64" hits="1" branch="False" />
            <line number="66" hits="582" branch="False" />
            <line number="67" hits="582" branch="True" condition-coverage="50% (1/2)">
              <conditions>
                <condition number="12" type="jump" coverage="50%" />
              </conditions>
            </line>
            <line number="68" hits="582" branch="False" />
            <line number="69" hits="582" branch="False" />
            <line number="70" hits="582" branch="False" />
            <line number="71" hits="582" branch="True" condition-coverage="75% (3/4)">
              <conditions>
                <condition number="72" type="jump" coverage="50%" />
                <condition number="88" type="jump" coverage="100%" />
              </conditions>
            </line>
            <line number="72" hits="2810" branch="True" condition-coverage="100% (2/2)">
              <conditions>
                <condition number="160" type="jump" coverage="100%" />
              </conditions>
            </line>
            <line number="73" hits="562" branch="False" />
            <line number="74" hits="562" branch="True" condition-coverage="75% (3/4)">
              <conditions>
                <condition number="119" type="jump" coverage="50%" />
                <condition number="139" type="jump" coverage="100%" />
              </conditions>
            </line>
            <line number="75" hits="562" branch="False" />
            <line number="76" hits="562" branch="False" />
            <line number="77" hits="562" branch="False" />
            <line number="79" hits="562" branch="False" />
            <line number="80" hits="582" branch="False" />
            <line number="82" hits="0" branch="False" />
            <line number="83" hits="582" branch="False" />
            <line number="85" hits="1" branch="False" />
            <line number="86" hits="1" branch="True" condition-coverage="50% (1/2)">
              <conditions>
                <condition number="12" type="jump" coverage="50%" />
              </conditions>
            </line>
            <line number="87" hits="1" branch="False" />
            <line number="88" hits="1" branch="False" />
            <line number="89" hits="1" branch="False" />
            <line number="90" hits="5" branch="True" condition-coverage="100% (2/2)">
              <conditions>
                <condition number="134" type="jump" coverage="100%" />
              </conditions>
            </line>
            <line number="91" hits="1" branch="False" />
            <line number="92" hits="1" branch="True" condition-coverage="75% (3/4)">
              <conditions>
                <condition number="95" type="jump" coverage="50%" />
                <condition number="113" type="jump" coverage="100%" />
              </conditions>
            </line>
            <line number="93" hits="1" branch="False" />
            <line number="94" hits="1" branch="False" />
            <line number="95" hits="1" branch="False" />
            <line number="97" hits="1" branch="False" />
            <line number="98" hits="1" branch="False" />
            <line number="100" hits="0" branch="False" />
            <line number="101" hits="1" branch="False" />
            <line number="103" hits="1" branch="False" />
            <line number="104" hits="1" branch="True" condition-coverage="50% (1/2)">
              <conditions>
                <condition number="12" type="jump" coverage="50%" />
              </conditions>
            </line>
            <line number="105" hits="1" branch="False" />
            <line number="106" hits="1" branch="False" />
            <line number="107" hits="1" branch="False" />
            <line number="108" hits="1" branch="False" />
            <line number="109" hits="1" branch="False" />
            <line number="110" hits="765" branch="True" condition-coverage="100% (2/2)">
              <conditions>
                <condition number="151" type="jump" coverage="100%" />
              </conditions>
            </line>
            <line number="111" hits="381" branch="False" />
            <line number="112" hits="381" branch="True" condition-coverage="100% (2/2)">
              <conditions>
                <condition number="123" type="jump" coverage="100%" />
              </conditions>
            </line>
            <line number="113" hits="381" branch="False" />
            <line number="114" hits="381" branch="False" />
            <line number="115" hits="381" branch="False" />
            <line number="117" hits="381" branch="False" />
            <line number="120" hits="765" branch="True" condition-coverage="100% (2/2)">
              <conditions>
                <condition number="394" type="jump" coverage="100%" />
              </conditions>
            </line>
            <line number="121" hits="381" branch="False" />
            <line number="122" hits="2570" branch="True" condition-coverage="100% (2/2)">
              <conditions>
                <condition number="34" type="jump" coverage="100%" />
              </conditions>
            </line>
            <line number="123" hits="381" branch="True" condition-coverage="100% (2/2)">
              <conditions>
                <condition number="263" type="jump" coverage="100%" />
              </conditions>
            </line>
            <line number="124" hits="372" branch="False" />
            <line number="125" hits="372" branch="False" />
            <line number="126" hits="372" branch="False" />
            <line number="128" hits="9" branch="False" />
            <line number="129" hits="9" branch="True" condition-coverage="75% (3/4)">
              <conditions>
                <condition number="312" type="jump" coverage="50%" />
                <condition number="345" type="jump" coverage="100%" />
              </conditions>
            </line>
            <line number="130" hits="9" branch="False" />
            <line number="131" hits="9" branch="False" />
            <line number="133" hits="381" branch="False" />
            <line number="134" hits="1" branch="False" />
            <line number="135" hits="1" branch="False" />
            <line number="137" hits="21" branch="True" condition-coverage="100% (2/2)">
              <conditions>
                <condition number="762" type="jump" coverage="100%" />
              </conditions>
            </line>
            <line number="138" hits="9" branch="False" />
            <line number="139" hits="9" branch="False" />
            <line number="140" hits="9" branch="False" />
            <line number="141" hits="9" branch="False" />
            <line number="142" hits="9" branch="False" />
            <line number="144" hits="789" branch="True" condition-coverage="100% (2/2)">
              <conditions>
                <condition number="605" type="jump" coverage="100%" />
              </conditions>
            </line>
            <line number="145" hits="381" branch="False" />
            <line number="146" hits="381" branch="True" condition-coverage="100% (2/2)">
              <conditions>
                <condition number="531" type="jump" coverage="100%" />
              </conditions>
            </line>
            <line number="147" hits="363" branch="False" />
            <line number="148" hits="363" branch="False" />
            <line number="149" hits="363" branch="False" />
            <line number="150" hits="363" branch="False" />
            <line number="151" hits="381" branch="True" condition-coverage="100% (2/2)">
              <conditions>
                <condition number="575" type="jump" coverage="100%" />
              </conditions>
            </line>
            <line number="152" hits="363" branch="False" />
            <line number="153" hits="363" branch="False" />
            <line number="154" hits="363" branch="False" />
            <line number="155" hits="363" branch="False" />
            <line number="156" hits="381" branch="False" />
            <line number="157" hits="9" branch="True" condition-coverage="100% (4/4)">
              <conditions>
                <condition number="635" type="jump" coverage="100%" />
                <condition number="649" type="jump" coverage="100%" />
              </conditions>
            </line>
            <line number="158" hits="1" branch="False" />
            <line number="160" hits="8" branch="False" />
            <line number="161" hits="9" branch="True" condition-coverage="100% (4/4)">
              <conditions>
                <condition number="683" type="jump" coverage="100%" />
                <condition number="697" type="jump" coverage="100%" />
              </conditions>
            </line>
            <line number="162" hits="1" branch="False" />
            <line number="164" hits="8" branch="False" />
            <line number="166" hits="9" branch="False" />
            <line number="167" hits="9" branch="False" />
            <line number="168" hits="9" branch="False" />
            <line number="170" hits="1" branch="False" />
            <line number="171" hits="1" branch="False" />
            <line number="173" hits="1" branch="False" />
            <line number="175" hits="615" branch="True" condition-coverage="100% (4/4)">
              <conditions>
                <condition number="837" type="jump" coverage="100%" />
                <condition number="1038" type="jump" coverage="100%" />
              </conditions>
            </line>
            <line number="176" hits="77" branch="False" />
            <line number="177" hits="389" branch="True" condition-coverage="100% (2/2)">
              <conditions>
                <condition number="962" type="jump" coverage="100%" />
              </conditions>
            </line>
            <line number="178" hits="8" branch="False" />
            <line number="179" hits="8" branch="False" />
            <line number="180" hits="8" branch="False" />
            <line number="181" hits="8" branch="False" />
            <line number="183" hits="77" branch="False" />
            <line number="185" hits="1" branch="False" />
            <line number="186" hits="1" branch="False" />
            <line number="187" hits="1" branch="False" />
            <line number="188" hits="1" branch="False" />
            <line number="189" hits="1" branch="False" />
            <line number="191" hits="1" branch="False" />
            <line number="193" hits="0" branch="False" />
            <line number="194" hits="1" branch="False" />
            <line number="15" hits="12" branch="False" />
            <line number="17" hits="9" branch="False" />
            <line number="18" hits="9" branch="False" />
            <line number="19" hits="9" branch="False" />
            <line number="20" hits="9" branch="False" />
            <line number="21" hits="3" branch="False" />
            <line number="22" hits="3" branch="False" />
            <line number="23" hits="3" branch="False" />
            <line number="24" hits="3" branch="False" />
          </lines>
        </class>
        <class name="DALs.LoginIrRegistracijosDAL" filename="source\repos\NasdaqBaltic\NasdaqBaltic\NasdaqBalticServices\Dals\LoginIrRegistracijosDAL.cs" line-rate="0.8157" branch-rate="0.6666" complexity="21">
          <methods>
            <method name="Ivesti" signature="(Models.Vartotojas)" line-rate="1" branch-rate="1" complexity="1">
              <lines>
                <line number="23" hits="2" branch="False" />
                <line number="24" hits="2" branch="False" />
                <line number="25" hits="2" branch="False" />
                <line number="26" hits="2" branch="False" />
                <line number="28" hits="2" branch="False" />
                <line number="30" hits="2" branch="False" />
                <line number="31" hits="2" branch="False" />
              </lines>
            </method>
            <method name="ArTeisingiLogin" signature="(Models.Vartotojas,Models.Vartotojas&amp;)" line-rate="0.909" branch-rate="0.6666" complexity="18">
              <lines>
                <line number="33" hits="1" branch="False" />
                <line number="34" hits="1" branch="False" />
                <line number="35" hits="1" branch="True" condition-coverage="50% (2/4)">
                  <conditions>
                    <condition number="19" type="jump" coverage="50%" />
                    <condition number="40" type="jump" coverage="50%" />
                  </conditions>
                </line>
                <line number="36" hits="1" branch="False" />
                <line number="37" hits="1" branch="False" />
                <line number="38" hits="1" branch="False" />
                <line number="39" hits="1" branch="True" condition-coverage="75% (3/4)">
                  <conditions>
                    <condition number="124" type="jump" coverage="50%" />
                    <condition number="140" type="jump" coverage="100%" />
                  </conditions>
                </line>
                <line number="40" hits="5" branch="True" condition-coverage="100% (2/2)">
                  <conditions>
                    <condition number="210" type="jump" coverage="100%" />
                  </conditions>
                </line>
                <line number="41" hits="1" branch="False" />
                <line number="42" hits="1" branch="True" condition-coverage="75% (3/4)">
                  <conditions>
                    <condition number="171" type="jump" coverage="50%" />
                    <condition number="189" type="jump" coverage="100%" />
                  </conditions>
                </line>
                <line number="43" hits="1" branch="False" />
                <line number="44" hits="1" branch="False" />
                <line number="45" hits="1" branch="False" />
                <line number="46" hits="1" branch="False" />
                <line number="47" hits="1" branch="True" condition-coverage="50% (2/4)">
                  <conditions>
                    <condition number="230" type="jump" coverage="50%" />
                    <condition number="248" type="jump" coverage="50%" />
                  </conditions>
                </line>
                <line number="48" hits="1" branch="False" />
                <line number="49" hits="1" branch="False" />
                <line number="50" hits="1" branch="False" />
                <line number="51" hits="1" branch="False" />
                <line number="53" hits="0" branch="False" />
                <line number="54" hits="0" branch="False" />
                <line number="55" hits="1" branch="False" />
              </lines>
            </method>
            <method name=".ctor" signature="()" line-rate="0" branch-rate="1" complexity="1">
              <lines>
                <line number="12" hits="0" branch="False" />
                <line number="14" hits="0" branch="False" />
                <line number="15" hits="0" branch="False" />
                <line number="16" hits="0" branch="False" />
                <line number="17" hits="0" branch="False" />
              </lines>
            </method>
            <method name=".ctor" signature="(System.String)" line-rate="1" branch-rate="1" complexity="1">
              <lines>
                <line number="18" hits="1" branch="False" />
                <line number="19" hits="1" branch="False" />
                <line number="20" hits="1" branch="False" />
                <line number="21" hits="1" branch="False" />
              </lines>
            </method>
          </methods>
          <lines>
            <line number="23" hits="2" branch="False" />
            <line number="24" hits="2" branch="False" />
            <line number="25" hits="2" branch="False" />
            <line number="26" hits="2" branch="False" />
            <line number="28" hits="2" branch="False" />
            <line number="30" hits="2" branch="False" />
            <line number="31" hits="2" branch="False" />
            <line number="33" hits="1" branch="False" />
            <line number="34" hits="1" branch="False" />
            <line number="35" hits="1" branch="True" condition-coverage="50% (2/4)">
              <conditions>
                <condition number="19" type="jump" coverage="50%" />
                <condition number="40" type="jump" coverage="50%" />
              </conditions>
            </line>
            <line number="36" hits="1" branch="False" />
            <line number="37" hits="1" branch="False" />
            <line number="38" hits="1" branch="False" />
            <line number="39" hits="1" branch="True" condition-coverage="75% (3/4)">
              <conditions>
                <condition number="124" type="jump" coverage="50%" />
                <condition number="140" type="jump" coverage="100%" />
              </conditions>
            </line>
            <line number="40" hits="5" branch="True" condition-coverage="100% (2/2)">
              <conditions>
                <condition number="210" type="jump" coverage="100%" />
              </conditions>
            </line>
            <line number="41" hits="1" branch="False" />
            <line number="42" hits="1" branch="True" condition-coverage="75% (3/4)">
              <conditions>
                <condition number="171" type="jump" coverage="50%" />
                <condition number="189" type="jump" coverage="100%" />
              </conditions>
            </line>
            <line number="43" hits="1" branch="False" />
            <line number="44" hits="1" branch="False" />
            <line number="45" hits="1" branch="False" />
            <line number="46" hits="1" branch="False" />
            <line number="47" hits="1" branch="True" condition-coverage="50% (2/4)">
              <conditions>
                <condition number="230" type="jump" coverage="50%" />
                <condition number="248" type="jump" coverage="50%" />
              </conditions>
            </line>
            <line number="48" hits="1" branch="False" />
            <line number="49" hits="1" branch="False" />
            <line number="50" hits="1" branch="False" />
            <line number="51" hits="1" branch="False" />
            <line number="53" hits="0" branch="False" />
            <line number="54" hits="0" branch="False" />
            <line number="55" hits="1" branch="False" />
            <line number="12" hits="0" branch="False" />
            <line number="14" hits="0" branch="False" />
            <line number="15" hits="0" branch="False" />
            <line number="16" hits="0" branch="False" />
            <line number="17" hits="0" branch="False" />
            <line number="18" hits="1" branch="False" />
            <line number="19" hits="1" branch="False" />
            <line number="20" hits="1" branch="False" />
            <line number="21" hits="1" branch="False" />
          </lines>
        </class>
        <class name="DALs.PapildomosInformacijosDAL" filename="source\repos\NasdaqBaltic\NasdaqBaltic\NasdaqBalticServices\Dals\PapildomosInformacijosDAL.cs" line-rate="0.9677" branch-rate="0.8" complexity="25">
          <methods>
            <method name="GautiVisus" signature="()" line-rate="1" branch-rate="1" complexity="4">
              <lines>
                <line number="26" hits="8" branch="False" />
                <line number="27" hits="8" branch="False" />
                <line number="28" hits="8" branch="False" />
                <line number="29" hits="1156" branch="True" condition-coverage="100% (2/2)">
                  <conditions>
                    <condition number="86" type="jump" coverage="100%" />
                  </conditions>
                </line>
                <line number="30" hits="566" branch="False" />
                <line number="31" hits="566" branch="True" condition-coverage="100% (2/2)">
                  <conditions>
                    <condition number="56" type="jump" coverage="100%" />
                  </conditions>
                </line>
                <line number="32" hits="566" branch="False" />
                <line number="33" hits="566" branch="False" />
                <line number="34" hits="566" branch="False" />
                <line number="35" hits="566" branch="False" />
                <line number="37" hits="8" branch="False" />
                <line number="38" hits="8" branch="False" />
              </lines>
            </method>
            <method name="Ivesti" signature="(Models.PapildomaInformacija)" line-rate="1" branch-rate="1" complexity="1">
              <lines>
                <line number="40" hits="2" branch="False" />
                <line number="41" hits="2" branch="False" />
                <line number="43" hits="2" branch="False" />
                <line number="44" hits="2" branch="False" />
              </lines>
            </method>
            <method name="Atnaujinti" signature="(Models.PapildomaInformacija)" line-rate="1" branch-rate="1" complexity="1">
              <lines>
                <line number="46" hits="1" branch="False" />
                <line number="47" hits="1" branch="False" />
                <line number="49" hits="1" branch="False" />
                <line number="50" hits="1" branch="False" />
              </lines>
            </method>
            <method name="Istrinti" signature="(Models.PapildomaInformacija)" line-rate="1" branch-rate="1" complexity="1">
              <lines>
                <line number="53" hits="2" branch="False" />
                <line number="54" hits="2" branch="False" />
                <line number="55" hits="2" branch="False" />
              </lines>
            </method>
            <method name="GautiPagalKoda" signature="(System.String)" line-rate="0.9333" branch-rate="0.75" complexity="8">
              <lines>
                <line number="57" hits="584" branch="False" />
                <line number="58" hits="584" branch="True" condition-coverage="50% (1/2)">
                  <conditions>
                    <condition number="12" type="jump" coverage="50%" />
                  </conditions>
                </line>
                <line number="59" hits="584" branch="False" />
                <line number="60" hits="584" branch="False" />
                <line number="61" hits="584" branch="False" />
                <line number="62" hits="2864" branch="True" condition-coverage="100% (2/2)">
                  <conditions>
                    <condition number="136" type="jump" coverage="100%" />
                  </conditions>
                </line>
                <line number="63" hits="556" branch="False" />
                <line number="64" hits="556" branch="True" condition-coverage="75% (3/4)">
                  <conditions>
                    <condition number="95" type="jump" coverage="50%" />
                    <condition number="115" type="jump" coverage="100%" />
                  </conditions>
                </line>
                <line number="65" hits="556" branch="False" />
                <line number="66" hits="556" branch="False" />
                <line number="67" hits="556" branch="False" />
                <line number="68" hits="556" branch="False" />
                <line number="69" hits="584" branch="False" />
                <line number="71" hits="0" branch="False" />
                <line number="72" hits="584" branch="False" />
              </lines>
            </method>
            <method name="GautiPagalId" signature="(System.String)" line-rate="0.9333" branch-rate="0.75" complexity="8">
              <lines>
                <line number="74" hits="1" branch="False" />
                <line number="75" hits="1" branch="True" condition-coverage="50% (1/2)">
                  <conditions>
                    <condition number="12" type="jump" coverage="50%" />
                  </conditions>
                </line>
                <line number="76" hits="1" branch="False" />
                <line number="77" hits="1" branch="False" />
                <line number="78" hits="1" branch="False" />
                <line number="79" hits="5" branch="True" condition-coverage="100% (2/2)">
                  <conditions>
                    <condition number="134" type="jump" coverage="100%" />
                  </conditions>
                </line>
                <line number="80" hits="1" branch="False" />
                <line number="81" hits="1" branch="True" condition-coverage="75% (3/4)">
                  <conditions>
                    <condition number="95" type="jump" coverage="50%" />
                    <condition number="113" type="jump" coverage="100%" />
                  </conditions>
                </line>
                <line number="82" hits="1" branch="False" />
                <line number="83" hits="1" branch="False" />
                <line number="84" hits="1" branch="False" />
                <line number="86" hits="1" branch="False" />
                <line number="87" hits="1" branch="False" />
                <line number="89" hits="0" branch="False" />
                <line number="90" hits="1" branch="False" />
              </lines>
            </method>
            <method name=".ctor" signature="()" line-rate="1" branch-rate="1" complexity="1">
              <lines>
                <line number="15" hits="11" branch="False" />
                <line number="17" hits="8" branch="False" />
                <line number="18" hits="8" branch="False" />
                <line number="19" hits="8" branch="False" />
                <line number="20" hits="8" branch="False" />
              </lines>
            </method>
            <method name=".ctor" signature="(System.String)" line-rate="1" branch-rate="1" complexity="1">
              <lines>
                <line number="21" hits="3" branch="False" />
                <line number="22" hits="3" branch="False" />
                <line number="23" hits="3" branch="False" />
                <line number="24" hits="3" branch="False" />
              </lines>
            </method>
          </methods>
          <lines>
            <line number="26" hits="8" branch="False" />
            <line number="27" hits="8" branch="False" />
            <line number="28" hits="8" branch="False" />
            <line number="29" hits="1156" branch="True" condition-coverage="100% (2/2)">
              <conditions>
                <condition number="86" type="jump" coverage="100%" />
              </conditions>
            </line>
            <line number="30" hits="566" branch="False" />
            <line number="31" hits="566" branch="True" condition-coverage="100% (2/2)">
              <conditions>
                <condition number="56" type="jump" coverage="100%" />
              </conditions>
            </line>
            <line number="32" hits="566" branch="False" />
            <line number="33" hits="566" branch="False" />
            <line number="34" hits="566" branch="False" />
            <line number="35" hits="566" branch="False" />
            <line number="37" hits="8" branch="False" />
            <line number="38" hits="8" branch="False" />
            <line number="40" hits="2" branch="False" />
            <line number="41" hits="2" branch="False" />
            <line number="43" hits="2" branch="False" />
            <line number="44" hits="2" branch="False" />
            <line number="46" hits="1" branch="False" />
            <line number="47" hits="1" branch="False" />
            <line number="49" hits="1" branch="False" />
            <line number="50" hits="1" branch="False" />
            <line number="53" hits="2" branch="False" />
            <line number="54" hits="2" branch="False" />
            <line number="55" hits="2" branch="False" />
            <line number="57" hits="584" branch="False" />
            <line number="58" hits="584" branch="True" condition-coverage="50% (1/2)">
              <conditions>
                <condition number="12" type="jump" coverage="50%" />
              </conditions>
            </line>
            <line number="59" hits="584" branch="False" />
            <line number="60" hits="584" branch="False" />
            <line number="61" hits="584" branch="False" />
            <line number="62" hits="2864" branch="True" condition-coverage="100% (2/2)">
              <conditions>
                <condition number="136" type="jump" coverage="100%" />
              </conditions>
            </line>
            <line number="63" hits="556" branch="False" />
            <line number="64" hits="556" branch="True" condition-coverage="75% (3/4)">
              <conditions>
                <condition number="95" type="jump" coverage="50%" />
                <condition number="115" type="jump" coverage="100%" />
              </conditions>
            </line>
            <line number="65" hits="556" branch="False" />
            <line number="66" hits="556" branch="False" />
            <line number="67" hits="556" branch="False" />
            <line number="68" hits="556" branch="False" />
            <line number="69" hits="584" branch="False" />
            <line number="71" hits="0" branch="False" />
            <line number="72" hits="584" branch="False" />
            <line number="74" hits="1" branch="False" />
            <line number="75" hits="1" branch="True" condition-coverage="50% (1/2)">
              <conditions>
                <condition number="12" type="jump" coverage="50%" />
              </conditions>
            </line>
            <line number="76" hits="1" branch="False" />
            <line number="77" hits="1" branch="False" />
            <line number="78" hits="1" branch="False" />
            <line number="79" hits="5" branch="True" condition-coverage="100% (2/2)">
              <conditions>
                <condition number="134" type="jump" coverage="100%" />
              </conditions>
            </line>
            <line number="80" hits="1" branch="False" />
            <line number="81" hits="1" branch="True" condition-coverage="75% (3/4)">
              <conditions>
                <condition number="95" type="jump" coverage="50%" />
                <condition number="113" type="jump" coverage="100%" />
              </conditions>
            </line>
            <line number="82" hits="1" branch="False" />
            <line number="83" hits="1" branch="False" />
            <line number="84" hits="1" branch="False" />
            <line number="86" hits="1" branch="False" />
            <line number="87" hits="1" branch="False" />
            <line number="89" hits="0" branch="False" />
            <line number="90" hits="1" branch="False" />
            <line number="15" hits="11" branch="False" />
            <line number="17" hits="8" branch="False" />
            <line number="18" hits="8" branch="False" />
            <line number="19" hits="8" branch="False" />
            <line number="20" hits="8" branch="False" />
            <line number="21" hits="3" branch="False" />
            <line number="22" hits="3" branch="False" />
            <line number="23" hits="3" branch="False" />
            <line number="24" hits="3" branch="False" />
          </lines>
        </class>
        <class name="DALs.VartotojasDAL" filename="source\repos\NasdaqBaltic\NasdaqBaltic\NasdaqBalticServices\Dals\VartotojasDAL.cs" line-rate="0.8636" branch-rate="0.8332999999999999" complexity="16">
          <methods>
            <method name="GautiVisus" signature="()" line-rate="1" branch-rate="1" complexity="4">
              <lines>
                <line number="24" hits="4" branch="False" />
                <line number="25" hits="4" branch="False" />
                <line number="26" hits="4" branch="False" />
                <line number="28" hits="196" branch="True" condition-coverage="100% (2/2)">
                  <conditions>
                    <condition number="86" type="jump" coverage="100%" />
                  </conditions>
                </line>
                <line number="29" hits="92" branch="False" />
                <line number="30" hits="92" branch="True" condition-coverage="100% (2/2)">
                  <conditions>
                    <condition number="56" type="jump" coverage="100%" />
                  </conditions>
                </line>
                <line number="31" hits="92" branch="False" />
                <line number="32" hits="92" branch="False" />
                <line number="34" hits="92" branch="False" />
                <line number="36" hits="92" branch="False" />
                <line number="38" hits="4" branch="False" />
                <line number="39" hits="4" branch="False" />
              </lines>
            </method>
            <method name="GautiPagalId" signature="(System.String)" line-rate="0.9333" branch-rate="0.75" complexity="8">
              <lines>
                <line number="41" hits="3" branch="False" />
                <line number="42" hits="3" branch="True" condition-coverage="50% (1/2)">
                  <conditions>
                    <condition number="12" type="jump" coverage="50%" />
                  </conditions>
                </line>
                <line number="43" hits="3" branch="False" />
                <line number="44" hits="3" branch="False" />
                <line number="45" hits="3" branch="False" />
                <line number="46" hits="15" branch="True" condition-coverage="100% (2/2)">
                  <conditions>
                    <condition number="134" type="jump" coverage="100%" />
                  </conditions>
                </line>
                <line number="47" hits="3" branch="False" />
                <line number="48" hits="3" branch="True" condition-coverage="75% (3/4)">
                  <conditions>
                    <condition number="95" type="jump" coverage="50%" />
                    <condition number="113" type="jump" coverage="100%" />
                  </conditions>
                </line>
                <line number="49" hits="3" branch="False" />
                <line number="50" hits="3" branch="False" />
                <line number="51" hits="3" branch="False" />
                <line number="53" hits="3" branch="False" />
                <line number="54" hits="3" branch="False" />
                <line number="56" hits="0" branch="False" />
                <line number="57" hits="3" branch="False" />
              </lines>
            </method>
            <method name="Atnaujinti" signature="(Models.Vartotojas)" line-rate="1" branch-rate="1" complexity="1">
              <lines>
                <line number="60" hits="1" branch="False" />
                <line number="61" hits="1" branch="False" />
                <line number="63" hits="1" branch="False" />
                <line number="64" hits="1" branch="False" />
              </lines>
            </method>
            <method name="AtnaujintiBalansa" signature="(Models.Vartotojas)" line-rate="1" branch-rate="1" complexity="1">
              <lines>
                <line number="66" hits="1" branch="False" />
                <line number="67" hits="1" branch="False" />
                <line number="69" hits="1" branch="False" />
                <line number="70" hits="1" branch="False" />
              </lines>
            </method>
            <method name=".ctor" signature="()" line-rate="0" branch-rate="1" complexity="1">
              <lines>
                <line number="13" hits="0" branch="False" />
                <line number="15" hits="0" branch="False" />
                <line number="16" hits="0" branch="False" />
                <line number="17" hits="0" branch="False" />
                <line number="18" hits="0" branch="False" />
              </lines>
            </method>
            <method name=".ctor" signature="(System.String)" line-rate="1" branch-rate="1" complexity="1">
              <lines>
                <line number="19" hits="1" branch="False" />
                <line number="20" hits="1" branch="False" />
                <line number="21" hits="1" branch="False" />
                <line number="22" hits="1" branch="False" />
              </lines>
            </method>
          </methods>
          <lines>
            <line number="24" hits="4" branch="False" />
            <line number="25" hits="4" branch="False" />
            <line number="26" hits="4" branch="False" />
            <line number="28" hits="196" branch="True" condition-coverage="100% (2/2)">
              <conditions>
                <condition number="86" type="jump" coverage="100%" />
              </conditions>
            </line>
            <line number="29" hits="92" branch="False" />
            <line number="30" hits="92" branch="True" condition-coverage="100% (2/2)">
              <conditions>
                <condition number="56" type="jump" coverage="100%" />
              </conditions>
            </line>
            <line number="31" hits="92" branch="False" />
            <line number="32" hits="92" branch="False" />
            <line number="34" hits="92" branch="False" />
            <line number="36" hits="92" branch="False" />
            <line number="38" hits="4" branch="False" />
            <line number="39" hits="4" branch="False" />
            <line number="41" hits="3" branch="False" />
            <line number="42" hits="3" branch="True" condition-coverage="50% (1/2)">
              <conditions>
                <condition number="12" type="jump" coverage="50%" />
              </conditions>
            </line>
            <line number="43" hits="3" branch="False" />
            <line number="44" hits="3" branch="False" />
            <line number="45" hits="3" branch="False" />
            <line number="46" hits="15" branch="True" condition-coverage="100% (2/2)">
              <conditions>
                <condition number="134" type="jump" coverage="100%" />
              </conditions>
            </line>
            <line number="47" hits="3" branch="False" />
            <line number="48" hits="3" branch="True" condition-coverage="75% (3/4)">
              <conditions>
                <condition number="95" type="jump" coverage="50%" />
                <condition number="113" type="jump" coverage="100%" />
              </conditions>
            </line>
            <line number="49" hits="3" branch="False" />
            <line number="50" hits="3" branch="False" />
            <line number="51" hits="3" branch="False" />
            <line number="53" hits="3" branch="False" />
            <line number="54" hits="3" branch="False" />
            <line number="56" hits="0" branch="False" />
            <line number="57" hits="3" branch="False" />
            <line number="60" hits="1" branch="False" />
            <line number="61" hits="1" branch="False" />
            <line number="63" hits="1" branch="False" />
            <line number="64" hits="1" branch="False" />
            <line number="66" hits="1" branch="False" />
            <line number="67" hits="1" branch="False" />
            <line number="69" hits="1" branch="False" />
            <line number="70" hits="1" branch="False" />
            <line number="13" hits="0" branch="False" />
            <line number="15" hits="0" branch="False" />
            <line number="16" hits="0" branch="False" />
            <line number="17" hits="0" branch="False" />
            <line number="18" hits="0" branch="False" />
            <line number="19" hits="1" branch="False" />
            <line number="20" hits="1" branch="False" />
            <line number="21" hits="1" branch="False" />
            <line number="22" hits="1" branch="False" />
          </lines>
        </class>
        <class name="DALs.VartotojoAkcijaDAL" filename="source\repos\NasdaqBaltic\NasdaqBaltic\NasdaqBalticServices\Dals\VartotojoAkcijaDAL.cs" line-rate="0.8924" branch-rate="0.9062" complexity="35">
          <methods>
            <method name="Dispose" signature="()" line-rate="0" branch-rate="1" complexity="1">
              <lines>
                <line number="15" hits="0" branch="False" />
                <line number="17" hits="0" branch="False" />
              </lines>
            </method>
            <method name="Ivesti" signature="(Models.VartotojoAkcija)" line-rate="0.8887999999999999" branch-rate="0.5" complexity="2">
              <lines>
                <line number="27" hits="1" branch="False" />
                <line number="28" hits="1" branch="False" />
                <line number="29" hits="1" branch="False" />
                <line number="30" hits="1" branch="False" />
                <line number="31" hits="1" branch="True" condition-coverage="50% (1/2)">
                  <conditions>
                    <condition number="145" type="jump" coverage="50%" />
                  </conditions>
                </line>
                <line number="32" hits="1" branch="False" />
                <line number="34" hits="0" branch="False" />
                <line number="36" hits="1" branch="False" />
                <line number="37" hits="1" branch="False" />
              </lines>
            </method>
            <method name="GautiVisus" signature="()" line-rate="1" branch-rate="1" complexity="6">
              <lines>
                <line number="40" hits="4" branch="False" />
                <line number="41" hits="4" branch="False" />
                <line number="42" hits="4" branch="False" />
                <line number="44" hits="8" branch="True" condition-coverage="100% (2/2)">
                  <conditions>
                    <condition number="30" type="jump" coverage="100%" />
                  </conditions>
                </line>
                <line number="45" hits="284" branch="True" condition-coverage="100% (2/2)">
                  <conditions>
                    <condition number="135" type="jump" coverage="100%" />
                  </conditions>
                </line>
                <line number="46" hits="136" branch="False" />
                <line number="47" hits="136" branch="True" condition-coverage="100% (2/2)">
                  <conditions>
                    <condition number="67" type="jump" coverage="100%" />
                  </conditions>
                </line>
                <line number="48" hits="136" branch="False" />
                <line number="49" hits="136" branch="False" />
                <line number="50" hits="136" branch="False" />
                <line number="51" hits="136" branch="False" />
                <line number="53" hits="136" branch="False" />
                <line number="54" hits="4" branch="False" />
                <line number="56" hits="4" branch="False" />
                <line number="57" hits="4" branch="False" />
              </lines>
            </method>
            <method name="GautiVartotojoAkcijas" signature="(System.Int32)" line-rate="1" branch-rate="0.9166" complexity="12">
              <lines>
                <line number="60" hits="3" branch="False" />
                <line number="61" hits="3" branch="False" />
                <line number="62" hits="3" branch="True" condition-coverage="100% (2/2)">
                  <conditions>
                    <condition number="13" type="jump" coverage="100%" />
                  </conditions>
                </line>
                <line number="63" hits="3" branch="False" />
                <line number="64" hits="3" branch="False" />
                <line number="65" hits="3" branch="False" />
                <line number="66" hits="3" branch="True" condition-coverage="75% (3/4)">
                  <conditions>
                    <condition number="75" type="jump" coverage="50%" />
                    <condition number="93" type="jump" coverage="100%" />
                  </conditions>
                </line>
                <line number="67" hits="155" branch="True" condition-coverage="100% (2/2)">
                  <conditions>
                    <condition number="194" type="jump" coverage="100%" />
                  </conditions>
                </line>
                <line number="68" hits="73" branch="False" />
                <line number="70" hits="73" branch="True" condition-coverage="100% (2/2)">
                  <conditions>
                    <condition number="130" type="jump" coverage="100%" />
                  </conditions>
                </line>
                <line number="71" hits="73" branch="False" />
                <line number="72" hits="73" branch="False" />
                <line number="73" hits="73" branch="False" />
                <line number="74" hits="73" branch="True" condition-coverage="100% (2/2)">
                  <conditions>
                    <condition number="160" type="jump" coverage="100%" />
                  </conditions>
                </line>
                <line number="75" hits="73" branch="False" />
                <line number="76" hits="73" branch="False" />
                <line number="77" hits="73" branch="False" />
                <line number="78" hits="73" branch="False" />
                <line number="79" hits="73" branch="False" />
                <line number="80" hits="73" branch="False" />
                <line number="81" hits="3" branch="False" />
                <line number="82" hits="3" branch="False" />
                <line number="83" hits="3" branch="False" />
              </lines>
            </method>
            <method name="NustatytiAkcijosObjektiniusKintamiuosius" signature="(Models.VartotojoAkcija,System.Collections.Generic.List`1&lt;System.Tuple`2&lt;System.String,System.String&gt;&gt;)" line-rate="1" branch-rate="1" complexity="10">
              <lines>
                <line number="85" hits="209" branch="False" />
                <line number="86" hits="209" branch="False" />
                <line number="88" hits="209" branch="True" condition-coverage="100% (2/2)">
                  <conditions>
                    <condition number="9" type="jump" coverage="100%" />
                  </conditions>
                </line>
                <line number="89" hits="209" branch="False" />
                <line number="90" hits="209" branch="False" />
                <line number="91" hits="209" branch="False" />
                <line number="92" hits="209" branch="True" condition-coverage="100% (2/2)">
                  <conditions>
                    <condition number="81" type="jump" coverage="100%" />
                  </conditions>
                </line>
                <line number="93" hits="209" branch="False" />
                <line number="94" hits="627" branch="False" />
                <line number="95" hits="209" branch="True" condition-coverage="100% (2/2)">
                  <conditions>
                    <condition number="113" type="jump" coverage="100%" />
                  </conditions>
                </line>
                <line number="96" hits="209" branch="False" />
                <line number="97" hits="209" branch="False" />
                <line number="98" hits="209" branch="False" />
                <line number="99" hits="209" branch="False" />
                <line number="100" hits="209" branch="True" condition-coverage="100% (2/2)">
                  <conditions>
                    <condition number="155" type="jump" coverage="100%" />
                  </conditions>
                </line>
                <line number="101" hits="209" branch="False" />
                <line number="102" hits="836" branch="False" />
                <line number="103" hits="209" branch="True" condition-coverage="100% (2/2)">
                  <conditions>
                    <condition number="187" type="jump" coverage="100%" />
                  </conditions>
                </line>
                <line number="104" hits="209" branch="False" />
                <line number="105" hits="209" branch="False" />
                <line number="106" hits="209" branch="False" />
                <line number="107" hits="209" branch="False" />
                <line number="108" hits="209" branch="False" />
                <line number="110" hits="209" branch="False" />
                <line number="111" hits="209" branch="False" />
              </lines>
            </method>
            <method name="Atnaujinti" signature="(Models.VartotojoAkcija)" line-rate="0.8887999999999999" branch-rate="0.5" complexity="2">
              <lines>
                <line number="114" hits="1" branch="False" />
                <line number="115" hits="1" branch="False" />
                <line number="116" hits="1" branch="False" />
                <line number="117" hits="1" branch="False" />
                <line number="118" hits="1" branch="True" condition-coverage="50% (1/2)">
                  <conditions>
                    <condition number="133" type="jump" coverage="50%" />
                  </conditions>
                </line>
                <line number="119" hits="1" branch="False" />
                <line number="121" hits="0" branch="False" />
                <line number="123" hits="1" branch="False" />
                <line number="124" hits="1" branch="False" />
              </lines>
            </method>
            <method name=".ctor" signature="()" line-rate="0" branch-rate="1" complexity="1">
              <lines>
                <line number="11" hits="0" branch="False" />
                <line number="12" hits="0" branch="False" />
                <line number="18" hits="0" branch="False" />
                <line number="19" hits="0" branch="False" />
                <line number="20" hits="0" branch="False" />
                <line number="21" hits="0" branch="False" />
              </lines>
            </method>
            <method name=".ctor" signature="(System.String)" line-rate="1" branch-rate="1" complexity="1">
              <lines>
                <line number="22" hits="1" branch="False" />
                <line number="23" hits="1" branch="False" />
                <line number="24" hits="1" branch="False" />
                <line number="25" hits="1" branch="False" />
              </lines>
            </method>
          </methods>
          <lines>
            <line number="15" hits="0" branch="False" />
            <line number="17" hits="0" branch="False" />
[...]
            <method name="ListToVartotojoAkcija" signature="(System.Collections.Generic.List`1&lt;System.Tuple`2&lt;System.String,System.String&gt;&gt;)" line-rate="1" branch-rate="1" complexity="1">
              <lines>
                <line number="38" hits="209" branch="False" />
                <line number="39" hits="209" branch="False" />
                <line number="40" hits="209" branch="False" />
                <line number="41" hits="209" branch="False" />
              </lines>
            </method>
            <method name="GetMapping" signature="()" line-rate="1" branch-rate="1" complexity="1">
              <lines>
                <line number="44" hits="836" branch="False" />
                <line number="45" hits="836" branch="False" />
                <line number="46" hits="836" branch="False" />
                <line number="47" hits="836" branch="False" />
                <line number="48" hits="836" branch="False" />
                <line number="49" hits="836" branch="False" />
                <line number="50" hits="836" branch="False" />
                <line number="51" hits="836" branch="False" />
                <line number="52" hits="836" branch="False" />
                <line number="53" hits="836" branch="False" />
                <line number="54" hits="836" branch="False" />
                <line number="55" hits="836" branch="False" />
                <line number="56" hits="836" branch="False" />
                <line number="58" hits="836" branch="False" />
                <line number="59" hits="836" branch="False" />
              </lines>
            </method>
            <method name="Equals" signature="(System.Object)" line-rate="0" branch-rate="0" complexity="54">
              <lines>
                <line number="61" hits="0" branch="False" />
                <line number="62" hits="0" branch="True" condition-coverage="0% (0/2)">
                  <conditions>
                    <condition number="15" type="jump" coverage="0%" />
                  </conditions>
                </line>
                <line number="64" hits="0" branch="False" />
                <line number="66" hits="0" branch="True" condition-coverage="0% (0/2)">
                  <conditions>
                    <condition number="51" type="jump" coverage="0%" />
                  </conditions>
                </line>
                <line number="67" hits="0" branch="False" />
                <line number="69" hits="0" branch="True" condition-coverage="0% (0/4)">
                  <conditions>
                    <condition number="66" type="jump" coverage="0%" />
                    <condition number="84" type="jump" coverage="0%" />
                  </conditions>
                </line>
                <line number="70" hits="0" branch="False" />
                <line number="71" hits="0" branch="True" condition-coverage="0% (0/8)">
                  <conditions>
                    <condition number="93" type="jump" coverage="0%" />
                    <condition number="101" type="jump" coverage="0%" />
                    <condition number="109" type="jump" coverage="0%" />
                    <condition number="130" type="jump" coverage="0%" />
                  </conditions>
                </line>
                <line number="72" hits="0" branch="False" />
                <line number="74" hits="0" branch="False" />
                <line number="75" hits="0" branch="True" condition-coverage="0% (0/2)">
                  <conditions>
                    <condition number="164" type="jump" coverage="0%" />
                  </conditions>
                </line>
                <line number="76" hits="0" branch="False" />
                <line number="77" hits="0" branch="False" />
                <line number="78" hits="0" branch="False" />
                <line number="79" hits="0" branch="True" condition-coverage="0% (0/4)">
                  <conditions>
                    <condition number="181" type="jump" coverage="0%" />
                    <condition number="199" type="jump" coverage="0%" />
                  </conditions>
                </line>
                <line number="80" hits="0" branch="False" />
                <line number="81" hits="0" branch="True" condition-coverage="0% (0/8)">
                  <conditions>
                    <condition number="208" type="jump" coverage="0%" />
                    <condition number="216" type="jump" coverage="0%" />
                    <condition number="224" type="jump" coverage="0%" />
                    <condition number="245" type="jump" coverage="0%" />
                  </conditions>
                </line>
                <line number="82" hits="0" branch="False" />
                <line number="84" hits="0" branch="False" />
                <line number="85" hits="0" branch="True" condition-coverage="0% (0/2)">
                  <conditions>
                    <condition number="279" type="jump" coverage="0%" />
                  </conditions>
                </line>
                <line number="86" hits="0" branch="False" />
                <line number="87" hits="0" branch="False" />
                <line number="88" hits="0" branch="False" />
                <line number="89" hits="0" branch="True" condition-coverage="0% (0/2)">
                  <conditions>
                    <condition number="304" type="jump" coverage="0%" />
                  </conditions>
                </line>
                <line number="90" hits="0" branch="False" />
                <line number="91" hits="0" branch="True" condition-coverage="0% (0/2)">
                  <conditions>
                    <condition number="337" type="jump" coverage="0%" />
                  </conditions>
                </line>
                <line number="92" hits="0" branch="False" />
                <line number="94" hits="0" branch="False" />
                <line number="95" hits="0" branch="True" condition-coverage="0% (0/2)">
                  <conditions>
                    <condition number="375" type="jump" coverage="0%" />
                  </conditions>
                </line>
                <line number="96" hits="0" branch="False" />
                <line number="97" hits="0" branch="False" />
                <line number="98" hits="0" branch="False" />
                <line number="99" hits="0" branch="True" condition-coverage="0% (0/2)">
                  <conditions>
                    <condition number="400" type="jump" coverage="0%" />
                  </conditions>
                </line>
                <line number="100" hits="0" branch="False" />
                <line number="101" hits="0" branch="True" condition-coverage="0% (0/2)">
                  <conditions>
                    <condition number="433" type="jump" coverage="0%" />
                  </conditions>
                </line>
                <line number="102" hits="0" branch="False" />
                <line number="104" hits="0" branch="False" />
                <line number="105" hits="0" branch="True" condition-coverage="0% (0/2)">
                  <conditions>
                    <condition number="471" type="jump" coverage="0%" />
                  </conditions>
                </line>
                <line number="106" hits="0" branch="False" />
                <line number="107" hits="0" branch="False" />
                <line number="108" hits="0" branch="False" />
                <line number="109" hits="0" branch="True" condition-coverage="0% (0/2)">
                  <conditions>
                    <condition number="503" type="jump" coverage="0%" />
                  </conditions>
                </line>
                <line number="110" hits="0" branch="False" />
                <line number="112" hits="0" branch="True" condition-coverage="0% (0/2)">
                  <conditions>
                    <condition number="530" type="jump" coverage="0%" />
                  </conditions>
                </line>
                <line number="113" hits="0" branch="False" />
                <line number="115" hits="0" branch="True" condition-coverage="0% (0/2)">
                  <conditions>
                    <condition number="557" type="jump" coverage="0%" />
                  </conditions>
                </line>
                <line number="116" hits="0" branch="False" />
                <line number="118" hits="0" branch="True" condition-coverage="0% (0/2)">
                  <conditions>
                    <condition number="584" type="jump" coverage="0%" />
                  </conditions>
                </line>
                <line number="119" hits="0" branch="False" />
                <line number="121" hits="0" branch="True" condition-coverage="0% (0/2)">
                  <conditions>
                    <condition number="614" type="jump" coverage="0%" />
                  </conditions>
                </line>
                <line number="122" hits="0" branch="False" />
                <line number="123" hits="0" branch="False" />
                <line number="125" hits="0" branch="False" />
              </lines>
            </method>
            <method name="GetHashCode" signature="()" line-rate="0" branch-rate="1" complexity="1">
              <lines>
                <line number="128" hits="0" branch="False" />
                <line number="129" hits="0" branch="False" />
                <line number="130" hits="0" branch="False" />
              </lines>
            </method>
            <method name=".ctor" signature="()" line-rate="1" branch-rate="1" complexity="1">
              <lines>
                <line number="22" hits="836" branch="False" />
                <line number="23" hits="836" branch="False" />
                <line number="24" hits="836" branch="False" />
                <line number="25" hits="836" branch="False" />
              </lines>
            </method>
            <method name=".ctor" signature="(System.Int32)" line-rate="0" branch-rate="1" complexity="1">
              <lines>
                <line number="26" hits="0" branch="False" />
                <line number="27" hits="0" branch="False" />
                <line number="28" hits="0" branch="False" />
                <line number="29" hits="0" branch="False" />
                <line number="30" hits="0" branch="False" />
              </lines>
            </method>
          </methods>
          <lines>
            <line number="9" hits="214" branch="False" />
            <line number="10" hits="211" branch="False" />
            <line number="11" hits="218" branch="False" />
            <line number="12" hits="211" branch="False" />
            <line number="13" hits="217" branch="False" />
            <line number="14" hits="190" branch="False" />
            <line number="15" hits="219" branch="False" />
            <line number="16" hits="210" branch="False" />
            <line number="17" hits="0" branch="False" />
            <line number="18" hits="110" branch="False" />
            <line number="33" hits="2" branch="False" />
            <line number="34" hits="2" branch="False" />
            <line number="35" hits="2" branch="False" />
            <line number="38" hits="209" branch="False" />
            <line number="39" hits="209" branch="False" />
            <line number="40" hits="209" branch="False" />
            <line number="41" hits="209" branch="False" />
            <line number="44" hits="836" branch="False" />
            <line number="45" hits="836" branch="False" />
            <line number="46" hits="836" branch="False" />
            <line number="47" hits="836" branch="False" />
            <line number="48" hits="836" branch="False" />
            <line number="49" hits="836" branch="False" />
            <line number="50" hits="836" branch="False" />
            <line number="51" hits="836" branch="False" />
            <line number="52" hits="836" branch="False" />
            <line number="53" hits="836" branch="False" />
            <line number="54" hits="836" branch="False" />
            <line number="55" hits="836" branch="False" />
            <line number="56" hits="836" branch="False" />
            <line number="58" hits="836" branch="False" />
            <line number="59" hits="836" branch="False" />
            <line number="61" hits="0" branch="False" />
            <line number="62" hits="0" branch="True" condition-coverage="0% (0/2)">
              <conditions>
                <condition number="15" type="jump" coverage="0%" />
              </conditions>
            </line>
            <line number="64" hits="0" branch="False" />
            <line number="66" hits="0" branch="True" condition-coverage="0% (0/2)">
              <conditions>
                <condition number="51" type="jump" coverage="0%" />
              </conditions>
            </line>
            <line number="67" hits="0" branch="False" />
            <line number="69" hits="0" branch="True" condition-coverage="0% (0/4)">
              <conditions>
                <condition number="66" type="jump" coverage="0%" />
                <condition number="84" type="jump" coverage="0%" />
              </conditions>
            </line>
            <line number="70" hits="0" branch="False" />
            <line number="71" hits="0" branch="True" condition-coverage="0% (0/8)">
              <conditions>
                <condition number="93" type="jump" coverage="0%" />
                <condition number="101" type="jump" coverage="0%" />
                <condition number="109" type="jump" coverage="0%" />
                <condition number="130" type="jump" coverage="0%" />
              </conditions>
            </line>
            <line number="72" hits="0" branch="False" />
            <line number="74" hits="0" branch="False" />
            <line number="75" hits="0" branch="True" condition-coverage="0% (0/2)">
              <conditions>
                <condition number="164" type="jump" coverage="0%" />
              </conditions>
            </line>
            <line number="76" hits="0" branch="False" />
            <line number="77" hits="0" branch="False" />
            <line number="78" hits="0" branch="False" />
            <line number="79" hits="0" branch="True" condition-coverage="0% (0/4)">
              <conditions>
                <condition number="181" type="jump" coverage="0%" />
                <condition number="199" type="jump" coverage="0%" />
              </conditions>
            </line>
            <line number="80" hits="0" branch="False" />
            <line number="81" hits="0" branch="True" condition-coverage="0% (0/8)">
              <conditions>
                <condition number="208" type="jump" coverage="0%" />
                <condition number="216" type="jump" coverage="0%" />
                <condition number="224" type="jump" coverage="0%" />
                <condition number="245" type="jump" coverage="0%" />
              </conditions>
            </line>
            <line number="82" hits="0" branch="False" />
            <line number="84" hits="0" branch="False" />
            <line number="85" hits="0" branch="True" condition-coverage="0% (0/2)">
              <conditions>
                <condition number="279" type="jump" coverage="0%" />
              </conditions>
            </line>
            <line number="86" hits="0" branch="False" />
            <line number="87" hits="0" branch="False" />
            <line number="88" hits="0" branch="False" />
            <line number="89" hits="0" branch="True" condition-coverage="0% (0/2)">
              <conditions>
                <condition number="304" type="jump" coverage="0%" />
              </conditions>
            </line>
            <line number="90" hits="0" branch="False" />
            <line number="91" hits="0" branch="True" condition-coverage="0% (0/2)">
              <conditions>
                <condition number="337" type="jump" coverage="0%" />
              </conditions>
            </line>
            <line number="92" hits="0" branch="False" />
            <line number="94" hits="0" branch="False" />
            <line number="95" hits="0" branch="True" condition-coverage="0% (0/2)">
              <conditions>
                <condition number="375" type="jump" coverage="0%" />
              </conditions>
            </line>
            <line number="96" hits="0" branch="False" />
            <line number="97" hits="0" branch="False" />
            <line number="98" hits="0" branch="False" />
            <line number="99" hits="0" branch="True" condition-coverage="0% (0/2)">
              <conditions>
                <condition number="400" type="jump" coverage="0%" />
              </conditions>
            </line>
            <line number="100" hits="0" branch="False" />
            <line number="101" hits="0" branch="True" condition-coverage="0% (0/2)">
              <conditions>
                <condition number="433" type="jump" coverage="0%" />
              </conditions>
            </line>
            <line number="102" hits="0" branch="False" />
            <line number="104" hits="0" branch="False" />
            <line number="105" hits="0" branch="True" condition-coverage="0% (0/2)">
              <conditions>
                <condition number="471" type="jump" coverage="0%" />
              </conditions>
            </line>
            <line number="106" hits="0" branch="False" />
            <line number="107" hits="0" branch="False" />
            <line number="108" hits="0" branch="False" />
            <line number="109" hits="0" branch="True" condition-coverage="0% (0/2)">
              <conditions>
                <condition number="503" type="jump" coverage="0%" />
              </conditions>
            </line>
            <line number="110" hits="0" branch="False" />
            <line number="112" hits="0" branch="True" condition-coverage="0% (0/2)">
              <conditions>
                <condition number="530" type="jump" coverage="0%" />
              </conditions>
            </line>
            <line number="113" hits="0" branch="False" />
            <line number="115" hits="0" branch="True" condition-coverage="0% (0/2)">
              <conditions>
                <condition number="557" type="jump" coverage="0%" />
              </conditions>
            </line>
            <line number="116" hits="0" branch="False" />
            <line number="118" hits="0" branch="True" condition-coverage="0% (0/2)">
              <conditions>
                <condition number="584" type="jump" coverage="0%" />
              </conditions>
            </line>
            <line number="119" hits="0" branch="False" />
            <line number="121" hits="0" branch="True" condition-coverage="0% (0/2)">
              <conditions>
                <condition number="614" type="jump" coverage="0%" />
              </conditions>
            </line>
            <line number="122" hits="0" branch="False" />
            <line number="123" hits="0" branch="False" />
            <line number="125" hits="0" branch="False" />
            <line number="128" hits="0" branch="False" />
            <line number="129" hits="0" branch="False" />
            <line number="130" hits="0" branch="False" />
            <line number="22" hits="836" branch="False" />
            <line number="23" hits="836" branch="False" />
            <line number="24" hits="836" branch="False" />
            <line number="25" hits="836" branch="False" />
            <line number="26" hits="0" branch="False" />
            <line number="27" hits="0" branch="False" />
            <line number="28" hits="0" branch="False" />
            <line number="29" hits="0" branch="False" />
            <line number="30" hits="0" branch="False" />
          </lines>
        </class>
      </classes>
    </package>
  </packages>
</coverage>